<?xml version="1.0" encoding="UTF-8"?>
<testsuites name="VeraBot2.0 Test Suite" tests="1097" failures="0" errors="0" time="17.167">
  <testsuite name="Phase 8D: Error Scenarios &amp; Edge Cases" errors="0" failures="0" skipped="0" timestamp="2026-01-13T07:53:56" time="11.772" tests="63">
    <testcase classname="Phase 8D: Error Scenarios &amp; Edge Cases › Command Error Handling › Missing and invalid arguments" name="should handle missing required argument" time="0.01">
    </testcase>
    <testcase classname="Phase 8D: Error Scenarios &amp; Edge Cases › Command Error Handling › Missing and invalid arguments" name="should validate argument types" time="0.002">
    </testcase>
    <testcase classname="Phase 8D: Error Scenarios &amp; Edge Cases › Command Error Handling › Missing and invalid arguments" name="should handle null arguments" time="0.002">
    </testcase>
    <testcase classname="Phase 8D: Error Scenarios &amp; Edge Cases › Command Error Handling › Missing and invalid arguments" name="should validate string length bounds" time="0.002">
    </testcase>
    <testcase classname="Phase 8D: Error Scenarios &amp; Edge Cases › Command Error Handling › Missing and invalid arguments" name="should handle special characters in arguments" time="0.001">
    </testcase>
    <testcase classname="Phase 8D: Error Scenarios &amp; Edge Cases › Command Error Handling › Missing and invalid arguments" name="should validate numeric ranges" time="0.002">
    </testcase>
    <testcase classname="Phase 8D: Error Scenarios &amp; Edge Cases › Command Error Handling › Missing and invalid arguments" name="should handle empty collections" time="0.002">
    </testcase>
    <testcase classname="Phase 8D: Error Scenarios &amp; Edge Cases › Command Error Handling › Missing and invalid arguments" name="should validate permission levels" time="0.001">
    </testcase>
    <testcase classname="Phase 8D: Error Scenarios &amp; Edge Cases › Command Error Handling › Missing and invalid arguments" name="should check required user permissions" time="0.001">
    </testcase>
    <testcase classname="Phase 8D: Error Scenarios &amp; Edge Cases › Command Error Handling › Missing and invalid arguments" name="should validate Discord IDs format" time="0.003">
    </testcase>
    <testcase classname="Phase 8D: Error Scenarios &amp; Edge Cases › Service Integration Errors › Database errors" name="should handle database connection errors" time="0.002">
    </testcase>
    <testcase classname="Phase 8D: Error Scenarios &amp; Edge Cases › Service Integration Errors › Database errors" name="should handle query syntax errors" time="0.001">
    </testcase>
    <testcase classname="Phase 8D: Error Scenarios &amp; Edge Cases › Service Integration Errors › Database errors" name="should handle database timeouts" time="0.112">
    </testcase>
    <testcase classname="Phase 8D: Error Scenarios &amp; Edge Cases › Service Integration Errors › Database errors" name="should handle transaction rollbacks" time="0.001">
    </testcase>
    <testcase classname="Phase 8D: Error Scenarios &amp; Edge Cases › Service Integration Errors › Database errors" name="should handle constraint violations" time="0.001">
    </testcase>
    <testcase classname="Phase 8D: Error Scenarios &amp; Edge Cases › Service Integration Errors › Database errors" name="should handle race conditions in concurrent updates" time="0.001">
    </testcase>
    <testcase classname="Phase 8D: Error Scenarios &amp; Edge Cases › Service Integration Errors › Database errors" name="should handle connection pool exhaustion" time="0.001">
    </testcase>
    <testcase classname="Phase 8D: Error Scenarios &amp; Edge Cases › Service Integration Errors › Database errors" name="should handle missing database tables" time="0.001">
    </testcase>
    <testcase classname="Phase 8D: Error Scenarios &amp; Edge Cases › Service Integration Errors › Database errors" name="should handle data type mismatches" time="0.002">
    </testcase>
    <testcase classname="Phase 8D: Error Scenarios &amp; Edge Cases › Service Integration Errors › Cache and session errors" name="should handle cache misses gracefully" time="0.001">
    </testcase>
    <testcase classname="Phase 8D: Error Scenarios &amp; Edge Cases › Service Integration Errors › Cache and session errors" name="should handle session expiration" time="0.001">
    </testcase>
    <testcase classname="Phase 8D: Error Scenarios &amp; Edge Cases › Service Integration Errors › Cache and session errors" name="should handle invalid session tokens" time="0.001">
    </testcase>
    <testcase classname="Phase 8D: Error Scenarios &amp; Edge Cases › Service Integration Errors › Cache and session errors" name="should detect cache corruption" time="0.001">
    </testcase>
    <testcase classname="Phase 8D: Error Scenarios &amp; Edge Cases › Service Integration Errors › External service errors" name="should handle API timeout errors" time="0.001">
    </testcase>
    <testcase classname="Phase 8D: Error Scenarios &amp; Edge Cases › Service Integration Errors › External service errors" name="should handle API rate limiting" time="0.004">
    </testcase>
    <testcase classname="Phase 8D: Error Scenarios &amp; Edge Cases › Service Integration Errors › External service errors" name="should handle malformed API responses" time="0.001">
    </testcase>
    <testcase classname="Phase 8D: Error Scenarios &amp; Edge Cases › Data Validation Errors › Input injection attempts" name="should prevent SQL injection in text field" time="0.001">
    </testcase>
    <testcase classname="Phase 8D: Error Scenarios &amp; Edge Cases › Data Validation Errors › Input injection attempts" name="should prevent XSS in Discord embed text" time="0.001">
    </testcase>
    <testcase classname="Phase 8D: Error Scenarios &amp; Edge Cases › Data Validation Errors › Input injection attempts" name="should prevent command injection" time="0">
    </testcase>
    <testcase classname="Phase 8D: Error Scenarios &amp; Edge Cases › Data Validation Errors › Input injection attempts" name="should prevent Unicode normalization attacks" time="0">
    </testcase>
    <testcase classname="Phase 8D: Error Scenarios &amp; Edge Cases › Data Validation Errors › Boundary value violations" name="should reject rating below minimum" time="0.001">
    </testcase>
    <testcase classname="Phase 8D: Error Scenarios &amp; Edge Cases › Data Validation Errors › Boundary value violations" name="should reject rating above maximum" time="0">
    </testcase>
    <testcase classname="Phase 8D: Error Scenarios &amp; Edge Cases › Data Validation Errors › Boundary value violations" name="should reject negative numbers" time="0.001">
    </testcase>
    <testcase classname="Phase 8D: Error Scenarios &amp; Edge Cases › Data Validation Errors › Boundary value violations" name="should handle integer overflow" time="0.001">
    </testcase>
    <testcase classname="Phase 8D: Error Scenarios &amp; Edge Cases › Data Validation Errors › Boundary value violations" name="should reject page numbers out of range" time="0.001">
    </testcase>
    <testcase classname="Phase 8D: Error Scenarios &amp; Edge Cases › Data Validation Errors › Boundary value violations" name="should validate date ranges" time="0.001">
    </testcase>
    <testcase classname="Phase 8D: Error Scenarios &amp; Edge Cases › Data Validation Errors › Boundary value violations" name="should prevent division by zero" time="0.001">
    </testcase>
    <testcase classname="Phase 8D: Error Scenarios &amp; Edge Cases › Data Validation Errors › Constraint violations" name="should detect duplicate quotes" time="0">
    </testcase>
    <testcase classname="Phase 8D: Error Scenarios &amp; Edge Cases › Data Validation Errors › Constraint violations" name="should prevent invalid enum values" time="0">
    </testcase>
    <testcase classname="Phase 8D: Error Scenarios &amp; Edge Cases › Data Validation Errors › Constraint violations" name="should enforce foreign key constraints" time="0">
    </testcase>
    <testcase classname="Phase 8D: Error Scenarios &amp; Edge Cases › Data Validation Errors › Constraint violations" name="should prevent circular references" time="0.001">
    </testcase>
    <testcase classname="Phase 8D: Error Scenarios &amp; Edge Cases › Performance &amp; Stress Scenarios" name="should handle bulk quote operations (100+ items)" time="0.001">
    </testcase>
    <testcase classname="Phase 8D: Error Scenarios &amp; Edge Cases › Performance &amp; Stress Scenarios" name="should reject oversized bulk operations" time="0">
    </testcase>
    <testcase classname="Phase 8D: Error Scenarios &amp; Edge Cases › Performance &amp; Stress Scenarios" name="should handle pagination with large datasets" time="0.001">
    </testcase>
    <testcase classname="Phase 8D: Error Scenarios &amp; Edge Cases › Performance &amp; Stress Scenarios" name="should timeout long-running operations" time="10.838">
    </testcase>
    <testcase classname="Phase 8D: Error Scenarios &amp; Edge Cases › Performance &amp; Stress Scenarios" name="should handle concurrent request flooding" time="0.012">
    </testcase>
    <testcase classname="Phase 8D: Error Scenarios &amp; Edge Cases › Performance &amp; Stress Scenarios" name="should handle memory-intensive operations" time="0.001">
    </testcase>
    <testcase classname="Phase 8D: Error Scenarios &amp; Edge Cases › Performance &amp; Stress Scenarios" name="should detect infinite loops" time="0.101">
    </testcase>
    <testcase classname="Phase 8D: Error Scenarios &amp; Edge Cases › Performance &amp; Stress Scenarios" name="should handle deeply nested data structures" time="0.001">
    </testcase>
    <testcase classname="Phase 8D: Error Scenarios &amp; Edge Cases › Performance &amp; Stress Scenarios" name="should handle circular reference detection" time="0">
    </testcase>
    <testcase classname="Phase 8D: Error Scenarios &amp; Edge Cases › Performance &amp; Stress Scenarios" name="should handle resource cleanup on errors" time="0.001">
    </testcase>
    <testcase classname="Phase 8D: Error Scenarios &amp; Edge Cases › Performance &amp; Stress Scenarios" name="should handle out-of-memory gracefully" time="0.001">
    </testcase>
    <testcase classname="Phase 8D: Error Scenarios &amp; Edge Cases › Performance &amp; Stress Scenarios" name="should retry failed operations with backoff" time="0.3">
    </testcase>
    <testcase classname="Phase 8D: Error Scenarios &amp; Edge Cases › Performance &amp; Stress Scenarios" name="should handle graceful degradation under load" time="0.001">
    </testcase>
    <testcase classname="Phase 8D: Error Scenarios &amp; Edge Cases › Recovery &amp; Resilience" name="should recover from temporary failures" time="0.001">
    </testcase>
    <testcase classname="Phase 8D: Error Scenarios &amp; Edge Cases › Recovery &amp; Resilience" name="should maintain data integrity after crash" time="0">
    </testcase>
    <testcase classname="Phase 8D: Error Scenarios &amp; Edge Cases › Recovery &amp; Resilience" name="should handle partial transaction failures" time="0">
    </testcase>
    <testcase classname="Phase 8D: Error Scenarios &amp; Edge Cases › Recovery &amp; Resilience" name="should maintain consistency during failover" time="0.001">
    </testcase>
    <testcase classname="Phase 8D: Error Scenarios &amp; Edge Cases › Recovery &amp; Resilience" name="should log errors for debugging" time="0.001">
    </testcase>
    <testcase classname="Phase 8D: Error Scenarios &amp; Edge Cases › Recovery &amp; Resilience" name="should alert on critical errors" time="0.001">
    </testcase>
    <testcase classname="Phase 8D: Error Scenarios &amp; Edge Cases › Recovery &amp; Resilience" name="should provide error context for debugging" time="0">
    </testcase>
    <testcase classname="Phase 8D: Error Scenarios &amp; Edge Cases › Recovery &amp; Resilience" name="should gracefully shutdown on critical error" time="0.001">
    </testcase>
    <testcase classname="Phase 8D: Error Scenarios &amp; Edge Cases › Recovery &amp; Resilience" name="should validate integrity of recovered data" time="0.001">
    </testcase>
  </testsuite>
  <testsuite name="CacheManager" errors="0" failures="0" skipped="0" timestamp="2026-01-13T07:54:08" time="0.947" tests="71">
    <testcase classname="CacheManager › constructor()" name="should initialize with default options" time="0.002">
    </testcase>
    <testcase classname="CacheManager › constructor()" name="should initialize with custom options" time="0.001">
    </testcase>
    <testcase classname="CacheManager › constructor()" name="should initialize with empty cache" time="0.001">
    </testcase>
    <testcase classname="CacheManager › constructor()" name="should initialize statistics to zero" time="0.001">
    </testcase>
    <testcase classname="CacheManager › set() and get()" name="should store and retrieve value" time="0.002">
    </testcase>
    <testcase classname="CacheManager › set() and get()" name="should store and retrieve object value" time="0.001">
    </testcase>
    <testcase classname="CacheManager › set() and get()" name="should store and retrieve array value" time="0.002">
    </testcase>
    <testcase classname="CacheManager › set() and get()" name="should store and retrieve null value" time="0.001">
    </testcase>
    <testcase classname="CacheManager › set() and get()" name="should store and retrieve undefined value" time="0.004">
    </testcase>
    <testcase classname="CacheManager › set() and get()" name="should return undefined for non-existent key" time="0">
    </testcase>
    <testcase classname="CacheManager › set() and get()" name="should overwrite existing value" time="0.001">
    </testcase>
    <testcase classname="CacheManager › set() and get()" name="should track set operation in stats" time="0.001">
    </testcase>
    <testcase classname="CacheManager › set() and get()" name="should handle multiple sets to same key" time="0.001">
    </testcase>
    <testcase classname="CacheManager › TTL and Expiration" name="should expire entry after TTL" time="0.157">
    </testcase>
    <testcase classname="CacheManager › TTL and Expiration" name="should not expire entry before TTL" time="0.102">
    </testcase>
    <testcase classname="CacheManager › TTL and Expiration" name="should use custom TTL over default" time="0.001">
    </testcase>
    <testcase classname="CacheManager › TTL and Expiration" name="should use default TTL when not specified" time="0.001">
    </testcase>
    <testcase classname="CacheManager › TTL and Expiration" name="should track expired access as miss in stats" time="0.102">
    </testcase>
    <testcase classname="CacheManager › invalidate()" name="should remove entry from cache" time="0.001">
    </testcase>
    <testcase classname="CacheManager › invalidate()" name="should return true when key exists" time="0.001">
    </testcase>
    <testcase classname="CacheManager › invalidate()" name="should return false when key does not exist" time="0.001">
    </testcase>
    <testcase classname="CacheManager › invalidate()" name="should remove from access order tracking" time="0.001">
    </testcase>
    <testcase classname="CacheManager › invalidate()" name="should track invalidation in stats" time="0.001">
    </testcase>
    <testcase classname="CacheManager › invalidate()" name="should not count invalidation of non-existent key in stats" time="0.001">
    </testcase>
    <testcase classname="CacheManager › invalidatePattern()" name="should invalidate entries matching wildcard pattern" time="0.006">
    </testcase>
    <testcase classname="CacheManager › invalidatePattern()" name="should invalidate entries matching regex pattern" time="0.001">
    </testcase>
    <testcase classname="CacheManager › invalidatePattern()" name="should not invalidate non-matching entries" time="0.003">
    </testcase>
    <testcase classname="CacheManager › invalidatePattern()" name="should return correct count of invalidated entries" time="0.002">
    </testcase>
    <testcase classname="CacheManager › invalidatePattern()" name="should track pattern invalidations in stats" time="0.001">
    </testcase>
    <testcase classname="CacheManager › invalidatePattern()" name="should handle pattern with no matches" time="0.001">
    </testcase>
    <testcase classname="CacheManager › clear()" name="should remove all entries from cache" time="0.002">
    </testcase>
    <testcase classname="CacheManager › clear()" name="should clear access order tracking" time="0.002">
    </testcase>
    <testcase classname="CacheManager › clear()" name="should update invalidations stats" time="0.001">
    </testcase>
    <testcase classname="CacheManager › clear()" name="should handle clearing empty cache" time="0.001">
    </testcase>
    <testcase classname="CacheManager › LRU Eviction" name="should evict least recently used entry when cache is full" time="0">
    </testcase>
    <testcase classname="CacheManager › LRU Eviction" name="should not evict recently accessed entries" time="0.001">
    </testcase>
    <testcase classname="CacheManager › LRU Eviction" name="should track evictions in stats" time="0.002">
    </testcase>
    <testcase classname="CacheManager › LRU Eviction" name="should not evict when updating existing key" time="0">
    </testcase>
    <testcase classname="CacheManager › LRU Eviction" name="should handle multiple evictions correctly" time="0">
    </testcase>
    <testcase classname="CacheManager › has()" name="should return true for existing valid entry" time="0">
    </testcase>
    <testcase classname="CacheManager › has()" name="should return false for non-existent entry" time="0.001">
    </testcase>
    <testcase classname="CacheManager › has()" name="should return false for expired entry" time="0.102">
    </testcase>
    <testcase classname="CacheManager › has()" name="should remove expired entry when checking" time="0.101">
    </testcase>
    <testcase classname="CacheManager › cleanup()" name="should remove all expired entries" time="0.101">
    </testcase>
    <testcase classname="CacheManager › cleanup()" name="should return count of cleaned entries" time="0.102">
    </testcase>
    <testcase classname="CacheManager › cleanup()" name="should handle cleanup with no expired entries" time="0.001">
    </testcase>
    <testcase classname="CacheManager › getStats()" name="should return statistics object" time="0.001">
    </testcase>
    <testcase classname="CacheManager › getStats()" name="should calculate hit rate correctly" time="0">
    </testcase>
    <testcase classname="CacheManager › getStats()" name="should return 0 hit rate with no requests" time="0.001">
    </testcase>
    <testcase classname="CacheManager › getStats()" name="should return 100 hit rate with all hits" time="0.001">
    </testcase>
    <testcase classname="CacheManager › getStats()" name="should track current cache size" time="0.001">
    </testcase>
    <testcase classname="CacheManager › getStats()" name="should report maxSize" time="0">
    </testcase>
    <testcase classname="CacheManager › getStats()" name="should estimate memory usage" time="0">
    </testcase>
    <testcase classname="CacheManager › resetStats()" name="should reset all statistics to zero" time="0.001">
    </testcase>
    <testcase classname="CacheManager › resetStats()" name="should not clear cache entries" time="0">
    </testcase>
    <testcase classname="CacheManager › resetStats()" name="should allow statistics to be collected again after reset" time="0.001">
    </testcase>
    <testcase classname="CacheManager › Performance" name="should handle large number of set operations" time="0.002">
    </testcase>
    <testcase classname="CacheManager › Performance" name="should handle rapid get operations" time="0">
    </testcase>
    <testcase classname="CacheManager › Performance" name="should maintain accurate statistics under load" time="0.001">
    </testcase>
    <testcase classname="CacheManager › Edge Cases" name="should handle numeric keys" time="0.001">
    </testcase>
    <testcase classname="CacheManager › Edge Cases" name="should handle keys with special characters" time="0">
    </testcase>
    <testcase classname="CacheManager › Edge Cases" name="should handle very long keys" time="0.001">
    </testcase>
    <testcase classname="CacheManager › Edge Cases" name="should handle circular reference values gracefully" time="0.001">
    </testcase>
    <testcase classname="CacheManager › Edge Cases" name="should handle empty string values" time="0">
    </testcase>
    <testcase classname="CacheManager › Edge Cases" name="should handle boolean values" time="0.001">
    </testcase>
    <testcase classname="CacheManager › Edge Cases" name="should handle zero and negative numbers" time="0">
    </testcase>
    <testcase classname="CacheManager › Edge Cases" name="should handle very large TTL values" time="0">
    </testcase>
    <testcase classname="CacheManager › Edge Cases" name="should handle very small (but positive) TTL values" time="0.011">
    </testcase>
    <testcase classname="CacheManager › Integration Scenarios" name="should handle complete cache lifecycle" time="0.001">
    </testcase>
    <testcase classname="CacheManager › Integration Scenarios" name="should handle cache warming and pattern invalidation" time="0">
    </testcase>
    <testcase classname="CacheManager › Integration Scenarios" name="should handle stats-driven cache optimization" time="0">
    </testcase>
  </testsuite>
  <testsuite name="Phase 17: GuildAwareReminderService" errors="0" failures="0" skipped="0" timestamp="2026-01-13T07:54:09" time="0.593" tests="33">
    <testcase classname="Phase 17: GuildAwareReminderService › Module Initialization &amp; Exports" name="should be importable and return a module object" time="0.002">
    </testcase>
    <testcase classname="Phase 17: GuildAwareReminderService › Module Initialization &amp; Exports" name="should export all required methods" time="0.001">
    </testcase>
    <testcase classname="Phase 17: GuildAwareReminderService › Module Initialization &amp; Exports" name="should have createReminder as a function" time="0.001">
    </testcase>
    <testcase classname="Phase 17: GuildAwareReminderService › Module Initialization &amp; Exports" name="should have addReminderAssignment as a function" time="0.001">
    </testcase>
    <testcase classname="Phase 17: GuildAwareReminderService › Module Initialization &amp; Exports" name="should have getReminderById as a function" time="0.001">
    </testcase>
    <testcase classname="Phase 17: GuildAwareReminderService › Module Initialization &amp; Exports" name="should have updateReminder as a function" time="0.002">
    </testcase>
    <testcase classname="Phase 17: GuildAwareReminderService › Reminder CRUD Operations" name="should create a new reminder successfully" time="0.027">
    </testcase>
    <testcase classname="Phase 17: GuildAwareReminderService › Reminder CRUD Operations" name="should retrieve reminder by ID" time="0.013">
    </testcase>
    <testcase classname="Phase 17: GuildAwareReminderService › Reminder CRUD Operations" name="should update an existing reminder" time="0.018">
    </testcase>
    <testcase classname="Phase 17: GuildAwareReminderService › Reminder CRUD Operations" name="should delete a reminder" time="0.018">
    </testcase>
    <testcase classname="Phase 17: GuildAwareReminderService › Reminder CRUD Operations" name="should retrieve all reminders for a guild" time="0.01">
    </testcase>
    <testcase classname="Phase 17: GuildAwareReminderService › Reminder Assignment Management" name="should add user assignment to reminder" time="0.041">
    </testcase>
    <testcase classname="Phase 17: GuildAwareReminderService › Reminder Assignment Management" name="should add role assignment to reminder" time="0.018">
    </testcase>
    <testcase classname="Phase 17: GuildAwareReminderService › Reminder Assignment Management" name="should validate assignee type (user or role)" time="0.025">
    </testcase>
    <testcase classname="Phase 17: GuildAwareReminderService › Reminder Assignment Management" name="should handle duplicate assignments" time="0.015">
    </testcase>
    <testcase classname="Phase 17: GuildAwareReminderService › Search and Filtering" name="should search reminders by subject" time="0.013">
    </testcase>
    <testcase classname="Phase 17: GuildAwareReminderService › Search and Filtering" name="should handle empty search results" time="0.012">
    </testcase>
    <testcase classname="Phase 17: GuildAwareReminderService › Search and Filtering" name="should handle special characters in search" time="0.013">
    </testcase>
    <testcase classname="Phase 17: GuildAwareReminderService › Guild-Specific Operations" name="should isolate reminders by guild" time="0.021">
    </testcase>
    <testcase classname="Phase 17: GuildAwareReminderService › Guild-Specific Operations" name="should get guild reminder statistics" time="0.011">
    </testcase>
    <testcase classname="Phase 17: GuildAwareReminderService › Guild-Specific Operations" name="should delete all reminders for a guild" time="0.001">
    </testcase>
    <testcase classname="Phase 17: GuildAwareReminderService › Guild-Specific Operations" name="should handle operations on different guild IDs independently" time="0.02">
    </testcase>
    <testcase classname="Phase 17: GuildAwareReminderService › Error Handling &amp; Validation" name="should handle invalid guild ID" time="0.013">
    </testcase>
    <testcase classname="Phase 17: GuildAwareReminderService › Error Handling &amp; Validation" name="should handle invalid reminder data" time="0.011">
    </testcase>
    <testcase classname="Phase 17: GuildAwareReminderService › Error Handling &amp; Validation" name="should handle missing reminder fields" time="0.011">
    </testcase>
    <testcase classname="Phase 17: GuildAwareReminderService › Error Handling &amp; Validation" name="should validate reminder ID parameter" time="0.011">
    </testcase>
    <testcase classname="Phase 17: GuildAwareReminderService › Error Handling &amp; Validation" name="should handle database connection errors gracefully" time="0.01">
    </testcase>
    <testcase classname="Phase 17: GuildAwareReminderService › Integration Workflows" name="should support full reminder lifecycle" time="0.027">
    </testcase>
    <testcase classname="Phase 17: GuildAwareReminderService › Integration Workflows" name="should support reminder with assignments workflow" time="0.034">
    </testcase>
    <testcase classname="Phase 17: GuildAwareReminderService › Integration Workflows" name="should support multi-guild parallel operations" time="0.035">
    </testcase>
    <testcase classname="Phase 17: GuildAwareReminderService › Integration Workflows" name="should handle search and statistics together" time="0.014">
    </testcase>
    <testcase classname="Phase 17: GuildAwareReminderService › Database Lifecycle" name="should handle multiple sequential operations" time="0.025">
    </testcase>
    <testcase classname="Phase 17: GuildAwareReminderService › Database Lifecycle" name="should maintain guild database isolation across calls" time="0.025">
    </testcase>
  </testsuite>
  <testsuite name="Phase 17: GuildAwareDatabaseService" errors="0" failures="0" skipped="0" timestamp="2026-01-13T07:54:09" time="0.464" tests="30">
    <testcase classname="Phase 17: GuildAwareDatabaseService › Module Initialization &amp; Exports" name="should be importable and return a service instance" time="0.002">
    </testcase>
    <testcase classname="Phase 17: GuildAwareDatabaseService › Module Initialization &amp; Exports" name="should be a GuildAwareDatabaseService instance" time="0.002">
    </testcase>
    <testcase classname="Phase 17: GuildAwareDatabaseService › Module Initialization &amp; Exports" name="should have quote management methods" time="0.002">
    </testcase>
    <testcase classname="Phase 17: GuildAwareDatabaseService › Module Initialization &amp; Exports" name="should have rating and tagging methods" time="0.001">
    </testcase>
    <testcase classname="Phase 17: GuildAwareDatabaseService › Module Initialization &amp; Exports" name="should have guild management methods" time="0.001">
    </testcase>
    <testcase classname="Phase 17: GuildAwareDatabaseService › Quote CRUD Operations (Guild-Scoped)" name="should add a quote to a guild database" time="0.027">
    </testcase>
    <testcase classname="Phase 17: GuildAwareDatabaseService › Quote CRUD Operations (Guild-Scoped)" name="should retrieve all quotes from a guild" time="0.014">
    </testcase>
    <testcase classname="Phase 17: GuildAwareDatabaseService › Quote CRUD Operations (Guild-Scoped)" name="should get a specific quote by ID" time="0.017">
    </testcase>
    <testcase classname="Phase 17: GuildAwareDatabaseService › Quote CRUD Operations (Guild-Scoped)" name="should update a quote in guild database" time="0.022">
    </testcase>
    <testcase classname="Phase 17: GuildAwareDatabaseService › Quote CRUD Operations (Guild-Scoped)" name="should delete a quote from guild database" time="0.012">
    </testcase>
    <testcase classname="Phase 17: GuildAwareDatabaseService › Quote CRUD Operations (Guild-Scoped)" name="should get quote count for a guild" time="0.012">
    </testcase>
    <testcase classname="Phase 17: GuildAwareDatabaseService › Quote Rating &amp; Tagging (Guild-Scoped)" name="should rate a quote in a guild" time="0.013">
    </testcase>
    <testcase classname="Phase 17: GuildAwareDatabaseService › Quote Rating &amp; Tagging (Guild-Scoped)" name="should get rating for a quote" time="0.012">
    </testcase>
    <testcase classname="Phase 17: GuildAwareDatabaseService › Quote Rating &amp; Tagging (Guild-Scoped)" name="should tag a quote in a guild" time="0.019">
    </testcase>
    <testcase classname="Phase 17: GuildAwareDatabaseService › Quote Rating &amp; Tagging (Guild-Scoped)" name="should retrieve quotes by tag in a guild" time="0.01">
    </testcase>
    <testcase classname="Phase 17: GuildAwareDatabaseService › Search &amp; Retrieval (Guild-Scoped)" name="should search quotes in a guild" time="0.01">
    </testcase>
    <testcase classname="Phase 17: GuildAwareDatabaseService › Search &amp; Retrieval (Guild-Scoped)" name="should handle search with no results" time="0.01">
    </testcase>
    <testcase classname="Phase 17: GuildAwareDatabaseService › Search &amp; Retrieval (Guild-Scoped)" name="should handle special characters in search" time="0.009">
    </testcase>
    <testcase classname="Phase 17: GuildAwareDatabaseService › Guild Isolation &amp; Multi-Guild Operations" name="should isolate quotes between guilds" time="0.019">
    </testcase>
    <testcase classname="Phase 17: GuildAwareDatabaseService › Guild Isolation &amp; Multi-Guild Operations" name="should handle parallel operations on different guilds" time="0.029">
    </testcase>
    <testcase classname="Phase 17: GuildAwareDatabaseService › Guild Isolation &amp; Multi-Guild Operations" name="should validate guild ID is required" time="0.001">
    </testcase>
    <testcase classname="Phase 17: GuildAwareDatabaseService › Data Export &amp; Statistics" name="should export guild data" time="0.012">
    </testcase>
    <testcase classname="Phase 17: GuildAwareDatabaseService › Data Export &amp; Statistics" name="should get guild statistics" time="0.012">
    </testcase>
    <testcase classname="Phase 17: GuildAwareDatabaseService › Data Export &amp; Statistics" name="should delete all guild data" time="0.004">
    </testcase>
    <testcase classname="Phase 17: GuildAwareDatabaseService › Error Handling &amp; Validation" name="should validate required parameters" time="0.001">
    </testcase>
    <testcase classname="Phase 17: GuildAwareDatabaseService › Error Handling &amp; Validation" name="should validate quote text is required" time="0.001">
    </testcase>
    <testcase classname="Phase 17: GuildAwareDatabaseService › Error Handling &amp; Validation" name="should handle invalid quote ID type" time="0.001">
    </testcase>
    <testcase classname="Phase 17: GuildAwareDatabaseService › Error Handling &amp; Validation" name="should validate rating value" time="0.002">
    </testcase>
    <testcase classname="Phase 17: GuildAwareDatabaseService › Integration Workflows" name="should support complete quote workflow" time="0.056">
    </testcase>
    <testcase classname="Phase 17: GuildAwareDatabaseService › Integration Workflows" name="should handle multi-guild isolated workflows" time="0.026">
    </testcase>
  </testsuite>
  <testsuite name="Database Performance &amp; Optimization" errors="0" failures="0" skipped="0" timestamp="2026-01-13T07:54:10" time="0.275" tests="20">
    <testcase classname="Database Performance &amp; Optimization › Large Dataset Handling" name="should efficiently add 1000+ quotes" time="0.007">
    </testcase>
    <testcase classname="Database Performance &amp; Optimization › Large Dataset Handling" name="should maintain constant-time ID lookup in large dataset" time="0.008">
    </testcase>
    <testcase classname="Database Performance &amp; Optimization › Large Dataset Handling" name="should handle getAllQuotes() with 1000+ quotes" time="0.007">
    </testcase>
    <testcase classname="Database Performance &amp; Optimization › Large Dataset Handling" name="should efficiently handle 500+ concurrent operations" time="0.004">
    </testcase>
    <testcase classname="Database Performance &amp; Optimization › Large Dataset Handling" name="should handle mixed operations on large dataset" time="0.007">
    </testcase>
    <testcase classname="Database Performance &amp; Optimization › Search Efficiency &amp; Optimization" name="should perform substring search efficiently" time="0.004">
    </testcase>
    <testcase classname="Database Performance &amp; Optimization › Search Efficiency &amp; Optimization" name="should search progressively across different dataset sizes" time="0.013">
    </testcase>
    <testcase classname="Database Performance &amp; Optimization › Search Efficiency &amp; Optimization" name="should handle regex-safe search with special characters" time="0.001">
    </testcase>
    <testcase classname="Database Performance &amp; Optimization › Search Efficiency &amp; Optimization" name="should search case-insensitively without performance penalty" time="0.003">
    </testcase>
    <testcase classname="Database Performance &amp; Optimization › Memory Efficiency &amp; Leak Detection" name="should handle repeated add/delete operations without errors" time="0.015">
    </testcase>
    <testcase classname="Database Performance &amp; Optimization › Memory Efficiency &amp; Leak Detection" name="should handle bulk delete operations correctly" time="0.005">
    </testcase>
    <testcase classname="Database Performance &amp; Optimization › Memory Efficiency &amp; Leak Detection" name="should handle rapid rating operations successfully" time="0.011">
    </testcase>
    <testcase classname="Database Performance &amp; Optimization › Bulk Operation Optimization" name="should optimize bulk adds with batching" time="0.003">
    </testcase>
    <testcase classname="Database Performance &amp; Optimization › Bulk Operation Optimization" name="should efficiently handle bulk deletes" time="0.004">
    </testcase>
    <testcase classname="Database Performance &amp; Optimization › Bulk Operation Optimization" name="should optimize batch search across large dataset" time="0.004">
    </testcase>
    <testcase classname="Database Performance &amp; Optimization › Scalability &amp; Growth Patterns" name="should support all operations across dataset sizes" time="0.025">
    </testcase>
    <testcase classname="Database Performance &amp; Optimization › Scalability &amp; Growth Patterns" name="should handle maximum practical dataset (10000 quotes)" time="0.06">
    </testcase>
    <testcase classname="Database Performance &amp; Optimization › Scalability &amp; Growth Patterns" name="should support database snapshots without performance hit" time="0.009">
    </testcase>
    <testcase classname="Database Performance &amp; Optimization › Performance Baselines &amp; Benchmarks" name="should document baseline performance metrics" time="0.004">
    </testcase>
    <testcase classname="Database Performance &amp; Optimization › Performance Baselines &amp; Benchmarks" name="should handle operations with dataset expansion" time="0.003">
    </testcase>
  </testsuite>
  <testsuite name="Phase 17: DatabaseService" errors="0" failures="0" skipped="0" timestamp="2026-01-13T07:54:10" time="0.254" tests="43">
    <testcase classname="Phase 17: DatabaseService › Module Initialization &amp; Exports" name="should be importable and return a module object" time="0.002">
    </testcase>
    <testcase classname="Phase 17: DatabaseService › Module Initialization &amp; Exports" name="should export all required CRUD methods" time="0.002">
    </testcase>
    <testcase classname="Phase 17: DatabaseService › Module Initialization &amp; Exports" name="should export rating methods" time="0.001">
    </testcase>
    <testcase classname="Phase 17: DatabaseService › Module Initialization &amp; Exports" name="should export tag methods" time="0.001">
    </testcase>
    <testcase classname="Phase 17: DatabaseService › Module Initialization &amp; Exports" name="should export export methods" time="0.001">
    </testcase>
    <testcase classname="Phase 17: DatabaseService › Module Initialization &amp; Exports" name="should export proxy configuration methods" time="0.001">
    </testcase>
    <testcase classname="Phase 17: DatabaseService › Database Connection Management" name="should initialize database connection" time="0.001">
    </testcase>
    <testcase classname="Phase 17: DatabaseService › Database Connection Management" name="should get database connection" time="0.008">
    </testcase>
    <testcase classname="Phase 17: DatabaseService › Database Connection Management" name="should close database connection cleanly" time="0.001">
    </testcase>
    <testcase classname="Phase 17: DatabaseService › Database Connection Management" name="should handle setupSchema call" time="0.001">
    </testcase>
    <testcase classname="Phase 17: DatabaseService › Quote CRUD Operations" name="should add a new quote successfully (CREATE)" time="0.01">
    </testcase>
    <testcase classname="Phase 17: DatabaseService › Quote CRUD Operations" name="should retrieve all quotes (READ ALL)" time="0.004">
    </testcase>
    <testcase classname="Phase 17: DatabaseService › Quote CRUD Operations" name="should retrieve quote by ID" time="0.001">
    </testcase>
    <testcase classname="Phase 17: DatabaseService › Quote CRUD Operations" name="should search quotes by text" time="0.003">
    </testcase>
    <testcase classname="Phase 17: DatabaseService › Quote CRUD Operations" name="should update an existing quote" time="0.002">
    </testcase>
    <testcase classname="Phase 17: DatabaseService › Quote CRUD Operations" name="should delete a quote" time="0.001">
    </testcase>
    <testcase classname="Phase 17: DatabaseService › Quote CRUD Operations" name="should get quote count" time="0.002">
    </testcase>
    <testcase classname="Phase 17: DatabaseService › Quote Rating Operations" name="should rate a quote" time="0.004">
    </testcase>
    <testcase classname="Phase 17: DatabaseService › Quote Rating Operations" name="should get quote rating" time="0.006">
    </testcase>
    <testcase classname="Phase 17: DatabaseService › Quote Tag Operations" name="should add a tag" time="0.009">
    </testcase>
    <testcase classname="Phase 17: DatabaseService › Quote Tag Operations" name="should get tag by name" time="0.002">
    </testcase>
    <testcase classname="Phase 17: DatabaseService › Quote Tag Operations" name="should add tag to quote" time="0.003">
    </testcase>
    <testcase classname="Phase 17: DatabaseService › Quote Tag Operations" name="should get quotes by tag" time="0.001">
    </testcase>
    <testcase classname="Phase 17: DatabaseService › Quote Tag Operations" name="should get all tags" time="0.002">
    </testcase>
    <testcase classname="Phase 17: DatabaseService › Export Functionality" name="should export quotes as JSON" time="0.002">
    </testcase>
    <testcase classname="Phase 17: DatabaseService › Export Functionality" name="should export quotes as CSV" time="0.004">
    </testcase>
    <testcase classname="Phase 17: DatabaseService › Proxy Configuration Management" name="should set proxy configuration" time="0.007">
    </testcase>
    <testcase classname="Phase 17: DatabaseService › Proxy Configuration Management" name="should get proxy configuration" time="0.002">
    </testcase>
    <testcase classname="Phase 17: DatabaseService › Proxy Configuration Management" name="should delete proxy configuration" time="0.008">
    </testcase>
    <testcase classname="Phase 17: DatabaseService › Proxy Configuration Management" name="should get all proxy configuration" time="0.001">
    </testcase>
    <testcase classname="Phase 17: DatabaseService › Error Handling &amp; Validation" name="should handle quote retrieval for non-existent ID" time="0.001">
    </testcase>
    <testcase classname="Phase 17: DatabaseService › Error Handling &amp; Validation" name="should handle invalid search queries gracefully" time="0.002">
    </testcase>
    <testcase classname="Phase 17: DatabaseService › Error Handling &amp; Validation" name="should handle rating non-existent quote" time="0.005">
    </testcase>
    <testcase classname="Phase 17: DatabaseService › Error Handling &amp; Validation" name="should handle invalid rating values" time="0">
    </testcase>
    <testcase classname="Phase 17: DatabaseService › Error Handling &amp; Validation" name="should handle tag operations on non-existent quote" time="0.003">
    </testcase>
    <testcase classname="Phase 17: DatabaseService › Guild-Aware API Compatibility" name="should detect guild-aware API calls" time="0.001">
    </testcase>
    <testcase classname="Phase 17: DatabaseService › Guild-Aware API Compatibility" name="should route guild-aware calls appropriately" time="0.011">
    </testcase>
    <testcase classname="Phase 17: DatabaseService › Quote Category Operations" name="should retrieve quotes by category" time="0.001">
    </testcase>
    <testcase classname="Phase 17: DatabaseService › Database Lifecycle" name="should cleanly close database without errors" time="0.001">
    </testcase>
    <testcase classname="Phase 17: DatabaseService › Database Lifecycle" name="should handle getDatabase() safely" time="0.001">
    </testcase>
    <testcase classname="Phase 17: DatabaseService › Integration Tests" name="should support full quote lifecycle" time="0.017">
    </testcase>
    <testcase classname="Phase 17: DatabaseService › Integration Tests" name="should support rating and tagging workflow" time="0.02">
    </testcase>
    <testcase classname="Phase 17: DatabaseService › Integration Tests" name="should handle export workflow" time="0.006">
    </testcase>
  </testsuite>
  <testsuite name="Quote Service - Extended Coverage" errors="0" failures="0" skipped="0" timestamp="2026-01-13T07:54:10" time="0.209" tests="25">
    <testcase classname="Quote Service - Extended Coverage › Error Handling &amp; Validation" name="should reject missing guild ID" time="0.002">
    </testcase>
    <testcase classname="Quote Service - Extended Coverage › Error Handling &amp; Validation" name="should reject empty quote text" time="0.001">
    </testcase>
    <testcase classname="Quote Service - Extended Coverage › Error Handling &amp; Validation" name="should reject invalid rating values" time="0.001">
    </testcase>
    <testcase classname="Quote Service - Extended Coverage › Error Handling &amp; Validation" name="should handle operations on non-existent quotes" time="0.002">
    </testcase>
    <testcase classname="Quote Service - Extended Coverage › Error Handling &amp; Validation" name="should validate tag names" time="0.002">
    </testcase>
    <testcase classname="Quote Service - Extended Coverage › Guild Isolation &amp; Security" name="should maintain guild isolation in searches" time="0.001">
    </testcase>
    <testcase classname="Quote Service - Extended Coverage › Guild Isolation &amp; Security" name="should not leak ratings across guilds" time="0.001">
    </testcase>
    <testcase classname="Quote Service - Extended Coverage › Guild Isolation &amp; Security" name="should cascade delete only within guild" time="0.006">
    </testcase>
    <testcase classname="Quote Service - Extended Coverage › Complex Query Operations" name="should find quotes by exact author match" time="0.001">
    </testcase>
    <testcase classname="Quote Service - Extended Coverage › Complex Query Operations" name="should find quotes by date range" time="0.001">
    </testcase>
    <testcase classname="Quote Service - Extended Coverage › Complex Query Operations" name="should provide comprehensive guild statistics" time="0.001">
    </testcase>
    <testcase classname="Quote Service - Extended Coverage › Rating &amp; Tag Operations" name="should support multiple ratings per quote" time="0.001">
    </testcase>
    <testcase classname="Quote Service - Extended Coverage › Rating &amp; Tag Operations" name="should allow users to update their ratings" time="0.001">
    </testcase>
    <testcase classname="Quote Service - Extended Coverage › Rating &amp; Tag Operations" name="should support multiple tags per quote" time="0.001">
    </testcase>
    <testcase classname="Quote Service - Extended Coverage › Rating &amp; Tag Operations" name="should find quotes by tag" time="0.001">
    </testcase>
    <testcase classname="Quote Service - Extended Coverage › Rating &amp; Tag Operations" name="should handle tag case-insensitivity" time="0">
    </testcase>
    <testcase classname="Quote Service - Extended Coverage › Update &amp; Edit Operations" name="should update quote text and author" time="0">
    </testcase>
    <testcase classname="Quote Service - Extended Coverage › Update &amp; Edit Operations" name="should preserve created_at on update" time="0.001">
    </testcase>
    <testcase classname="Quote Service - Extended Coverage › Update &amp; Edit Operations" name="should update updated_at on edit" time="0.104">
    </testcase>
    <testcase classname="Quote Service - Extended Coverage › Operation Auditing &amp; Logging" name="should log all quote modifications" time="0.001">
    </testcase>
    <testcase classname="Quote Service - Extended Coverage › Operation Auditing &amp; Logging" name="should include guild context in operation logs" time="0.001">
    </testcase>
    <testcase classname="Quote Service - Extended Coverage › Random Quote Selection" name="should return random quotes from guild" time="0.001">
    </testcase>
    <testcase classname="Quote Service - Extended Coverage › Random Quote Selection" name="should return null for empty guild" time="0.001">
    </testcase>
    <testcase classname="Quote Service - Extended Coverage › Performance Characteristics" name="should handle 100 quotes efficiently" time="0.002">
    </testcase>
    <testcase classname="Quote Service - Extended Coverage › Performance Characteristics" name="should provide consistent performance with tags" time="0.002">
    </testcase>
  </testsuite>
  <testsuite name="Database Service - Error Handling &amp; Robustness" errors="0" failures="0" skipped="0" timestamp="2026-01-13T07:54:11" time="0.142" tests="37">
    <testcase classname="Database Service - Error Handling &amp; Robustness › Parameter Validation &amp; Error Handling" name="should convert number text to string" time="0.002">
    </testcase>
    <testcase classname="Database Service - Error Handling &amp; Robustness › Parameter Validation &amp; Error Handling" name="should handle very long quote text" time="0.001">
    </testcase>
    <testcase classname="Database Service - Error Handling &amp; Robustness › Parameter Validation &amp; Error Handling" name="should handle special characters in text" time="0.001">
    </testcase>
    <testcase classname="Database Service - Error Handling &amp; Robustness › Parameter Validation &amp; Error Handling" name="should handle unicode characters" time="0.001">
    </testcase>
    <testcase classname="Database Service - Error Handling &amp; Robustness › Parameter Validation &amp; Error Handling" name="should reject rating of non-existent quote (async)" time="0.001">
    </testcase>
    <testcase classname="Database Service - Error Handling &amp; Robustness › Parameter Validation &amp; Error Handling" name="should handle undefined author" time="0.006">
    </testcase>
    <testcase classname="Database Service - Error Handling &amp; Robustness › Parameter Validation &amp; Error Handling" name="should reject non-existent quote ID on update" time="0.001">
    </testcase>
    <testcase classname="Database Service - Error Handling &amp; Robustness › Data Integrity &amp; Cascade Operations" name="should cascade delete ratings when quote is deleted" time="0.001">
    </testcase>
    <testcase classname="Database Service - Error Handling &amp; Robustness › Data Integrity &amp; Cascade Operations" name="should not affect other quotes when deleting" time="0.001">
    </testcase>
    <testcase classname="Database Service - Error Handling &amp; Robustness › Data Integrity &amp; Cascade Operations" name="should handle delete of non-existent quote" time="0.001">
    </testcase>
    <testcase classname="Database Service - Error Handling &amp; Robustness › Data Integrity &amp; Cascade Operations" name="should maintain quote count accuracy" time="0.001">
    </testcase>
    <testcase classname="Database Service - Error Handling &amp; Robustness › Data Integrity &amp; Cascade Operations" name="should handle rapid delete operations" time="0.002">
    </testcase>
    <testcase classname="Database Service - Error Handling &amp; Robustness › Search &amp; Query Edge Cases" name="should handle search with regex special characters" time="0.001">
    </testcase>
    <testcase classname="Database Service - Error Handling &amp; Robustness › Search &amp; Query Edge Cases" name="should be case-insensitive in search" time="0.001">
    </testcase>
    <testcase classname="Database Service - Error Handling &amp; Robustness › Search &amp; Query Edge Cases" name="should find partial text matches" time="0.002">
    </testcase>
    <testcase classname="Database Service - Error Handling &amp; Robustness › Search &amp; Query Edge Cases" name="should return empty array for null search" time="0">
    </testcase>
    <testcase classname="Database Service - Error Handling &amp; Robustness › Search &amp; Query Edge Cases" name="should return empty array for undefined search" time="0">
    </testcase>
    <testcase classname="Database Service - Error Handling &amp; Robustness › Search &amp; Query Edge Cases" name="should handle numeric search keyword" time="0">
    </testcase>
    <testcase classname="Database Service - Error Handling &amp; Robustness › Search &amp; Query Edge Cases" name="should not find non-matching text" time="0.001">
    </testcase>
    <testcase classname="Database Service - Error Handling &amp; Robustness › Concurrent Operation Safety" name="should handle multiple rapid additions without duplication" time="0.001">
    </testcase>
    <testcase classname="Database Service - Error Handling &amp; Robustness › Concurrent Operation Safety" name="should handle mixed operations correctly" time="0.001">
    </testcase>
    <testcase classname="Database Service - Error Handling &amp; Robustness › Concurrent Operation Safety" name="should maintain operation order" time="0.004">
    </testcase>
    <testcase classname="Database Service - Error Handling &amp; Robustness › Recovery &amp; Resilience" name="should continue after failed rating" time="0.001">
    </testcase>
    <testcase classname="Database Service - Error Handling &amp; Robustness › Recovery &amp; Resilience" name="should continue after failed delete" time="0.001">
    </testcase>
    <testcase classname="Database Service - Error Handling &amp; Robustness › Recovery &amp; Resilience" name="should handle update with same text and author" time="0.002">
    </testcase>
    <testcase classname="Database Service - Error Handling &amp; Robustness › Recovery &amp; Resilience" name="should update rating if exists for same user" time="0.001">
    </testcase>
    <testcase classname="Database Service - Error Handling &amp; Robustness › Boundary Conditions" name="should handle single character quote" time="0.001">
    </testcase>
    <testcase classname="Database Service - Error Handling &amp; Robustness › Boundary Conditions" name="should handle quote ID as string" time="0.001">
    </testcase>
    <testcase classname="Database Service - Error Handling &amp; Robustness › Boundary Conditions" name="should handle negative quote ID" time="0.001">
    </testcase>
    <testcase classname="Database Service - Error Handling &amp; Robustness › Boundary Conditions" name="should handle zero quote ID" time="0.001">
    </testcase>
    <testcase classname="Database Service - Error Handling &amp; Robustness › Boundary Conditions" name="should handle very large quote ID" time="0.001">
    </testcase>
    <testcase classname="Database Service - Error Handling &amp; Robustness › Boundary Conditions" name="should handle very long author name" time="0">
    </testcase>
    <testcase classname="Database Service - Error Handling &amp; Robustness › State Management" name="should preserve timestamps on add" time="0.001">
    </testcase>
    <testcase classname="Database Service - Error Handling &amp; Robustness › State Management" name="should update timestamp on update" time="0.013">
    </testcase>
    <testcase classname="Database Service - Error Handling &amp; Robustness › State Management" name="should not affect created_at on update" time="0.001">
    </testcase>
    <testcase classname="Database Service - Error Handling &amp; Robustness › Clear State Management" name="should properly close/reset database" time="0.001">
    </testcase>
    <testcase classname="Database Service - Error Handling &amp; Robustness › Clear State Management" name="should be reusable after close" time="0.001">
    </testcase>
  </testsuite>
  <testsuite name="Database Service" errors="0" failures="0" skipped="0" timestamp="2026-01-13T07:54:11" time="0.248" tests="71">
    <testcase classname="Database Service › Quote CRUD Operations › addQuote()" name="should add a quote with text and author" time="0.003">
    </testcase>
    <testcase classname="Database Service › Quote CRUD Operations › addQuote()" name="should add quote with default Anonymous author" time="0.001">
    </testcase>
    <testcase classname="Database Service › Quote CRUD Operations › addQuote()" name="should require quote text" time="0.001">
    </testcase>
    <testcase classname="Database Service › Quote CRUD Operations › addQuote()" name="should return incremental IDs" time="0.001">
    </testcase>
    <testcase classname="Database Service › Quote CRUD Operations › addQuote()" name="should set created_at timestamp" time="0.002">
    </testcase>
    <testcase classname="Database Service › Quote CRUD Operations › getAllQuotes()" name="should return empty array for new database" time="0.001">
    </testcase>
    <testcase classname="Database Service › Quote CRUD Operations › getAllQuotes()" name="should return all added quotes" time="0.001">
    </testcase>
    <testcase classname="Database Service › Quote CRUD Operations › getAllQuotes()" name="should not be affected by modifications to returned array" time="0.001">
    </testcase>
    <testcase classname="Database Service › Quote CRUD Operations › getQuoteById()" name="should retrieve quote by ID" time="0.002">
    </testcase>
    <testcase classname="Database Service › Quote CRUD Operations › getQuoteById()" name="should return null for non-existent quote" time="0.001">
    </testcase>
    <testcase classname="Database Service › Quote CRUD Operations › getQuoteById()" name="should return quote with all properties" time="0.002">
    </testcase>
    <testcase classname="Database Service › Quote CRUD Operations › updateQuote()" name="should update quote text and author" time="0.005">
    </testcase>
    <testcase classname="Database Service › Quote CRUD Operations › updateQuote()" name="should set updated_at timestamp" time="0.001">
    </testcase>
    <testcase classname="Database Service › Quote CRUD Operations › updateQuote()" name="should return false for non-existent quote" time="0.001">
    </testcase>
    <testcase classname="Database Service › Quote CRUD Operations › updateQuote()" name="should use default Anonymous if no author provided" time="0.001">
    </testcase>
    <testcase classname="Database Service › Quote CRUD Operations › deleteQuote()" name="should delete a quote" time="0.002">
    </testcase>
    <testcase classname="Database Service › Quote CRUD Operations › deleteQuote()" name="should return false for non-existent quote" time="0.001">
    </testcase>
    <testcase classname="Database Service › Quote CRUD Operations › deleteQuote()" name="should decrease quote count" time="0.002">
    </testcase>
    <testcase classname="Database Service › Quote CRUD Operations › deleteQuote()" name="should cascade delete ratings" time="0.002">
    </testcase>
    <testcase classname="Database Service › Quote CRUD Operations › deleteQuote()" name="should cascade delete tags" time="0.002">
    </testcase>
    <testcase classname="Database Service › Quote CRUD Operations › getQuoteCount()" name="should return 0 for empty database" time="0.001">
    </testcase>
    <testcase classname="Database Service › Quote CRUD Operations › getQuoteCount()" name="should return correct count" time="0.001">
    </testcase>
    <testcase classname="Database Service › Quote CRUD Operations › getQuoteCount()" name="should decrement after delete" time="0.001">
    </testcase>
    <testcase classname="Database Service › Search Operations" name="should search by quote text" time="0">
    </testcase>
    <testcase classname="Database Service › Search Operations" name="should search by author name" time="0.001">
    </testcase>
    <testcase classname="Database Service › Search Operations" name="should be case-insensitive" time="0.001">
    </testcase>
    <testcase classname="Database Service › Search Operations" name="should return empty array for no matches" time="0.001">
    </testcase>
    <testcase classname="Database Service › Search Operations" name="should handle empty search keyword" time="0.004">
    </testcase>
    <testcase classname="Database Service › Rating System › rateQuote()" name="should add rating to quote" time="0.001">
    </testcase>
    <testcase classname="Database Service › Rating System › rateQuote()" name="should enforce 1-5 rating range" time="0.002">
    </testcase>
    <testcase classname="Database Service › Rating System › rateQuote()" name="should reject zero rating" time="0.001">
    </testcase>
    <testcase classname="Database Service › Rating System › rateQuote()" name="should reject non-existent quote" time="0.001">
    </testcase>
    <testcase classname="Database Service › Rating System › rateQuote()" name="should update existing rating" time="0.001">
    </testcase>
    <testcase classname="Database Service › Rating System › getQuoteRating()" name="should return average and count" time="0.001">
    </testcase>
    <testcase classname="Database Service › Rating System › getQuoteRating()" name="should return 0 for unrated quote" time="0.001">
    </testcase>
    <testcase classname="Database Service › Rating System › getQuoteRating()" name="should calculate correct average" time="0.002">
    </testcase>
    <testcase classname="Database Service › Tag System › addTag()" name="should add a tag" time="0.001">
    </testcase>
    <testcase classname="Database Service › Tag System › addTag()" name="should normalize tag names to lowercase" time="0.001">
    </testcase>
    <testcase classname="Database Service › Tag System › addTag()" name="should require tag name" time="0.002">
    </testcase>
    <testcase classname="Database Service › Tag System › getTagByName()" name="should retrieve tag by name" time="0.001">
    </testcase>
    <testcase classname="Database Service › Tag System › getTagByName()" name="should be case-insensitive" time="0.001">
    </testcase>
    <testcase classname="Database Service › Tag System › getTagByName()" name="should return null for non-existent tag" time="0.001">
    </testcase>
    <testcase classname="Database Service › Tag System › addTagToQuote()" name="should tag a quote" time="0.001">
    </testcase>
    <testcase classname="Database Service › Tag System › addTagToQuote()" name="should reject duplicate tags" time="0.002">
    </testcase>
    <testcase classname="Database Service › Tag System › addTagToQuote()" name="should reject non-existent quote" time="0.001">
    </testcase>
    <testcase classname="Database Service › Tag System › addTagToQuote()" name="should reject non-existent tag" time="0.001">
    </testcase>
    <testcase classname="Database Service › Tag System › getQuotesByTag()" name="should retrieve quotes by tag" time="0.004">
    </testcase>
    <testcase classname="Database Service › Tag System › getQuotesByTag()" name="should return empty array for untagged quotes" time="0.001">
    </testcase>
    <testcase classname="Database Service › Tag System › getAllTags()" name="should return all tags" time="0">
    </testcase>
    <testcase classname="Database Service › Tag System › getAllTags()" name="should return empty array for new database" time="0.001">
    </testcase>
    <testcase classname="Database Service › Export Operations" name="exportQuotesAsJson should return valid JSON" time="0.001">
    </testcase>
    <testcase classname="Database Service › Export Operations" name="exportQuotesAsJson should format with indentation" time="0.002">
    </testcase>
    <testcase classname="Database Service › Export Operations" name="exportQuotesAsCSV should return valid CSV" time="0.001">
    </testcase>
    <testcase classname="Database Service › Export Operations" name="exportQuotesAsCSV should handle special characters" time="0.001">
    </testcase>
    <testcase classname="Database Service › Export Operations" name="exportQuotesAsJson with custom quotes" time="0.001">
    </testcase>
    <testcase classname="Database Service › Proxy Configuration › setProxyConfig()" name="should set configuration value" time="0.001">
    </testcase>
    <testcase classname="Database Service › Proxy Configuration › setProxyConfig()" name="should accept encrypted flag" time="0.002">
    </testcase>
    <testcase classname="Database Service › Proxy Configuration › getProxyConfig()" name="should retrieve configuration" time="0.001">
    </testcase>
    <testcase classname="Database Service › Proxy Configuration › getProxyConfig()" name="should return null for non-existent key" time="0.001">
    </testcase>
    <testcase classname="Database Service › Proxy Configuration › deleteProxyConfig()" name="should delete configuration" time="0.001">
    </testcase>
    <testcase classname="Database Service › Proxy Configuration › deleteProxyConfig()" name="should return false for non-existent key" time="0.002">
    </testcase>
    <testcase classname="Database Service › Proxy Configuration › getAllProxyConfig()" name="should return all configurations" time="0.001">
    </testcase>
    <testcase classname="Database Service › Proxy Configuration › getAllProxyConfig()" name="should return empty array for no configs" time="0.001">
    </testcase>
    <testcase classname="Database Service › Integration - Complex Workflows" name="should handle complete quote lifecycle with ratings and tags" time="0.001">
    </testcase>
    <testcase classname="Database Service › Integration - Complex Workflows" name="should maintain referential integrity with multiple quotes" time="0.001">
    </testcase>
    <testcase classname="Database Service › Edge Cases" name="should handle very long quote text" time="0.002">
    </testcase>
    <testcase classname="Database Service › Edge Cases" name="should handle special characters in quotes" time="0.001">
    </testcase>
    <testcase classname="Database Service › Edge Cases" name="should handle unicode characters" time="0.001">
    </testcase>
    <testcase classname="Database Service › Edge Cases" name="should handle rapid sequential operations" time="0.001">
    </testcase>
    <testcase classname="Database Service › Edge Cases" name="should handle empty database operations" time="0">
    </testcase>
    <testcase classname="Database Service › Edge Cases" name="should handle whitespace in search" time="0.001">
    </testcase>
  </testsuite>
  <testsuite name="DiscordService" errors="0" failures="0" skipped="0" timestamp="2026-01-13T07:54:11" time="0.159" tests="64">
    <testcase classname="DiscordService › sendEmbed()" name="should send embed with valid interaction and embed" time="0.002">
    </testcase>
    <testcase classname="DiscordService › sendEmbed()" name="should use followUp when interaction is already replied" time="0.001">
    </testcase>
    <testcase classname="DiscordService › sendEmbed()" name="should use followUp when interaction is deferred" time="0.002">
    </testcase>
    <testcase classname="DiscordService › sendEmbed()" name="should throw error when interaction is null" time="0.001">
    </testcase>
    <testcase classname="DiscordService › sendEmbed()" name="should throw error when embed is missing" time="0.001">
    </testcase>
    <testcase classname="DiscordService › sendEmbed()" name="should throw error when embed title is missing" time="0.001">
    </testcase>
    <testcase classname="DiscordService › sendEmbed()" name="should throw error when title exceeds 256 characters" time="0.001">
    </testcase>
    <testcase classname="DiscordService › sendEmbed()" name="should throw error when description exceeds 4096 characters" time="0.001">
    </testcase>
    <testcase classname="DiscordService › sendEmbed()" name="should accept valid embed with maximum length fields" time="0.003">
    </testcase>
    <testcase classname="DiscordService › sendEmbed()" name="should include timestamp in created embeds" time="0.001">
    </testcase>
    <testcase classname="DiscordService › sendEphemeral()" name="should send ephemeral message with valid interaction and content" time="0.001">
    </testcase>
    <testcase classname="DiscordService › sendEphemeral()" name="should use followUp when interaction is already replied" time="0.001">
    </testcase>
    <testcase classname="DiscordService › sendEphemeral()" name="should use followUp when interaction is deferred" time="0.001">
    </testcase>
    <testcase classname="DiscordService › sendEphemeral()" name="should throw error when interaction is null" time="0.001">
    </testcase>
    <testcase classname="DiscordService › sendEphemeral()" name="should throw error when content is not a string" time="0.001">
    </testcase>
    <testcase classname="DiscordService › sendEphemeral()" name="should throw error when content is empty" time="0.001">
    </testcase>
    <testcase classname="DiscordService › sendEphemeral()" name="should throw error when content exceeds 2000 characters" time="0.001">
    </testcase>
    <testcase classname="DiscordService › sendEphemeral()" name="should accept message with exactly 2000 characters" time="0">
    </testcase>
    <testcase classname="DiscordService › createQuoteEmbed()" name="should create embed for valid quote" time="0.001">
    </testcase>
    <testcase classname="DiscordService › createQuoteEmbed()" name="should include tags in embed if present" time="0.001">
    </testcase>
    <testcase classname="DiscordService › createQuoteEmbed()" name="should show &quot;No tags&quot; when tags array is empty" time="0">
    </testcase>
    <testcase classname="DiscordService › createQuoteEmbed()" name="should throw error when quote is null" time="0">
    </testcase>
    <testcase classname="DiscordService › createQuoteEmbed()" name="should throw error when quote text is missing" time="0">
    </testcase>
    <testcase classname="DiscordService › createQuoteEmbed()" name="should throw error when quote author is missing" time="0.001">
    </testcase>
    <testcase classname="DiscordService › createQuoteEmbed()" name="should handle quotes without ID" time="0.001">
    </testcase>
    <testcase classname="DiscordService › createSuccessEmbed()" name="should create success embed with title and description" time="0.001">
    </testcase>
    <testcase classname="DiscordService › createSuccessEmbed()" name="should use default description if not provided" time="0.001">
    </testcase>
    <testcase classname="DiscordService › createSuccessEmbed()" name="should throw error when title is missing" time="0.002">
    </testcase>
    <testcase classname="DiscordService › createErrorEmbed()" name="should create error embed with title and description" time="0.001">
    </testcase>
    <testcase classname="DiscordService › createErrorEmbed()" name="should use default description if not provided" time="0.001">
    </testcase>
    <testcase classname="DiscordService › createErrorEmbed()" name="should throw error when title is missing" time="0.005">
    </testcase>
    <testcase classname="DiscordService › resolveUser()" name="should resolve user by valid ID" time="0.001">
    </testcase>
    <testcase classname="DiscordService › resolveUser()" name="should throw error when user ID is missing" time="0.001">
    </testcase>
    <testcase classname="DiscordService › resolveUser()" name="should throw error when user ID is not a string" time="0.001">
    </testcase>
    <testcase classname="DiscordService › resolveUser()" name="should throw error when user ID format is invalid" time="0.001">
    </testcase>
    <testcase classname="DiscordService › resolveUser()" name="should handle user ID with special characters rejected" time="0.001">
    </testcase>
    <testcase classname="DiscordService › resolveRole()" name="should resolve role by valid ID" time="0.002">
    </testcase>
    <testcase classname="DiscordService › resolveRole()" name="should throw error when role ID is missing" time="0">
    </testcase>
    <testcase classname="DiscordService › resolveRole()" name="should throw error when role ID is not a string" time="0">
    </testcase>
    <testcase classname="DiscordService › resolveRole()" name="should throw error when role ID format is invalid" time="0.001">
    </testcase>
    <testcase classname="DiscordService › sendDM()" name="should send direct message to valid user" time="0.001">
    </testcase>
    <testcase classname="DiscordService › sendDM()" name="should throw error when user is null" time="0.001">
    </testcase>
    <testcase classname="DiscordService › sendDM()" name="should throw error when user has no ID" time="0.001">
    </testcase>
    <testcase classname="DiscordService › sendDM()" name="should throw error when content is missing" time="0.001">
    </testcase>
    <testcase classname="DiscordService › sendDM()" name="should throw error when content is not a string" time="0.001">
    </testcase>
    <testcase classname="DiscordService › sendDM()" name="should throw error when content exceeds 2000 characters" time="0.001">
    </testcase>
    <testcase classname="DiscordService › sendDM()" name="should accept message with exactly 2000 characters" time="0.001">
    </testcase>
    <testcase classname="DiscordService › hasPermission()" name="should return true when member has permission" time="0.002">
    </testcase>
    <testcase classname="DiscordService › hasPermission()" name="should return false when member does not have permission" time="0.001">
    </testcase>
    <testcase classname="DiscordService › hasPermission()" name="should throw error when member is null" time="0.001">
    </testcase>
    <testcase classname="DiscordService › hasPermission()" name="should throw error when permission is missing" time="0.001">
    </testcase>
    <testcase classname="DiscordService › hasPermission()" name="should throw error when permission is not a string" time="0.001">
    </testcase>
    <testcase classname="DiscordService › hasPermission()" name="should handle member with no permissions" time="0.001">
    </testcase>
    <testcase classname="DiscordService › hasPermission()" name="should be case-sensitive for permission names" time="0.001">
    </testcase>
    <testcase classname="DiscordService › Integration - Multiple Operations" name="should handle complete message sending workflow" time="0.001">
    </testcase>
    <testcase classname="DiscordService › Integration - Multiple Operations" name="should handle ephemeral success notification workflow" time="0.001">
    </testcase>
    <testcase classname="DiscordService › Integration - Multiple Operations" name="should handle error notification workflow" time="0.002">
    </testcase>
    <testcase classname="DiscordService › Integration - Multiple Operations" name="should send DM to resolved user" time="0.001">
    </testcase>
    <testcase classname="DiscordService › Integration - Multiple Operations" name="should check permission for member before operation" time="0.001">
    </testcase>
    <testcase classname="DiscordService › Edge Cases" name="should handle embed with special characters" time="0.002">
    </testcase>
    <testcase classname="DiscordService › Edge Cases" name="should handle message with newlines" time="0.001">
    </testcase>
    <testcase classname="DiscordService › Edge Cases" name="should handle very long quote author name" time="0.001">
    </testcase>
    <testcase classname="DiscordService › Edge Cases" name="should handle role with special ID format" time="0.001">
    </testcase>
    <testcase classname="DiscordService › Edge Cases" name="should handle interaction already replied and deferred simultaneously" time="0">
    </testcase>
  </testsuite>
  <testsuite name="Phase 17: Command Validation &amp; Integration" errors="0" failures="0" skipped="0" timestamp="2026-01-13T07:54:11" time="0.127" tests="56">
    <testcase classname="Phase 17: Command Validation &amp; Integration › Input Validation Framework" name="should validate string inputs" time="0.002">
    </testcase>
    <testcase classname="Phase 17: Command Validation &amp; Integration › Input Validation Framework" name="should trim whitespace from inputs" time="0.001">
    </testcase>
    <testcase classname="Phase 17: Command Validation &amp; Integration › Input Validation Framework" name="should validate numeric inputs" time="0.001">
    </testcase>
    <testcase classname="Phase 17: Command Validation &amp; Integration › Input Validation Framework" name="should reject invalid numeric inputs" time="0.003">
    </testcase>
    <testcase classname="Phase 17: Command Validation &amp; Integration › Input Validation Framework" name="should validate email format" time="0.001">
    </testcase>
    <testcase classname="Phase 17: Command Validation &amp; Integration › Input Validation Framework" name="should reject invalid email format" time="0.001">
    </testcase>
    <testcase classname="Phase 17: Command Validation &amp; Integration › Input Validation Framework" name="should validate URL format" time="0">
    </testcase>
    <testcase classname="Phase 17: Command Validation &amp; Integration › Input Validation Framework" name="should validate Discord ID format" time="0.003">
    </testcase>
    <testcase classname="Phase 17: Command Validation &amp; Integration › Input Validation Framework" name="should reject invalid Discord ID format" time="0">
    </testcase>
    <testcase classname="Phase 17: Command Validation &amp; Integration › Input Validation Framework" name="should validate date formats" time="0">
    </testcase>
    <testcase classname="Phase 17: Command Validation &amp; Integration › Input Validation Framework" name="should validate array inputs" time="0.001">
    </testcase>
    <testcase classname="Phase 17: Command Validation &amp; Integration › Input Sanitization" name="should remove HTML tags from input" time="0.001">
    </testcase>
    <testcase classname="Phase 17: Command Validation &amp; Integration › Input Sanitization" name="should escape special characters" time="0">
    </testcase>
    <testcase classname="Phase 17: Command Validation &amp; Integration › Input Sanitization" name="should normalize quotes in input" time="0.001">
    </testcase>
    <testcase classname="Phase 17: Command Validation &amp; Integration › Input Sanitization" name="should prevent SQL injection" time="0.001">
    </testcase>
    <testcase classname="Phase 17: Command Validation &amp; Integration › Input Sanitization" name="should limit input length" time="0">
    </testcase>
    <testcase classname="Phase 17: Command Validation &amp; Integration › Input Sanitization" name="should handle null/undefined gracefully" time="0">
    </testcase>
    <testcase classname="Phase 17: Command Validation &amp; Integration › Input Sanitization" name="should handle empty strings" time="0.001">
    </testcase>
    <testcase classname="Phase 17: Command Validation &amp; Integration › Input Sanitization" name="should normalize line endings" time="0.001">
    </testcase>
    <testcase classname="Phase 17: Command Validation &amp; Integration › Input Sanitization" name="should handle unicode characters" time="0">
    </testcase>
    <testcase classname="Phase 17: Command Validation &amp; Integration › Error Response Handling" name="should return user-friendly error messages" time="0">
    </testcase>
    <testcase classname="Phase 17: Command Validation &amp; Integration › Error Response Handling" name="should hide sensitive information in error messages" time="0">
    </testcase>
    <testcase classname="Phase 17: Command Validation &amp; Integration › Error Response Handling" name="should provide error codes for client handling" time="0.001">
    </testcase>
    <testcase classname="Phase 17: Command Validation &amp; Integration › Error Response Handling" name="should include recovery suggestions in errors" time="0">
    </testcase>
    <testcase classname="Phase 17: Command Validation &amp; Integration › Error Response Handling" name="should log error context for debugging" time="0.001">
    </testcase>
    <testcase classname="Phase 17: Command Validation &amp; Integration › Command Interaction Validation" name="should validate interaction object structure" time="0.001">
    </testcase>
    <testcase classname="Phase 17: Command Validation &amp; Integration › Command Interaction Validation" name="should validate required interaction properties" time="0.001">
    </testcase>
    <testcase classname="Phase 17: Command Validation &amp; Integration › Command Interaction Validation" name="should handle deferred interactions" time="0.001">
    </testcase>
    <testcase classname="Phase 17: Command Validation &amp; Integration › Command Interaction Validation" name="should handle ephemeral responses" time="0">
    </testcase>
    <testcase classname="Phase 17: Command Validation &amp; Integration › Command Interaction Validation" name="should validate response structure" time="0">
    </testcase>
    <testcase classname="Phase 17: Command Validation &amp; Integration › Command Interaction Validation" name="should handle modal submissions" time="0.001">
    </testcase>
[...]
    </testcase>
    <testcase classname="Guild-Aware Database Operations › API Compatibility &amp; Detection" name="should enforce guild-aware requirement" time="0.002">
    </testcase>
    <testcase classname="Guild-Aware Database Operations › API Compatibility &amp; Detection" name="should handle Discord ID format (18-20 digits)" time="0.002">
    </testcase>
    <testcase classname="Guild-Aware Database Operations › API Compatibility &amp; Detection" name="should support non-numeric guild identifiers" time="0.002">
    </testcase>
    <testcase classname="Guild-Aware Database Operations › Guild-Aware Query Operations" name="should search only within guild context" time="0.001">
    </testcase>
    <testcase classname="Guild-Aware Database Operations › Guild-Aware Query Operations" name="should handle empty search results per guild" time="0.001">
    </testcase>
    <testcase classname="Guild-Aware Database Operations › Guild-Aware Query Operations" name="should return empty array for new guild" time="0.003">
    </testcase>
    <testcase classname="Guild-Aware Database Operations › Guild Statistics &amp; Analytics" name="should provide per-guild statistics" time="0.001">
    </testcase>
    <testcase classname="Guild-Aware Database Operations › Guild Statistics &amp; Analytics" name="should not share statistics across guilds" time="0.002">
    </testcase>
    <testcase classname="Guild-Aware Database Operations › Guild Data Management" name="should clear all guild data on close" time="0.001">
    </testcase>
    <testcase classname="Guild-Aware Database Operations › Guild Data Management" name="should allow reinitialization after close" time="0.001">
    </testcase>
    <testcase classname="Guild-Aware Database Operations › Guild Data Management" name="should track active guilds" time="0.001">
    </testcase>
    <testcase classname="Guild-Aware Database Operations › Guild-Aware Edge Cases" name="should handle operations on same quote ID across guilds" time="0.002">
    </testcase>
    <testcase classname="Guild-Aware Database Operations › Guild-Aware Edge Cases" name="should not find quote from guild A in guild B" time="0.001">
    </testcase>
    <testcase classname="Guild-Aware Database Operations › Guild-Aware Edge Cases" name="should handle guild ID with special characters" time="0.002">
    </testcase>
    <testcase classname="Guild-Aware Database Operations › Guild-Aware Edge Cases" name="should prevent cross-guild rating operations" time="0.001">
    </testcase>
  </testsuite>
  <testsuite name="Phase 8C: Library Utilities &amp; Helpers" errors="0" failures="0" skipped="0" timestamp="2026-01-13T07:54:13" time="0.118" tests="45">
    <testcase classname="Phase 8C: Library Utilities &amp; Helpers › detectReadyEvent › Bot ready state detection" name="should detect bot as ready when connected" time="0.002">
    </testcase>
    <testcase classname="Phase 8C: Library Utilities &amp; Helpers › detectReadyEvent › Bot ready state detection" name="should detect bot as not ready when disconnected" time="0.002">
    </testcase>
    <testcase classname="Phase 8C: Library Utilities &amp; Helpers › detectReadyEvent › Bot ready state detection" name="should check for valid guild count" time="0">
    </testcase>
    <testcase classname="Phase 8C: Library Utilities &amp; Helpers › detectReadyEvent › Bot ready state detection" name="should handle zero guilds gracefully" time="0">
    </testcase>
    <testcase classname="Phase 8C: Library Utilities &amp; Helpers › detectReadyEvent › Bot ready state detection" name="should emit ready event after initialization" time="0">
    </testcase>
    <testcase classname="Phase 8C: Library Utilities &amp; Helpers › detectReadyEvent › Bot ready state detection" name="should wait for shard readiness in clustered setup" time="0">
    </testcase>
    <testcase classname="Phase 8C: Library Utilities &amp; Helpers › detectReadyEvent › Bot ready state detection" name="should log ready state changes" time="0.001">
    </testcase>
    <testcase classname="Phase 8C: Library Utilities &amp; Helpers › detectReadyEvent › Bot ready state detection" name="should trigger startup procedures after ready" time="0.001">
    </testcase>
    <testcase classname="Phase 8C: Library Utilities &amp; Helpers › detectReadyEvent › Bot ready state detection" name="should cache guild data on ready" time="0.001">
    </testcase>
    <testcase classname="Phase 8C: Library Utilities &amp; Helpers › detectReadyEvent › Bot ready state detection" name="should handle reconnection events" time="0.001">
    </testcase>
    <testcase classname="Phase 8C: Library Utilities &amp; Helpers › detectReadyEvent › Bot ready state detection" name="should clear stale cache on ready" time="0.001">
    </testcase>
    <testcase classname="Phase 8C: Library Utilities &amp; Helpers › Schema Enhancement › Table creation" name="should create quotes table with proper schema" time="0.003">
    </testcase>
    <testcase classname="Phase 8C: Library Utilities &amp; Helpers › Schema Enhancement › Table creation" name="should add constraints to tables" time="0.001">
    </testcase>
    <testcase classname="Phase 8C: Library Utilities &amp; Helpers › Schema Enhancement › Table creation" name="should create indexes for performance" time="0.001">
    </testcase>
    <testcase classname="Phase 8C: Library Utilities &amp; Helpers › Schema Enhancement › Table creation" name="should verify table exists before creating" time="0.001">
    </testcase>
    <testcase classname="Phase 8C: Library Utilities &amp; Helpers › Schema Enhancement › Table creation" name="should handle table creation idempotency" time="0.001">
    </testcase>
    <testcase classname="Phase 8C: Library Utilities &amp; Helpers › Schema Enhancement › Table creation" name="should add columns to existing tables" time="0.001">
    </testcase>
    <testcase classname="Phase 8C: Library Utilities &amp; Helpers › Schema Enhancement › Table creation" name="should drop and recreate tables" time="0.001">
    </testcase>
    <testcase classname="Phase 8C: Library Utilities &amp; Helpers › Schema Enhancement › Table creation" name="should version schema changes" time="0.001">
    </testcase>
    <testcase classname="Phase 8C: Library Utilities &amp; Helpers › Schema Enhancement › Index management" name="should create composite indexes" time="0.002">
    </testcase>
    <testcase classname="Phase 8C: Library Utilities &amp; Helpers › Schema Enhancement › Index management" name="should create unique indexes" time="0.001">
    </testcase>
    <testcase classname="Phase 8C: Library Utilities &amp; Helpers › Schema Enhancement › Index management" name="should manage index performance" time="0">
    </testcase>
    <testcase classname="Phase 8C: Library Utilities &amp; Helpers › Migration Framework › Migration registration and execution" name="should register migrations" time="0">
    </testcase>
    <testcase classname="Phase 8C: Library Utilities &amp; Helpers › Migration Framework › Migration registration and execution" name="should execute migrations in order" time="0.002">
    </testcase>
    <testcase classname="Phase 8C: Library Utilities &amp; Helpers › Migration Framework › Migration registration and execution" name="should track migration history" time="0.001">
    </testcase>
    <testcase classname="Phase 8C: Library Utilities &amp; Helpers › Migration Framework › Migration registration and execution" name="should rollback migrations" time="0">
    </testcase>
    <testcase classname="Phase 8C: Library Utilities &amp; Helpers › Migration Framework › Migration registration and execution" name="should detect pending migrations" time="0">
    </testcase>
    <testcase classname="Phase 8C: Library Utilities &amp; Helpers › Migration Framework › Migration registration and execution" name="should handle migration dependencies" time="0.001">
    </testcase>
    <testcase classname="Phase 8C: Library Utilities &amp; Helpers › Migration Framework › Migration registration and execution" name="should validate migration syntax" time="0.002">
    </testcase>
    <testcase classname="Phase 8C: Library Utilities &amp; Helpers › Migration Framework › Migration registration and execution" name="should handle migration errors gracefully" time="0.001">
    </testcase>
    <testcase classname="Phase 8C: Library Utilities &amp; Helpers › Migration Framework › Migration registration and execution" name="should lock database during migrations" time="0.001">
    </testcase>
    <testcase classname="Phase 8C: Library Utilities &amp; Helpers › Migration Framework › Migration registration and execution" name="should create migration files" time="0.001">
    </testcase>
    <testcase classname="Phase 8C: Library Utilities &amp; Helpers › Migration Framework › Migration registration and execution" name="should list all migration status" time="0">
    </testcase>
    <testcase classname="Phase 8C: Library Utilities &amp; Helpers › Type Definitions &amp; Validation" name="should validate quote object structure" time="0">
    </testcase>
    <testcase classname="Phase 8C: Library Utilities &amp; Helpers › Type Definitions &amp; Validation" name="should validate user preferences schema" time="0.001">
    </testcase>
    <testcase classname="Phase 8C: Library Utilities &amp; Helpers › Type Definitions &amp; Validation" name="should enforce type constraints" time="0.001">
    </testcase>
    <testcase classname="Phase 8C: Library Utilities &amp; Helpers › Type Definitions &amp; Validation" name="should define nullable fields" time="0.002">
    </testcase>
    <testcase classname="Phase 8C: Library Utilities &amp; Helpers › Type Definitions &amp; Validation" name="should support enum types" time="0">
    </testcase>
    <testcase classname="Phase 8C: Library Utilities &amp; Helpers › Type Definitions &amp; Validation" name="should validate nested structures" time="0.001">
    </testcase>
    <testcase classname="Phase 8C: Library Utilities &amp; Helpers › Type Definitions &amp; Validation" name="should export type definitions" time="0.001">
    </testcase>
    <testcase classname="Phase 8C: Library Utilities &amp; Helpers › Library Utilities Integration" name="should initialize bot with ready detection" time="0.001">
    </testcase>
    <testcase classname="Phase 8C: Library Utilities &amp; Helpers › Library Utilities Integration" name="should apply schema migrations on startup" time="0.001">
    </testcase>
    <testcase classname="Phase 8C: Library Utilities &amp; Helpers › Library Utilities Integration" name="should validate and store configuration" time="0.002">
    </testcase>
    <testcase classname="Phase 8C: Library Utilities &amp; Helpers › Library Utilities Integration" name="should handle library versioning" time="0.001">
    </testcase>
    <testcase classname="Phase 8C: Library Utilities &amp; Helpers › Library Utilities Integration" name="should coordinate all utilities on bot startup" time="0.001">
    </testcase>
  </testsuite>
  <testsuite name="Guild-Aware Operations - Phase 22.2 Expansion" errors="0" failures="0" skipped="0" timestamp="2026-01-13T07:54:13" time="0.099" tests="17">
    <testcase classname="Guild-Aware Operations - Phase 22.2 Expansion › Multi-Guild Operations" name="should isolate data between 10 different guilds" time="0.004">
    </testcase>
    <testcase classname="Guild-Aware Operations - Phase 22.2 Expansion › Multi-Guild Operations" name="should prevent cross-guild quote access" time="0.001">
    </testcase>
    <testcase classname="Guild-Aware Operations - Phase 22.2 Expansion › Multi-Guild Operations" name="should allow independent operations in parallel guilds" time="0.001">
    </testcase>
    <testcase classname="Guild-Aware Operations - Phase 22.2 Expansion › Multi-Guild Operations" name="should handle guild-specific query filters" time="0.001">
    </testcase>
    <testcase classname="Guild-Aware Operations - Phase 22.2 Expansion › Concurrent Guild Operations" name="should handle concurrent adds to same guild safely" time="0.002">
    </testcase>
    <testcase classname="Guild-Aware Operations - Phase 22.2 Expansion › Concurrent Guild Operations" name="should handle concurrent operations across multiple guilds" time="0.004">
    </testcase>
    <testcase classname="Guild-Aware Operations - Phase 22.2 Expansion › Concurrent Guild Operations" name="should handle concurrent deletes with proper isolation" time="0.002">
    </testcase>
    <testcase classname="Guild-Aware Operations - Phase 22.2 Expansion › Data Isolation Integrity" name="should prevent data leakage between guilds" time="0.001">
    </testcase>
    <testcase classname="Guild-Aware Operations - Phase 22.2 Expansion › Data Isolation Integrity" name="should maintain isolation during bulk operations" time="0.004">
    </testcase>
    <testcase classname="Guild-Aware Operations - Phase 22.2 Expansion › Data Isolation Integrity" name="should track operations separately per guild" time="0.002">
    </testcase>
    <testcase classname="Guild-Aware Operations - Phase 22.2 Expansion › Guild Lifecycle Management" name="should initialize guilds on first access" time="0.001">
    </testcase>
    <testcase classname="Guild-Aware Operations - Phase 22.2 Expansion › Guild Lifecycle Management" name="should support clean guild deletion" time="0.001">
    </testcase>
    <testcase classname="Guild-Aware Operations - Phase 22.2 Expansion › Guild Lifecycle Management" name="should allow guild recreation after deletion" time="0.003">
    </testcase>
    <testcase classname="Guild-Aware Operations - Phase 22.2 Expansion › Guild Lifecycle Management" name="should handle guild migration scenarios" time="0.001">
    </testcase>
    <testcase classname="Guild-Aware Operations - Phase 22.2 Expansion › Guild-Aware Error Handling" name="should handle missing guild ID gracefully" time="0.003">
    </testcase>
    <testcase classname="Guild-Aware Operations - Phase 22.2 Expansion › Guild-Aware Error Handling" name="should handle operations on non-existent quotes in guild" time="0.001">
    </testcase>
    <testcase classname="Guild-Aware Operations - Phase 22.2 Expansion › Guild-Aware Error Handling" name="should handle quota and limit scenarios per guild" time="0.006">
    </testcase>
  </testsuite>
  <testsuite name="Performance &amp; Optimization - Phase 22.2 Fixes" errors="0" failures="0" skipped="0" timestamp="2026-01-13T07:54:13" time="0.082" tests="13">
    <testcase classname="Performance &amp; Optimization - Phase 22.2 Fixes › Constant-Time Lookup (Deterministic)" name="should maintain constant operation count for ID lookups" time="0.002">
    </testcase>
    <testcase classname="Performance &amp; Optimization - Phase 22.2 Fixes › Constant-Time Lookup (Deterministic)" name="should provide O(1) lookup for quote by ID" time="0.001">
    </testcase>
    <testcase classname="Performance &amp; Optimization - Phase 22.2 Fixes › Search Efficiency (Deterministic)" name="should perform substring search efficiently" time="0.001">
    </testcase>
    <testcase classname="Performance &amp; Optimization - Phase 22.2 Fixes › Search Efficiency (Deterministic)" name="should scale search performance predictably" time="0.001">
    </testcase>
    <testcase classname="Performance &amp; Optimization - Phase 22.2 Fixes › Search Efficiency (Deterministic)" name="should handle large search results efficiently" time="0.002">
    </testcase>
    <testcase classname="Performance &amp; Optimization - Phase 22.2 Fixes › Memory Efficiency (Deterministic)" name="should track memory usage through operation lifecycle" time="0">
    </testcase>
    <testcase classname="Performance &amp; Optimization - Phase 22.2 Fixes › Memory Efficiency (Deterministic)" name="should maintain consistent memory with bulk deletes" time="0.001">
    </testcase>
    <testcase classname="Performance &amp; Optimization - Phase 22.2 Fixes › Memory Efficiency (Deterministic)" name="should handle rapid operations without bloat" time="0.001">
    </testcase>
    <testcase classname="Performance &amp; Optimization - Phase 22.2 Fixes › Scalability &amp; Growth Patterns (Deterministic)" name="should maintain linear performance with dataset growth" time="0.001">
    </testcase>
    <testcase classname="Performance &amp; Optimization - Phase 22.2 Fixes › Scalability &amp; Growth Patterns (Deterministic)" name="should handle maximum practical dataset efficiently" time="0.004">
    </testcase>
    <testcase classname="Performance &amp; Optimization - Phase 22.2 Fixes › Performance Baselines &amp; Benchmarks (Deterministic)" name="should establish baseline operation counts" time="0.001">
    </testcase>
    <testcase classname="Performance &amp; Optimization - Phase 22.2 Fixes › Performance Baselines &amp; Benchmarks (Deterministic)" name="should track operation count growth predictably" time="0.001">
    </testcase>
    <testcase classname="Performance &amp; Optimization - Phase 22.2 Fixes › Performance Baselines &amp; Benchmarks (Deterministic)" name="should identify operation count regressions" time="0.001">
    </testcase>
  </testsuite>
  <testsuite name="Integration Tests - Phase 22.2" errors="0" failures="0" skipped="0" timestamp="2026-01-13T07:54:13" time="0.108" tests="15">
    <testcase classname="Integration Tests - Phase 22.2 › Real-World Workflows" name="should handle typical bot usage pattern" time="0.002">
    </testcase>
    <testcase classname="Integration Tests - Phase 22.2 › Real-World Workflows" name="should support multiple communities with independent data" time="0.001">
    </testcase>
    <testcase classname="Integration Tests - Phase 22.2 › Real-World Workflows" name="should handle progressive user engagement pattern" time="0.002">
    </testcase>
    <testcase classname="Integration Tests - Phase 22.2 › Concurrent Multi-Guild Operations" name="should handle concurrent adds across 5 guilds" time="0.004">
    </testcase>
    <testcase classname="Integration Tests - Phase 22.2 › Concurrent Multi-Guild Operations" name="should handle concurrent operations of mixed types" time="0.002">
    </testcase>
    <testcase classname="Integration Tests - Phase 22.2 › Performance Characteristics" name="should maintain responsiveness with 1000 quotes per guild" time="0.007">
    </testcase>
    <testcase classname="Integration Tests - Phase 22.2 › Performance Characteristics" name="should handle 10 guilds with 100 quotes each efficiently" time="0.01">
    </testcase>
    <testcase classname="Integration Tests - Phase 22.2 › Performance Characteristics" name="should efficiently compute stats across multiple guilds" time="0.003">
    </testcase>
    <testcase classname="Integration Tests - Phase 22.2 › Data Consistency &amp; Integrity" name="should maintain data consistency during concurrent operations" time="0.001">
    </testcase>
    <testcase classname="Integration Tests - Phase 22.2 › Data Consistency &amp; Integrity" name="should maintain referential integrity across operations" time="0.001">
    </testcase>
    <testcase classname="Integration Tests - Phase 22.2 › Data Consistency &amp; Integrity" name="should correctly handle multiple operations on same quote" time="0.002">
    </testcase>
    <testcase classname="Integration Tests - Phase 22.2 › Error Handling &amp; Recovery" name="should handle invalid input gracefully" time="0.003">
    </testcase>
    <testcase classname="Integration Tests - Phase 22.2 › Error Handling &amp; Recovery" name="should continue operating after errors" time="0.003">
    </testcase>
    <testcase classname="Integration Tests - Phase 22.2 › Global Metrics &amp; Reporting" name="should accurately track global operations" time="0.001">
    </testcase>
    <testcase classname="Integration Tests - Phase 22.2 › Global Metrics &amp; Reporting" name="should provide accurate guild distribution metrics" time="0.001">
    </testcase>
  </testsuite>
</testsuites>