<?xml version="1.0" encoding="UTF-8"?>
<testsuites name="VeraBot2.0 Test Suite" tests="57" failures="0" errors="0" time="0.958">
  <testsuite name="Phase 17: Response Helpers" errors="0" failures="0" skipped="0" timestamp="2026-01-12T13:15:28" time="0.484" tests="57">
    <testcase classname="Phase 17: Response Helpers › Basic Response Formatting" name="should create a basic success response" time="0.007">
    </testcase>
    <testcase classname="Phase 17: Response Helpers › Basic Response Formatting" name="should create an ephemeral success response" time="0.001">
    </testcase>
    <testcase classname="Phase 17: Response Helpers › Basic Response Formatting" name="should create a basic error response" time="0.001">
    </testcase>
    <testcase classname="Phase 17: Response Helpers › Basic Response Formatting" name="should create an info response" time="0.001">
    </testcase>
    <testcase classname="Phase 17: Response Helpers › Basic Response Formatting" name="should create a warning response" time="0.002">
    </testcase>
    <testcase classname="Phase 17: Response Helpers › Basic Response Formatting" name="should add emoji to response" time="0.002">
    </testcase>
    <testcase classname="Phase 17: Response Helpers › Basic Response Formatting" name="should format response with code block" time="0.001">
    </testcase>
    <testcase classname="Phase 17: Response Helpers › Basic Response Formatting" name="should format response with bold text" time="0.001">
    </testcase>
    <testcase classname="Phase 17: Response Helpers › Basic Response Formatting" name="should format response with italic text" time="0">
    </testcase>
    <testcase classname="Phase 17: Response Helpers › Basic Response Formatting" name="should format response with underline text" time="0.001">
    </testcase>
    <testcase classname="Phase 17: Response Helpers › Embed Creation" name="should create basic embed" time="0.001">
    </testcase>
    <testcase classname="Phase 17: Response Helpers › Embed Creation" name="should create embed with author" time="0.001">
    </testcase>
    <testcase classname="Phase 17: Response Helpers › Embed Creation" name="should create embed with footer" time="0.001">
    </testcase>
    <testcase classname="Phase 17: Response Helpers › Embed Creation" name="should add fields to embed" time="0.001">
    </testcase>
    <testcase classname="Phase 17: Response Helpers › Embed Creation" name="should validate embed title length" time="0">
    </testcase>
    <testcase classname="Phase 17: Response Helpers › Embed Creation" name="should reject oversized embed title" time="0.005">
    </testcase>
    <testcase classname="Phase 17: Response Helpers › Embed Creation" name="should validate embed description length" time="0.001">
    </testcase>
    <testcase classname="Phase 17: Response Helpers › Embed Creation" name="should validate field count" time="0.001">
    </testcase>
    <testcase classname="Phase 17: Response Helpers › Embed Creation" name="should reject too many fields" time="0.001">
    </testcase>
    <testcase classname="Phase 17: Response Helpers › Embed Creation" name="should set embed timestamp" time="0">
    </testcase>
    <testcase classname="Phase 17: Response Helpers › Embed Creation" name="should create thumbnail for embed" time="0">
    </testcase>
    <testcase classname="Phase 17: Response Helpers › Embed Creation" name="should create image for embed" time="0.001">
    </testcase>
    <testcase classname="Phase 17: Response Helpers › Error Response Formatting" name="should format validation error" time="0.001">
    </testcase>
    <testcase classname="Phase 17: Response Helpers › Error Response Formatting" name="should format permission error" time="0.007">
    </testcase>
    <testcase classname="Phase 17: Response Helpers › Error Response Formatting" name="should format not found error" time="0.001">
    </testcase>
    <testcase classname="Phase 17: Response Helpers › Error Response Formatting" name="should format database error" time="0.002">
    </testcase>
    <testcase classname="Phase 17: Response Helpers › Error Response Formatting" name="should format timeout error" time="0">
    </testcase>
    <testcase classname="Phase 17: Response Helpers › Error Response Formatting" name="should format rate limit error" time="0">
    </testcase>
    <testcase classname="Phase 17: Response Helpers › Error Response Formatting" name="should format generic error" time="0.001">
    </testcase>
    <testcase classname="Phase 17: Response Helpers › Error Response Formatting" name="should include stack trace in error (development)" time="0.001">
    </testcase>
    <testcase classname="Phase 17: Response Helpers › Error Response Formatting" name="should hide stack trace in error (production)" time="0">
    </testcase>
    <testcase classname="Phase 17: Response Helpers › Direct Message Formatting" name="should create simple DM" time="0">
    </testcase>
    <testcase classname="Phase 17: Response Helpers › Direct Message Formatting" name="should create DM with embed" time="0.001">
    </testcase>
    <testcase classname="Phase 17: Response Helpers › Direct Message Formatting" name="should create DM with file attachment" time="0.001">
    </testcase>
    <testcase classname="Phase 17: Response Helpers › Direct Message Formatting" name="should validate recipient ID" time="0.001">
    </testcase>
    <testcase classname="Phase 17: Response Helpers › Direct Message Formatting" name="should reject invalid recipient ID" time="0.002">
    </testcase>
    <testcase classname="Phase 17: Response Helpers › Response Helper Utilities" name="should paginate response results" time="0">
    </testcase>
    <testcase classname="Phase 17: Response Helpers › Response Helper Utilities" name="should format list as embed fields" time="0.001">
    </testcase>
    <testcase classname="Phase 17: Response Helpers › Response Helper Utilities" name="should truncate long content for display" time="0.001">
    </testcase>
    <testcase classname="Phase 17: Response Helpers › Response Helper Utilities" name="should escape markdown in content" time="0">
    </testcase>
    <testcase classname="Phase 17: Response Helpers › Response Helper Utilities" name="should format table for display" time="0.001">
    </testcase>
    <testcase classname="Phase 17: Response Helpers › Response Helper Utilities" name="should color code by severity" time="0.001">
    </testcase>
    <testcase classname="Phase 17: Response Helpers › Response Helper Utilities" name="should select appropriate emoji for response type" time="0.001">
    </testcase>
    <testcase classname="Phase 17: Response Helpers › Response Helper Utilities" name="should handle null/undefined gracefully" time="0.001">
    </testcase>
    <testcase classname="Phase 17: Response Helpers › Response Helper Utilities" name="should format timestamps consistently" time="0.001">
    </testcase>
    <testcase classname="Phase 17: Response Helpers › Response Helper Utilities" name="should convert seconds to readable duration" time="0.001">
    </testcase>
    <testcase classname="Phase 17: Response Helpers › Response Validation" name="should validate response has required fields" time="0">
    </testcase>
    <testcase classname="Phase 17: Response Helpers › Response Validation" name="should reject response without content" time="0.001">
    </testcase>
    <testcase classname="Phase 17: Response Helpers › Response Validation" name="should validate content length" time="0.001">
    </testcase>
    <testcase classname="Phase 17: Response Helpers › Response Validation" name="should reject oversized content" time="0.001">
    </testcase>
    <testcase classname="Phase 17: Response Helpers › Response Validation" name="should validate color format" time="0">
    </testcase>
    <testcase classname="Phase 17: Response Helpers › Response Validation" name="should reject invalid color" time="0.001">
    </testcase>
    <testcase classname="Phase 17: Response Helpers › Component Responses" name="should create button component" time="0.006">
    </testcase>
    <testcase classname="Phase 17: Response Helpers › Component Responses" name="should create select menu component" time="0.001">
    </testcase>
    <testcase classname="Phase 17: Response Helpers › Component Responses" name="should create action row with components" time="0">
    </testcase>
    <testcase classname="Phase 17: Response Helpers › Component Responses" name="should validate component custom ID" time="0.001">
    </testcase>
    <testcase classname="Phase 17: Response Helpers › Component Responses" name="should reject oversized custom ID" time="0.001">
    </testcase>
  </testsuite>
</testsuites>