<?xml version="1.0" encoding="UTF-8"?>
<testsuites name="VeraBot2.0 Test Suite" tests="25" failures="0" errors="0" time="0.489">
  <testsuite name="Quote Service - Extended Coverage" errors="0" failures="0" skipped="0" timestamp="2026-01-12T14:48:14" time="0.408" tests="25">
    <testcase classname="Quote Service - Extended Coverage › Error Handling &amp; Validation" name="should reject missing guild ID" time="0.007">
    </testcase>
    <testcase classname="Quote Service - Extended Coverage › Error Handling &amp; Validation" name="should reject empty quote text" time="0.01">
    </testcase>
    <testcase classname="Quote Service - Extended Coverage › Error Handling &amp; Validation" name="should reject invalid rating values" time="0.003">
    </testcase>
    <testcase classname="Quote Service - Extended Coverage › Error Handling &amp; Validation" name="should handle operations on non-existent quotes" time="0.003">
    </testcase>
    <testcase classname="Quote Service - Extended Coverage › Error Handling &amp; Validation" name="should validate tag names" time="0.003">
    </testcase>
    <testcase classname="Quote Service - Extended Coverage › Guild Isolation &amp; Security" name="should maintain guild isolation in searches" time="0.003">
    </testcase>
    <testcase classname="Quote Service - Extended Coverage › Guild Isolation &amp; Security" name="should not leak ratings across guilds" time="0.002">
    </testcase>
    <testcase classname="Quote Service - Extended Coverage › Guild Isolation &amp; Security" name="should cascade delete only within guild" time="0.002">
    </testcase>
    <testcase classname="Quote Service - Extended Coverage › Complex Query Operations" name="should find quotes by exact author match" time="0.002">
    </testcase>
    <testcase classname="Quote Service - Extended Coverage › Complex Query Operations" name="should find quotes by date range" time="0.003">
    </testcase>
    <testcase classname="Quote Service - Extended Coverage › Complex Query Operations" name="should provide comprehensive guild statistics" time="0.006">
    </testcase>
    <testcase classname="Quote Service - Extended Coverage › Rating &amp; Tag Operations" name="should support multiple ratings per quote" time="0.003">
    </testcase>
    <testcase classname="Quote Service - Extended Coverage › Rating &amp; Tag Operations" name="should allow users to update their ratings" time="0.003">
    </testcase>
    <testcase classname="Quote Service - Extended Coverage › Rating &amp; Tag Operations" name="should support multiple tags per quote" time="0.004">
    </testcase>
    <testcase classname="Quote Service - Extended Coverage › Rating &amp; Tag Operations" name="should find quotes by tag" time="0.004">
    </testcase>
    <testcase classname="Quote Service - Extended Coverage › Rating &amp; Tag Operations" name="should handle tag case-insensitivity" time="0.003">
    </testcase>
    <testcase classname="Quote Service - Extended Coverage › Update &amp; Edit Operations" name="should update quote text and author" time="0.003">
    </testcase>
    <testcase classname="Quote Service - Extended Coverage › Update &amp; Edit Operations" name="should preserve created_at on update" time="0.003">
    </testcase>
    <testcase classname="Quote Service - Extended Coverage › Update &amp; Edit Operations" name="should update updated_at on edit" time="0.129">
    </testcase>
    <testcase classname="Quote Service - Extended Coverage › Operation Auditing &amp; Logging" name="should log all quote modifications" time="0.002">
    </testcase>
    <testcase classname="Quote Service - Extended Coverage › Operation Auditing &amp; Logging" name="should include guild context in operation logs" time="0.001">
    </testcase>
    <testcase classname="Quote Service - Extended Coverage › Random Quote Selection" name="should return random quotes from guild" time="0.002">
    </testcase>
    <testcase classname="Quote Service - Extended Coverage › Random Quote Selection" name="should return null for empty guild" time="0.002">
    </testcase>
    <testcase classname="Quote Service - Extended Coverage › Performance Characteristics" name="should handle 100 quotes efficiently" time="0.004">
    </testcase>
    <testcase classname="Quote Service - Extended Coverage › Performance Characteristics" name="should provide consistent performance with tags" time="0.003">
    </testcase>
  </testsuite>
</testsuites>