<?xml version="1.0" encoding="UTF-8"?>
<testsuites name="VeraBot2.0 Test Suite" tests="1818" failures="0" errors="0" time="22.114">
  <testsuite name="Phase 8D: Error Scenarios &amp; Edge Cases" errors="0" failures="0" skipped="0" timestamp="2026-01-13T11:41:14" time="10.678" tests="63">
    <testcase classname="Phase 8D: Error Scenarios &amp; Edge Cases › Command Error Handling › Missing and invalid arguments" name="should handle missing required argument" time="0.004">
    </testcase>
    <testcase classname="Phase 8D: Error Scenarios &amp; Edge Cases › Command Error Handling › Missing and invalid arguments" name="should validate argument types" time="0.006">
    </testcase>
    <testcase classname="Phase 8D: Error Scenarios &amp; Edge Cases › Command Error Handling › Missing and invalid arguments" name="should handle null arguments" time="0.001">
    </testcase>
    <testcase classname="Phase 8D: Error Scenarios &amp; Edge Cases › Command Error Handling › Missing and invalid arguments" name="should validate string length bounds" time="0.001">
    </testcase>
    <testcase classname="Phase 8D: Error Scenarios &amp; Edge Cases › Command Error Handling › Missing and invalid arguments" name="should handle special characters in arguments" time="0.001">
    </testcase>
    <testcase classname="Phase 8D: Error Scenarios &amp; Edge Cases › Command Error Handling › Missing and invalid arguments" name="should validate numeric ranges" time="0">
    </testcase>
    <testcase classname="Phase 8D: Error Scenarios &amp; Edge Cases › Command Error Handling › Missing and invalid arguments" name="should handle empty collections" time="0">
    </testcase>
    <testcase classname="Phase 8D: Error Scenarios &amp; Edge Cases › Command Error Handling › Missing and invalid arguments" name="should validate permission levels" time="0.001">
    </testcase>
    <testcase classname="Phase 8D: Error Scenarios &amp; Edge Cases › Command Error Handling › Missing and invalid arguments" name="should check required user permissions" time="0.002">
    </testcase>
    <testcase classname="Phase 8D: Error Scenarios &amp; Edge Cases › Command Error Handling › Missing and invalid arguments" name="should validate Discord IDs format" time="0.001">
    </testcase>
    <testcase classname="Phase 8D: Error Scenarios &amp; Edge Cases › Service Integration Errors › Database errors" name="should handle database connection errors" time="0.001">
    </testcase>
    <testcase classname="Phase 8D: Error Scenarios &amp; Edge Cases › Service Integration Errors › Database errors" name="should handle query syntax errors" time="0.001">
    </testcase>
    <testcase classname="Phase 8D: Error Scenarios &amp; Edge Cases › Service Integration Errors › Database errors" name="should handle database timeouts" time="0.026">
    </testcase>
    <testcase classname="Phase 8D: Error Scenarios &amp; Edge Cases › Service Integration Errors › Database errors" name="should handle transaction rollbacks" time="0.002">
    </testcase>
    <testcase classname="Phase 8D: Error Scenarios &amp; Edge Cases › Service Integration Errors › Database errors" name="should handle constraint violations" time="0.002">
    </testcase>
    <testcase classname="Phase 8D: Error Scenarios &amp; Edge Cases › Service Integration Errors › Database errors" name="should handle race conditions in concurrent updates" time="0.002">
    </testcase>
    <testcase classname="Phase 8D: Error Scenarios &amp; Edge Cases › Service Integration Errors › Database errors" name="should handle connection pool exhaustion" time="0.002">
    </testcase>
    <testcase classname="Phase 8D: Error Scenarios &amp; Edge Cases › Service Integration Errors › Database errors" name="should handle missing database tables" time="0.002">
    </testcase>
    <testcase classname="Phase 8D: Error Scenarios &amp; Edge Cases › Service Integration Errors › Database errors" name="should handle data type mismatches" time="0.001">
    </testcase>
    <testcase classname="Phase 8D: Error Scenarios &amp; Edge Cases › Service Integration Errors › Cache and session errors" name="should handle cache misses gracefully" time="0.001">
    </testcase>
    <testcase classname="Phase 8D: Error Scenarios &amp; Edge Cases › Service Integration Errors › Cache and session errors" name="should handle session expiration" time="0.002">
    </testcase>
    <testcase classname="Phase 8D: Error Scenarios &amp; Edge Cases › Service Integration Errors › Cache and session errors" name="should handle invalid session tokens" time="0.002">
    </testcase>
    <testcase classname="Phase 8D: Error Scenarios &amp; Edge Cases › Service Integration Errors › Cache and session errors" name="should detect cache corruption" time="0.001">
    </testcase>
    <testcase classname="Phase 8D: Error Scenarios &amp; Edge Cases › Service Integration Errors › External service errors" name="should handle API timeout errors" time="0.002">
    </testcase>
    <testcase classname="Phase 8D: Error Scenarios &amp; Edge Cases › Service Integration Errors › External service errors" name="should handle API rate limiting" time="0.001">
    </testcase>
    <testcase classname="Phase 8D: Error Scenarios &amp; Edge Cases › Service Integration Errors › External service errors" name="should handle malformed API responses" time="0.002">
    </testcase>
    <testcase classname="Phase 8D: Error Scenarios &amp; Edge Cases › Data Validation Errors › Input injection attempts" name="should prevent SQL injection in text field" time="0.001">
    </testcase>
    <testcase classname="Phase 8D: Error Scenarios &amp; Edge Cases › Data Validation Errors › Input injection attempts" name="should prevent XSS in Discord embed text" time="0.001">
    </testcase>
    <testcase classname="Phase 8D: Error Scenarios &amp; Edge Cases › Data Validation Errors › Input injection attempts" name="should prevent command injection" time="0.001">
    </testcase>
    <testcase classname="Phase 8D: Error Scenarios &amp; Edge Cases › Data Validation Errors › Input injection attempts" name="should prevent Unicode normalization attacks" time="0.007">
    </testcase>
    <testcase classname="Phase 8D: Error Scenarios &amp; Edge Cases › Data Validation Errors › Boundary value violations" name="should reject rating below minimum" time="0.001">
    </testcase>
    <testcase classname="Phase 8D: Error Scenarios &amp; Edge Cases › Data Validation Errors › Boundary value violations" name="should reject rating above maximum" time="0">
    </testcase>
    <testcase classname="Phase 8D: Error Scenarios &amp; Edge Cases › Data Validation Errors › Boundary value violations" name="should reject negative numbers" time="0">
    </testcase>
    <testcase classname="Phase 8D: Error Scenarios &amp; Edge Cases › Data Validation Errors › Boundary value violations" name="should handle integer overflow" time="0.001">
    </testcase>
    <testcase classname="Phase 8D: Error Scenarios &amp; Edge Cases › Data Validation Errors › Boundary value violations" name="should reject page numbers out of range" time="0.001">
    </testcase>
    <testcase classname="Phase 8D: Error Scenarios &amp; Edge Cases › Data Validation Errors › Boundary value violations" name="should validate date ranges" time="0">
    </testcase>
    <testcase classname="Phase 8D: Error Scenarios &amp; Edge Cases › Data Validation Errors › Boundary value violations" name="should prevent division by zero" time="0.001">
    </testcase>
    <testcase classname="Phase 8D: Error Scenarios &amp; Edge Cases › Data Validation Errors › Constraint violations" name="should detect duplicate quotes" time="0.001">
    </testcase>
    <testcase classname="Phase 8D: Error Scenarios &amp; Edge Cases › Data Validation Errors › Constraint violations" name="should prevent invalid enum values" time="0.001">
    </testcase>
    <testcase classname="Phase 8D: Error Scenarios &amp; Edge Cases › Data Validation Errors › Constraint violations" name="should enforce foreign key constraints" time="0.001">
    </testcase>
    <testcase classname="Phase 8D: Error Scenarios &amp; Edge Cases › Data Validation Errors › Constraint violations" name="should prevent circular references" time="0.001">
    </testcase>
    <testcase classname="Phase 8D: Error Scenarios &amp; Edge Cases › Performance &amp; Stress Scenarios" name="should handle bulk quote operations (100+ items)" time="0.002">
    </testcase>
    <testcase classname="Phase 8D: Error Scenarios &amp; Edge Cases › Performance &amp; Stress Scenarios" name="should reject oversized bulk operations" time="0.001">
    </testcase>
    <testcase classname="Phase 8D: Error Scenarios &amp; Edge Cases › Performance &amp; Stress Scenarios" name="should handle pagination with large datasets" time="0.002">
    </testcase>
    <testcase classname="Phase 8D: Error Scenarios &amp; Edge Cases › Performance &amp; Stress Scenarios" name="should timeout long-running operations" time="10.003">
    </testcase>
    <testcase classname="Phase 8D: Error Scenarios &amp; Edge Cases › Performance &amp; Stress Scenarios" name="should handle concurrent request flooding" time="0.015">
    </testcase>
    <testcase classname="Phase 8D: Error Scenarios &amp; Edge Cases › Performance &amp; Stress Scenarios" name="should handle memory-intensive operations" time="0.001">
    </testcase>
    <testcase classname="Phase 8D: Error Scenarios &amp; Edge Cases › Performance &amp; Stress Scenarios" name="should detect infinite loops" time="0.102">
    </testcase>
    <testcase classname="Phase 8D: Error Scenarios &amp; Edge Cases › Performance &amp; Stress Scenarios" name="should handle deeply nested data structures" time="0.001">
    </testcase>
    <testcase classname="Phase 8D: Error Scenarios &amp; Edge Cases › Performance &amp; Stress Scenarios" name="should handle circular reference detection" time="0.001">
    </testcase>
    <testcase classname="Phase 8D: Error Scenarios &amp; Edge Cases › Performance &amp; Stress Scenarios" name="should handle resource cleanup on errors" time="0.001">
    </testcase>
    <testcase classname="Phase 8D: Error Scenarios &amp; Edge Cases › Performance &amp; Stress Scenarios" name="should handle out-of-memory gracefully" time="0.002">
    </testcase>
    <testcase classname="Phase 8D: Error Scenarios &amp; Edge Cases › Performance &amp; Stress Scenarios" name="should retry failed operations with backoff" time="0.302">
    </testcase>
    <testcase classname="Phase 8D: Error Scenarios &amp; Edge Cases › Performance &amp; Stress Scenarios" name="should handle graceful degradation under load" time="0.001">
    </testcase>
    <testcase classname="Phase 8D: Error Scenarios &amp; Edge Cases › Recovery &amp; Resilience" name="should recover from temporary failures" time="0.003">
    </testcase>
    <testcase classname="Phase 8D: Error Scenarios &amp; Edge Cases › Recovery &amp; Resilience" name="should maintain data integrity after crash" time="0.001">
    </testcase>
    <testcase classname="Phase 8D: Error Scenarios &amp; Edge Cases › Recovery &amp; Resilience" name="should handle partial transaction failures" time="0.001">
    </testcase>
    <testcase classname="Phase 8D: Error Scenarios &amp; Edge Cases › Recovery &amp; Resilience" name="should maintain consistency during failover" time="0">
    </testcase>
    <testcase classname="Phase 8D: Error Scenarios &amp; Edge Cases › Recovery &amp; Resilience" name="should log errors for debugging" time="0.001">
    </testcase>
    <testcase classname="Phase 8D: Error Scenarios &amp; Edge Cases › Recovery &amp; Resilience" name="should alert on critical errors" time="0.001">
    </testcase>
    <testcase classname="Phase 8D: Error Scenarios &amp; Edge Cases › Recovery &amp; Resilience" name="should provide error context for debugging" time="0.001">
    </testcase>
    <testcase classname="Phase 8D: Error Scenarios &amp; Edge Cases › Recovery &amp; Resilience" name="should gracefully shutdown on critical error" time="0.001">
    </testcase>
    <testcase classname="Phase 8D: Error Scenarios &amp; Edge Cases › Recovery &amp; Resilience" name="should validate integrity of recovered data" time="0">
    </testcase>
  </testsuite>
  <testsuite name="Cache Manager Service - Comprehensive Coverage" errors="0" failures="0" skipped="0" timestamp="2026-01-13T11:41:25" time="0.914" tests="61">
    <testcase classname="Cache Manager Service - Comprehensive Coverage › Cache Initialization" name="should create cache with default options" time="0.002">
    </testcase>
    <testcase classname="Cache Manager Service - Comprehensive Coverage › Cache Initialization" name="should set custom maxSize" time="0.003">
    </testcase>
    <testcase classname="Cache Manager Service - Comprehensive Coverage › Cache Initialization" name="should set custom defaultTTL" time="0.002">
    </testcase>
    <testcase classname="Cache Manager Service - Comprehensive Coverage › Cache Initialization" name="should initialize stats object" time="0.001">
    </testcase>
    <testcase classname="Cache Manager Service - Comprehensive Coverage › Cache Initialization" name="should have empty cache on initialization" time="0.001">
    </testcase>
    <testcase classname="Cache Manager Service - Comprehensive Coverage › Set and Get Operations" name="should set and retrieve a value" time="0.002">
    </testcase>
    <testcase classname="Cache Manager Service - Comprehensive Coverage › Set and Get Operations" name="should return undefined for non-existent key" time="0.002">
    </testcase>
    <testcase classname="Cache Manager Service - Comprehensive Coverage › Set and Get Operations" name="should increment stats on set" time="0.001">
    </testcase>
    <testcase classname="Cache Manager Service - Comprehensive Coverage › Set and Get Operations" name="should increment hit on successful get" time="0.005">
    </testcase>
    <testcase classname="Cache Manager Service - Comprehensive Coverage › Set and Get Operations" name="should increment miss on failed get" time="0.002">
    </testcase>
    <testcase classname="Cache Manager Service - Comprehensive Coverage › Set and Get Operations" name="should handle various data types" time="0.003">
    </testcase>
    <testcase classname="Cache Manager Service - Comprehensive Coverage › Set and Get Operations" name="should overwrite existing key" time="0.004">
    </testcase>
    <testcase classname="Cache Manager Service - Comprehensive Coverage › Set and Get Operations" name="should handle empty string key" time="0.001">
    </testcase>
    <testcase classname="Cache Manager Service - Comprehensive Coverage › Set and Get Operations" name="should handle undefined value" time="0.001">
    </testcase>
    <testcase classname="Cache Manager Service - Comprehensive Coverage › TTL and Expiration" name="should use default TTL when not specified" time="0.108">
    </testcase>
    <testcase classname="Cache Manager Service - Comprehensive Coverage › TTL and Expiration" name="should respect custom TTL on set" time="0.101">
    </testcase>
    <testcase classname="Cache Manager Service - Comprehensive Coverage › TTL and Expiration" name="should not expire before TTL" time="0.102">
    </testcase>
    <testcase classname="Cache Manager Service - Comprehensive Coverage › TTL and Expiration" name="should clean up expired entries on get" time="0.102">
    </testcase>
    <testcase classname="Cache Manager Service - Comprehensive Coverage › TTL and Expiration" name="should increment misses for expired entries" time="0.101">
    </testcase>
    <testcase classname="Cache Manager Service - Comprehensive Coverage › LRU Eviction and Size Limits" name="should evict least recently used when max size exceeded" time="0.001">
    </testcase>
    <testcase classname="Cache Manager Service - Comprehensive Coverage › LRU Eviction and Size Limits" name="should track access order correctly" time="0">
    </testcase>
    <testcase classname="Cache Manager Service - Comprehensive Coverage › LRU Eviction and Size Limits" name="should increment eviction stats" time="0.001">
    </testcase>
    <testcase classname="Cache Manager Service - Comprehensive Coverage › LRU Eviction and Size Limits" name="should handle reaching max size without eviction" time="0.004">
    </testcase>
    <testcase classname="Cache Manager Service - Comprehensive Coverage › Invalidate and Clear" name="should invalidate existing key and return true" time="0.002">
    </testcase>
    <testcase classname="Cache Manager Service - Comprehensive Coverage › Invalidate and Clear" name="should handle invalidating non-existent key and return false" time="0.002">
    </testcase>
    <testcase classname="Cache Manager Service - Comprehensive Coverage › Invalidate and Clear" name="should remove from accessOrder on invalidate" time="0.002">
    </testcase>
    <testcase classname="Cache Manager Service - Comprehensive Coverage › Invalidate and Clear" name="should increment invalidation stats" time="0.002">
    </testcase>
    <testcase classname="Cache Manager Service - Comprehensive Coverage › Invalidate and Clear" name="should invalidate by pattern - string pattern" time="0.004">
    </testcase>
    <testcase classname="Cache Manager Service - Comprehensive Coverage › Invalidate and Clear" name="should invalidate by pattern - regex pattern" time="0.002">
    </testcase>
    <testcase classname="Cache Manager Service - Comprehensive Coverage › Invalidate and Clear" name="should return zero when pattern matches nothing" time="0.001">
    </testcase>
    <testcase classname="Cache Manager Service - Comprehensive Coverage › Invalidate and Clear" name="should reset stats" time="0.007">
    </testcase>
    <testcase classname="Cache Manager Service - Comprehensive Coverage › Statistics and Metrics" name="should track hit rate correctly" time="0.001">
    </testcase>
    <testcase classname="Cache Manager Service - Comprehensive Coverage › Statistics and Metrics" name="should get stats object" time="0.001">
    </testcase>
    <testcase classname="Cache Manager Service - Comprehensive Coverage › Statistics and Metrics" name="should provide cache info via getStats" time="0.002">
    </testcase>
    <testcase classname="Cache Manager Service - Comprehensive Coverage › Statistics and Metrics" name="should calculate cache size from map" time="0.001">
    </testcase>
    <testcase classname="Cache Manager Service - Comprehensive Coverage › Statistics and Metrics" name="should check if key exists" time="0.001">
    </testcase>
    <testcase classname="Cache Manager Service - Comprehensive Coverage › Statistics and Metrics" name="should return false for expired keys in has()" time="0.102">
    </testcase>
    <testcase classname="Cache Manager Service - Comprehensive Coverage › Cleanup and Maintenance" name="should cleanup expired entries" time="0.102">
    </testcase>
    <testcase classname="Cache Manager Service - Comprehensive Coverage › Cleanup and Maintenance" name="should return zero when no entries need cleanup" time="0.001">
    </testcase>
    <testcase classname="Cache Manager Service - Comprehensive Coverage › Cleanup and Maintenance" name="should estimate memory usage" time="0.001">
    </testcase>
    <testcase classname="Cache Manager Service - Comprehensive Coverage › Edge Cases and Boundary Conditions" name="should handle very large values" time="0.001">
    </testcase>
    <testcase classname="Cache Manager Service - Comprehensive Coverage › Edge Cases and Boundary Conditions" name="should handle many entries" time="0.001">
    </testcase>
    <testcase classname="Cache Manager Service - Comprehensive Coverage › Edge Cases and Boundary Conditions" name="should handle rapid set/get cycles" time="0.001">
    </testcase>
    <testcase classname="Cache Manager Service - Comprehensive Coverage › Edge Cases and Boundary Conditions" name="should handle special characters in keys" time="0">
    </testcase>
    <testcase classname="Cache Manager Service - Comprehensive Coverage › Edge Cases and Boundary Conditions" name="should handle numeric keys (converted to string)" time="0.001">
    </testcase>
    <testcase classname="Cache Manager Service - Comprehensive Coverage › Edge Cases and Boundary Conditions" name="should handle boolean values" time="0">
    </testcase>
    <testcase classname="Cache Manager Service - Comprehensive Coverage › Edge Cases and Boundary Conditions" name="should handle zero as value" time="0">
    </testcase>
    <testcase classname="Cache Manager Service - Comprehensive Coverage › Edge Cases and Boundary Conditions" name="should handle empty object" time="0.001">
    </testcase>
    <testcase classname="Cache Manager Service - Comprehensive Coverage › Edge Cases and Boundary Conditions" name="should handle empty array" time="0">
    </testcase>
    <testcase classname="Cache Manager Service - Comprehensive Coverage › Concurrency and State" name="should maintain cache integrity through multiple operations" time="0">
    </testcase>
    <testcase classname="Cache Manager Service - Comprehensive Coverage › Concurrency and State" name="should not affect other cache instances" time="0.001">
    </testcase>
    <testcase classname="Cache Manager Service - Comprehensive Coverage › Concurrency and State" name="should maintain consistent stats" time="0.001">
    </testcase>
    <testcase classname="Cache Manager Service - Comprehensive Coverage › Clear and Reset Operations" name="should clear all entries" time="0.001">
    </testcase>
    <testcase classname="Cache Manager Service - Comprehensive Coverage › Clear and Reset Operations" name="should clear cache (separate from invalidate)" time="0.001">
    </testcase>
    <testcase classname="Cache Manager Service - Comprehensive Coverage › Module Interface" name="should export CacheManager class" time="0.001">
    </testcase>
    <testcase classname="Cache Manager Service - Comprehensive Coverage › Module Interface" name="should have all required public methods" time="0.002">
    </testcase>
    <testcase classname="Cache Manager Service - Comprehensive Coverage › Module Interface" name="should be instantiable with new" time="0.002">
    </testcase>
    <testcase classname="Cache Manager Service - Comprehensive Coverage › Real-World Usage Scenarios" name="should cache database query results" time="0.001">
    </testcase>
    <testcase classname="Cache Manager Service - Comprehensive Coverage › Real-World Usage Scenarios" name="should implement rate limiting cache" time="0.002">
    </testcase>
    <testcase classname="Cache Manager Service - Comprehensive Coverage › Real-World Usage Scenarios" name="should work as session cache" time="0.001">
    </testcase>
    <testcase classname="Cache Manager Service - Comprehensive Coverage › Real-World Usage Scenarios" name="should implement lazy loading pattern" time="0.002">
    </testcase>
  </testsuite>
  <testsuite name="CacheManager" errors="0" failures="0" skipped="0" timestamp="2026-01-13T11:41:26" time="0.921" tests="71">
    <testcase classname="CacheManager › constructor()" name="should initialize with default options" time="0.001">
    </testcase>
    <testcase classname="CacheManager › constructor()" name="should initialize with custom options" time="0.001">
    </testcase>
    <testcase classname="CacheManager › constructor()" name="should initialize with empty cache" time="0.001">
    </testcase>
    <testcase classname="CacheManager › constructor()" name="should initialize statistics to zero" time="0.002">
    </testcase>
    <testcase classname="CacheManager › set() and get()" name="should store and retrieve value" time="0.001">
    </testcase>
    <testcase classname="CacheManager › set() and get()" name="should store and retrieve object value" time="0.002">
    </testcase>
    <testcase classname="CacheManager › set() and get()" name="should store and retrieve array value" time="0.001">
    </testcase>
    <testcase classname="CacheManager › set() and get()" name="should store and retrieve null value" time="0.001">
    </testcase>
    <testcase classname="CacheManager › set() and get()" name="should store and retrieve undefined value" time="0.003">
    </testcase>
    <testcase classname="CacheManager › set() and get()" name="should return undefined for non-existent key" time="0.002">
    </testcase>
    <testcase classname="CacheManager › set() and get()" name="should overwrite existing value" time="0.002">
    </testcase>
    <testcase classname="CacheManager › set() and get()" name="should track set operation in stats" time="0.001">
    </testcase>
    <testcase classname="CacheManager › set() and get()" name="should handle multiple sets to same key" time="0.002">
    </testcase>
    <testcase classname="CacheManager › TTL and Expiration" name="should expire entry after TTL" time="0.16">
    </testcase>
    <testcase classname="CacheManager › TTL and Expiration" name="should not expire entry before TTL" time="0.101">
    </testcase>
    <testcase classname="CacheManager › TTL and Expiration" name="should use custom TTL over default" time="0">
    </testcase>
    <testcase classname="CacheManager › TTL and Expiration" name="should use default TTL when not specified" time="0.001">
    </testcase>
    <testcase classname="CacheManager › TTL and Expiration" name="should track expired access as miss in stats" time="0.101">
    </testcase>
    <testcase classname="CacheManager › invalidate()" name="should remove entry from cache" time="0.001">
    </testcase>
    <testcase classname="CacheManager › invalidate()" name="should return true when key exists" time="0">
    </testcase>
    <testcase classname="CacheManager › invalidate()" name="should return false when key does not exist" time="0.001">
    </testcase>
    <testcase classname="CacheManager › invalidate()" name="should remove from access order tracking" time="0.001">
    </testcase>
    <testcase classname="CacheManager › invalidate()" name="should track invalidation in stats" time="0">
    </testcase>
    <testcase classname="CacheManager › invalidate()" name="should not count invalidation of non-existent key in stats" time="0.001">
    </testcase>
    <testcase classname="CacheManager › invalidatePattern()" name="should invalidate entries matching wildcard pattern" time="0.001">
    </testcase>
    <testcase classname="CacheManager › invalidatePattern()" name="should invalidate entries matching regex pattern" time="0.001">
    </testcase>
    <testcase classname="CacheManager › invalidatePattern()" name="should not invalidate non-matching entries" time="0.001">
    </testcase>
    <testcase classname="CacheManager › invalidatePattern()" name="should return correct count of invalidated entries" time="0.001">
    </testcase>
    <testcase classname="CacheManager › invalidatePattern()" name="should track pattern invalidations in stats" time="0.002">
    </testcase>
    <testcase classname="CacheManager › invalidatePattern()" name="should handle pattern with no matches" time="0.002">
    </testcase>
    <testcase classname="CacheManager › clear()" name="should remove all entries from cache" time="0.001">
    </testcase>
    <testcase classname="CacheManager › clear()" name="should clear access order tracking" time="0.001">
    </testcase>
    <testcase classname="CacheManager › clear()" name="should update invalidations stats" time="0.001">
    </testcase>
    <testcase classname="CacheManager › clear()" name="should handle clearing empty cache" time="0.005">
    </testcase>
    <testcase classname="CacheManager › LRU Eviction" name="should evict least recently used entry when cache is full" time="0">
    </testcase>
    <testcase classname="CacheManager › LRU Eviction" name="should not evict recently accessed entries" time="0">
    </testcase>
    <testcase classname="CacheManager › LRU Eviction" name="should track evictions in stats" time="0.001">
    </testcase>
    <testcase classname="CacheManager › LRU Eviction" name="should not evict when updating existing key" time="0.001">
    </testcase>
    <testcase classname="CacheManager › LRU Eviction" name="should handle multiple evictions correctly" time="0.001">
    </testcase>
    <testcase classname="CacheManager › has()" name="should return true for existing valid entry" time="0.001">
    </testcase>
    <testcase classname="CacheManager › has()" name="should return false for non-existent entry" time="0.001">
    </testcase>
    <testcase classname="CacheManager › has()" name="should return false for expired entry" time="0.102">
    </testcase>
    <testcase classname="CacheManager › has()" name="should remove expired entry when checking" time="0.101">
    </testcase>
    <testcase classname="CacheManager › cleanup()" name="should remove all expired entries" time="0.101">
    </testcase>
    <testcase classname="CacheManager › cleanup()" name="should return count of cleaned entries" time="0.101">
    </testcase>
    <testcase classname="CacheManager › cleanup()" name="should handle cleanup with no expired entries" time="0.001">
    </testcase>
    <testcase classname="CacheManager › getStats()" name="should return statistics object" time="0.001">
    </testcase>
    <testcase classname="CacheManager › getStats()" name="should calculate hit rate correctly" time="0.001">
    </testcase>
    <testcase classname="CacheManager › getStats()" name="should return 0 hit rate with no requests" time="0.001">
    </testcase>
    <testcase classname="CacheManager › getStats()" name="should return 100 hit rate with all hits" time="0.001">
    </testcase>
    <testcase classname="CacheManager › getStats()" name="should track current cache size" time="0.001">
    </testcase>
    <testcase classname="CacheManager › getStats()" name="should report maxSize" time="0">
    </testcase>
    <testcase classname="CacheManager › getStats()" name="should estimate memory usage" time="0.001">
    </testcase>
    <testcase classname="CacheManager › resetStats()" name="should reset all statistics to zero" time="0.001">
    </testcase>
    <testcase classname="CacheManager › resetStats()" name="should not clear cache entries" time="0">
    </testcase>
    <testcase classname="CacheManager › resetStats()" name="should allow statistics to be collected again after reset" time="0.001">
    </testcase>
    <testcase classname="CacheManager › Performance" name="should handle large number of set operations" time="0.001">
    </testcase>
    <testcase classname="CacheManager › Performance" name="should handle rapid get operations" time="0.002">
    </testcase>
    <testcase classname="CacheManager › Performance" name="should maintain accurate statistics under load" time="0.001">
    </testcase>
    <testcase classname="CacheManager › Edge Cases" name="should handle numeric keys" time="0.001">
    </testcase>
    <testcase classname="CacheManager › Edge Cases" name="should handle keys with special characters" time="0.001">
    </testcase>
    <testcase classname="CacheManager › Edge Cases" name="should handle very long keys" time="0.001">
    </testcase>
    <testcase classname="CacheManager › Edge Cases" name="should handle circular reference values gracefully" time="0.001">
    </testcase>
    <testcase classname="CacheManager › Edge Cases" name="should handle empty string values" time="0">
    </testcase>
    <testcase classname="CacheManager › Edge Cases" name="should handle boolean values" time="0">
    </testcase>
    <testcase classname="CacheManager › Edge Cases" name="should handle zero and negative numbers" time="0.001">
    </testcase>
    <testcase classname="CacheManager › Edge Cases" name="should handle very large TTL values" time="0">
    </testcase>
    <testcase classname="CacheManager › Edge Cases" name="should handle very small (but positive) TTL values" time="0.011">
    </testcase>
    <testcase classname="CacheManager › Integration Scenarios" name="should handle complete cache lifecycle" time="0.001">
    </testcase>
    <testcase classname="CacheManager › Integration Scenarios" name="should handle cache warming and pattern invalidation" time="0.001">
    </testcase>
    <testcase classname="CacheManager › Integration Scenarios" name="should handle stats-driven cache optimization" time="0.001">
    </testcase>
  </testsuite>
  <testsuite name="Phase 17: GuildAwareReminderService" errors="0" failures="0" skipped="0" timestamp="2026-01-13T11:41:27" time="0.566" tests="33">
    <testcase classname="Phase 17: GuildAwareReminderService › Module Initialization &amp; Exports" name="should be importable and return a module object" time="0.002">
    </testcase>
    <testcase classname="Phase 17: GuildAwareReminderService › Module Initialization &amp; Exports" name="should export all required methods" time="0.001">
    </testcase>
    <testcase classname="Phase 17: GuildAwareReminderService › Module Initialization &amp; Exports" name="should have createReminder as a function" time="0.001">
    </testcase>
    <testcase classname="Phase 17: GuildAwareReminderService › Module Initialization &amp; Exports" name="should have addReminderAssignment as a function" time="0.001">
    </testcase>
    <testcase classname="Phase 17: GuildAwareReminderService › Module Initialization &amp; Exports" name="should have getReminderById as a function" time="0.001">
    </testcase>
    <testcase classname="Phase 17: GuildAwareReminderService › Module Initialization &amp; Exports" name="should have updateReminder as a function" time="0.001">
    </testcase>
    <testcase classname="Phase 17: GuildAwareReminderService › Reminder CRUD Operations" name="should create a new reminder successfully" time="0.034">
    </testcase>
    <testcase classname="Phase 17: GuildAwareReminderService › Reminder CRUD Operations" name="should retrieve reminder by ID" time="0.011">
    </testcase>
    <testcase classname="Phase 17: GuildAwareReminderService › Reminder CRUD Operations" name="should update an existing reminder" time="0.018">
    </testcase>
    <testcase classname="Phase 17: GuildAwareReminderService › Reminder CRUD Operations" name="should delete a reminder" time="0.019">
    </testcase>
    <testcase classname="Phase 17: GuildAwareReminderService › Reminder CRUD Operations" name="should retrieve all reminders for a guild" time="0.011">
    </testcase>
    <testcase classname="Phase 17: GuildAwareReminderService › Reminder Assignment Management" name="should add user assignment to reminder" time="0.031">
    </testcase>
    <testcase classname="Phase 17: GuildAwareReminderService › Reminder Assignment Management" name="should add role assignment to reminder" time="0.014">
    </testcase>
    <testcase classname="Phase 17: GuildAwareReminderService › Reminder Assignment Management" name="should validate assignee type (user or role)" time="0.019">
    </testcase>
    <testcase classname="Phase 17: GuildAwareReminderService › Reminder Assignment Management" name="should handle duplicate assignments" time="0.012">
    </testcase>
    <testcase classname="Phase 17: GuildAwareReminderService › Search and Filtering" name="should search reminders by subject" time="0.012">
    </testcase>
    <testcase classname="Phase 17: GuildAwareReminderService › Search and Filtering" name="should handle empty search results" time="0.021">
    </testcase>
    <testcase classname="Phase 17: GuildAwareReminderService › Search and Filtering" name="should handle special characters in search" time="0.012">
    </testcase>
    <testcase classname="Phase 17: GuildAwareReminderService › Guild-Specific Operations" name="should isolate reminders by guild" time="0.021">
    </testcase>
    <testcase classname="Phase 17: GuildAwareReminderService › Guild-Specific Operations" name="should get guild reminder statistics" time="0.011">
    </testcase>
    <testcase classname="Phase 17: GuildAwareReminderService › Guild-Specific Operations" name="should delete all reminders for a guild" time="0.001">
    </testcase>
    <testcase classname="Phase 17: GuildAwareReminderService › Guild-Specific Operations" name="should handle operations on different guild IDs independently" time="0.022">
    </testcase>
    <testcase classname="Phase 17: GuildAwareReminderService › Error Handling &amp; Validation" name="should handle invalid guild ID" time="0.018">
    </testcase>
    <testcase classname="Phase 17: GuildAwareReminderService › Error Handling &amp; Validation" name="should handle invalid reminder data" time="0.014">
    </testcase>
    <testcase classname="Phase 17: GuildAwareReminderService › Error Handling &amp; Validation" name="should handle missing reminder fields" time="0.015">
    </testcase>
    <testcase classname="Phase 17: GuildAwareReminderService › Error Handling &amp; Validation" name="should validate reminder ID parameter" time="0.011">
    </testcase>
    <testcase classname="Phase 17: GuildAwareReminderService › Error Handling &amp; Validation" name="should handle database connection errors gracefully" time="0.01">
    </testcase>
    <testcase classname="Phase 17: GuildAwareReminderService › Integration Workflows" name="should support full reminder lifecycle" time="0.027">
    </testcase>
    <testcase classname="Phase 17: GuildAwareReminderService › Integration Workflows" name="should support reminder with assignments workflow" time="0.031">
    </testcase>
    <testcase classname="Phase 17: GuildAwareReminderService › Integration Workflows" name="should support multi-guild parallel operations" time="0.034">
    </testcase>
    <testcase classname="Phase 17: GuildAwareReminderService › Integration Workflows" name="should handle search and statistics together" time="0.013">
    </testcase>
    <testcase classname="Phase 17: GuildAwareReminderService › Database Lifecycle" name="should handle multiple sequential operations" time="0.023">
    </testcase>
    <testcase classname="Phase 17: GuildAwareReminderService › Database Lifecycle" name="should maintain guild database isolation across calls" time="0.02">
    </testcase>
  </testsuite>
  <testsuite name="Phase 17: GuildAwareDatabaseService" errors="0" failures="0" skipped="0" timestamp="2026-01-13T11:41:27" time="0.441" tests="30">
    <testcase classname="Phase 17: GuildAwareDatabaseService › Module Initialization &amp; Exports" name="should be importable and return a service instance" time="0.002">
    </testcase>
    <testcase classname="Phase 17: GuildAwareDatabaseService › Module Initialization &amp; Exports" name="should be a GuildAwareDatabaseService instance" time="0.003">
    </testcase>
    <testcase classname="Phase 17: GuildAwareDatabaseService › Module Initialization &amp; Exports" name="should have quote management methods" time="0.002">
    </testcase>
    <testcase classname="Phase 17: GuildAwareDatabaseService › Module Initialization &amp; Exports" name="should have rating and tagging methods" time="0.001">
    </testcase>
    <testcase classname="Phase 17: GuildAwareDatabaseService › Module Initialization &amp; Exports" name="should have guild management methods" time="0.001">
    </testcase>
    <testcase classname="Phase 17: GuildAwareDatabaseService › Quote CRUD Operations (Guild-Scoped)" name="should add a quote to a guild database" time="0.021">
    </testcase>
    <testcase classname="Phase 17: GuildAwareDatabaseService › Quote CRUD Operations (Guild-Scoped)" name="should retrieve all quotes from a guild" time="0.015">
    </testcase>
    <testcase classname="Phase 17: GuildAwareDatabaseService › Quote CRUD Operations (Guild-Scoped)" name="should get a specific quote by ID" time="0.011">
    </testcase>
    <testcase classname="Phase 17: GuildAwareDatabaseService › Quote CRUD Operations (Guild-Scoped)" name="should update a quote in guild database" time="0.01">
    </testcase>
    <testcase classname="Phase 17: GuildAwareDatabaseService › Quote CRUD Operations (Guild-Scoped)" name="should delete a quote from guild database" time="0.01">
    </testcase>
    <testcase classname="Phase 17: GuildAwareDatabaseService › Quote CRUD Operations (Guild-Scoped)" name="should get quote count for a guild" time="0.013">
    </testcase>
    <testcase classname="Phase 17: GuildAwareDatabaseService › Quote Rating &amp; Tagging (Guild-Scoped)" name="should rate a quote in a guild" time="0.012">
    </testcase>
    <testcase classname="Phase 17: GuildAwareDatabaseService › Quote Rating &amp; Tagging (Guild-Scoped)" name="should get rating for a quote" time="0.011">
    </testcase>
    <testcase classname="Phase 17: GuildAwareDatabaseService › Quote Rating &amp; Tagging (Guild-Scoped)" name="should tag a quote in a guild" time="0.02">
    </testcase>
    <testcase classname="Phase 17: GuildAwareDatabaseService › Quote Rating &amp; Tagging (Guild-Scoped)" name="should retrieve quotes by tag in a guild" time="0.013">
    </testcase>
    <testcase classname="Phase 17: GuildAwareDatabaseService › Search &amp; Retrieval (Guild-Scoped)" name="should search quotes in a guild" time="0.011">
    </testcase>
    <testcase classname="Phase 17: GuildAwareDatabaseService › Search &amp; Retrieval (Guild-Scoped)" name="should handle search with no results" time="0.011">
    </testcase>
    <testcase classname="Phase 17: GuildAwareDatabaseService › Search &amp; Retrieval (Guild-Scoped)" name="should handle special characters in search" time="0.011">
    </testcase>
    <testcase classname="Phase 17: GuildAwareDatabaseService › Guild Isolation &amp; Multi-Guild Operations" name="should isolate quotes between guilds" time="0.021">
    </testcase>
    <testcase classname="Phase 17: GuildAwareDatabaseService › Guild Isolation &amp; Multi-Guild Operations" name="should handle parallel operations on different guilds" time="0.035">
    </testcase>
    <testcase classname="Phase 17: GuildAwareDatabaseService › Guild Isolation &amp; Multi-Guild Operations" name="should validate guild ID is required" time="0.001">
    </testcase>
    <testcase classname="Phase 17: GuildAwareDatabaseService › Data Export &amp; Statistics" name="should export guild data" time="0.014">
    </testcase>
    <testcase classname="Phase 17: GuildAwareDatabaseService › Data Export &amp; Statistics" name="should get guild statistics" time="0.012">
    </testcase>
    <testcase classname="Phase 17: GuildAwareDatabaseService › Data Export &amp; Statistics" name="should delete all guild data" time="0.003">
    </testcase>
    <testcase classname="Phase 17: GuildAwareDatabaseService › Error Handling &amp; Validation" name="should validate required parameters" time="0.001">
    </testcase>
    <testcase classname="Phase 17: GuildAwareDatabaseService › Error Handling &amp; Validation" name="should validate quote text is required" time="0.001">
    </testcase>
    <testcase classname="Phase 17: GuildAwareDatabaseService › Error Handling &amp; Validation" name="should handle invalid quote ID type" time="0.002">
    </testcase>
    <testcase classname="Phase 17: GuildAwareDatabaseService › Error Handling &amp; Validation" name="should validate rating value" time="0.002">
    </testcase>
    <testcase classname="Phase 17: GuildAwareDatabaseService › Integration Workflows" name="should support complete quote workflow" time="0.066">
    </testcase>
    <testcase classname="Phase 17: GuildAwareDatabaseService › Integration Workflows" name="should handle multi-guild isolated workflows" time="0.03">
    </testcase>
  </testsuite>
  <testsuite name="sendSuccess()" errors="0" failures="0" skipped="0" timestamp="2026-01-13T11:41:28" time="0.463" tests="61">
    <testcase classname="sendSuccess()" name="should send success message to fresh interaction" time="0.002">
    </testcase>
    <testcase classname="sendSuccess()" name="should set ephemeral flag when specified" time="0.001">
    </testcase>
    <testcase classname="sendSuccess()" name="should not set ephemeral when false" time="0.001">
    </testcase>
    <testcase classname="sendSuccess()" name="should send as editReply if interaction already replied" time="0">
    </testcase>
    <testcase classname="sendSuccess()" name="should send as editReply if interaction deferred" time="0.001">
    </testcase>
    <testcase classname="sendSuccess()" name="should handle very long success messages" time="0.001">
    </testcase>
    <testcase classname="sendSuccess()" name="should handle empty success message" time="0">
    </testcase>
    <testcase classname="sendSuccess()" name="should handle special characters in message" time="0.001">
    </testcase>
    <testcase classname="sendError()" name="should send error message to fresh interaction" time="0">
    </testcase>
    <testcase classname="sendError()" name="should set ephemeral flag when specified" time="0">
    </testcase>
    <testcase classname="sendError()" name="should not set ephemeral when false" time="0.001">
    </testcase>
    <testcase classname="sendError()" name="should send as editReply if interaction already replied" time="0">
    </testcase>
    <testcase classname="sendError()" name="should send as editReply if interaction deferred" time="0.004">
    </testcase>
    <testcase classname="sendError()" name="should handle very long error messages" time="0.001">
    </testcase>
    <testcase classname="sendError()" name="should format error with code block for technical errors" time="0.001">
    </testcase>
    <testcase classname="sendDM()" name="should send DM to user" time="0.001">
    </testcase>
    <testcase classname="sendDM()" name="should include confirm message when provided" time="0">
    </testcase>
    <testcase classname="sendDM()" name="should handle DM send failure gracefully" time="0.001">
    </testcase>
    <testcase classname="sendDM()" name="should handle very long DM messages" time="0.001">
    </testcase>
    <testcase classname="sendDM()" name="should handle special characters in DM" time="0.001">
    </testcase>
    <testcase classname="deferReply()" name="should defer reply on fresh interaction" time="0">
    </testcase>
    <testcase classname="deferReply()" name="should skip defer when already deferred" time="0.001">
    </testcase>
    <testcase classname="deferReply()" name="should skip defer when already replied" time="0">
    </testcase>
    <testcase classname="sendQuoteEmbed()" name="should send quote embed to fresh interaction" time="0.001">
    </testcase>
    <testcase classname="sendQuoteEmbed()" name="should include quote text in embed" time="0.001">
    </testcase>
    <testcase classname="sendQuoteEmbed()" name="should include author in embed" time="0">
    </testcase>
    <testcase classname="sendQuoteEmbed()" name="should handle quote with very long text" time="0.001">
    </testcase>
    <testcase classname="sendQuoteEmbed()" name="should handle quote with tags" time="0.001">
    </testcase>
    <testcase classname="sendQuoteEmbed()" name="should handle quote with empty tags" time="0">
    </testcase>
    <testcase classname="sendQuoteEmbed()" name="should send as editReply if interaction deferred" time="0">
    </testcase>
    <testcase classname="sendQuoteEmbed()" name="should handle quote with special characters in text" time="0.001">
    </testcase>
    <testcase classname="sendQuoteEmbed()" name="should handle quote with unicode characters" time="0.001">
    </testcase>
    <testcase classname="sendOptInSuccess() and sendOptOutSuccess()" name="should send opt-in success message" time="0.001">
    </testcase>
    <testcase classname="sendOptInSuccess() and sendOptOutSuccess()" name="should send opt-out success message" time="0">
    </testcase>
    <testcase classname="sendOptInSuccess() and sendOptOutSuccess()" name="should set ephemeral flag for opt-in" time="0.001">
    </testcase>
    <testcase classname="sendOptInSuccess() and sendOptOutSuccess()" name="should set ephemeral flag for opt-out" time="0">
    </testcase>
    <testcase classname="sendOptInSuccess() and sendOptOutSuccess()" name="should handle deferred interaction for opt-in" time="0.001">
    </testcase>
    <testcase classname="sendOptInSuccess() and sendOptOutSuccess()" name="should handle deferred interaction for opt-out" time="0.001">
    </testcase>
    <testcase classname="sendOptInStatus()" name="should show opted in status" time="0">
    </testcase>
    <testcase classname="sendOptInStatus()" name="should show opted out status" time="0.001">
    </testcase>
    <testcase classname="sendOptInStatus()" name="should include timestamp information" time="0">
    </testcase>
    <testcase classname="sendOptInStatus()" name="should handle null timestamp gracefully" time="0">
    </testcase>
    <testcase classname="sendOptInDecisionPrompt()" name="should send opt-in decision prompt" time="0.002">
    </testcase>
    <testcase classname="sendOptInDecisionPrompt()" name="should include recipient info in prompt" time="0.001">
    </testcase>
    <testcase classname="sendOptInDecisionPrompt()" name="should include reminder subject in prompt" time="0">
    </testcase>
    <testcase classname="sendOptInDecisionPrompt()" name="should have action buttons" time="0">
    </testcase>
    <testcase classname="sendReminderCreatedServerOnly()" name="should send reminder created server message" time="0.004">
    </testcase>
    <testcase classname="sendReminderCreatedServerOnly()" name="should include recipient in message" time="0.001">
    </testcase>
    <testcase classname="sendReminderCreatedServerOnly()" name="should include reminder subject" time="0">
    </testcase>
    <testcase classname="sendReminderCreatedServerOnly()" name="should set ephemeral flag" time="0.001">
    </testcase>
    <testcase classname="sendOptInRequest()" name="should send opt-in request DM" time="0.001">
    </testcase>
    <testcase classname="sendOptInRequest()" name="should include sender info in DM" time="0">
    </testcase>
    <testcase classname="sendOptInRequest()" name="should include reminder subject in DM" time="0">
    </testcase>
    <testcase classname="sendOptInRequest()" name="should handle DM creation failure gracefully" time="0.001">
    </testcase>
    <testcase classname="Response Helpers: Integration Scenarios" name="should handle complete quote display workflow" time="0">
    </testcase>
    <testcase classname="Response Helpers: Integration Scenarios" name="should handle error response workflow" time="0.001">
    </testcase>
    <testcase classname="Response Helpers: Integration Scenarios" name="should handle opt-in workflow" time="0.001">
    </testcase>
    <testcase classname="Response Helpers: Integration Scenarios" name="should handle reminder creation workflow" time="0">
    </testcase>
    <testcase classname="Response Helpers: Integration Scenarios" name="should handle ephemeral responses consistently" time="0.001">
    </testcase>
    <testcase classname="Response Helpers: Integration Scenarios" name="should handle deferred responses consistently" time="0">
    </testcase>
    <testcase classname="Response Helpers: Integration Scenarios" name="should handle multiple interactions sequentially" time="0.001">
    </testcase>
  </testsuite>
  <testsuite name="DatabasePool" errors="0" failures="0" skipped="0" timestamp="2026-01-13T11:41:28" time="0.374" tests="34">
    <testcase classname="DatabasePool › Initialization" name="should create pool with specified size" time="0.002">
    </testcase>
    <testcase classname="DatabasePool › Initialization" name="should initialize all connections as available" time="0.001">
    </testcase>
    <testcase classname="DatabasePool › Initialization" name="should track creation statistics" time="0">
    </testcase>
    <testcase classname="DatabasePool › Initialization" name="should support custom pool size" time="0.001">
    </testcase>
    <testcase classname="DatabasePool › getConnection()" name="should return available connection" time="0.001">
    </testcase>
    <testcase classname="DatabasePool › getConnection()" name="should mark connection as in use" time="0.001">
    </testcase>
    <testcase classname="DatabasePool › getConnection()" name="should increment acquired counter" time="0">
    </testcase>
    <testcase classname="DatabasePool › getConnection()" name="should acquire multiple connections" time="0">
    </testcase>
    <testcase classname="DatabasePool › getConnection()" name="should queue request when pool exhausted" time="0.104">
    </testcase>
    <testcase classname="DatabasePool › getConnection()" name="should timeout queued requests after timeout period" time="0.052">
    </testcase>
    <testcase classname="DatabasePool › releaseConnection()" name="should release connection back to pool" time="0.001">
    </testcase>
    <testcase classname="DatabasePool › releaseConnection()" name="should mark connection as not in use" time="0.001">
    </testcase>
    <testcase classname="DatabasePool › releaseConnection()" name="should increment released counter" time="0.001">
    </testcase>
    <testcase classname="DatabasePool › releaseConnection()" name="should handle null connection gracefully" time="0.003">
    </testcase>
    <testcase classname="DatabasePool › releaseConnection()" name="should handle connection with no db property" time="0">
    </testcase>
    <testcase classname="DatabasePool › releaseConnection()" name="should serve queued request from released connection" time="0.001">
    </testcase>
    <testcase classname="DatabasePool › execQuery()" name="should execute query and return result" time="0.001">
    </testcase>
    <testcase classname="DatabasePool › execQuery()" name="should support &quot;get&quot; method" time="0.001">
    </testcase>
    <testcase classname="DatabasePool › execQuery()" name="should support &quot;run&quot; method" time="0.001">
    </testcase>
    <testcase classname="DatabasePool › execQuery()" name="should automatically manage connection lifecycle" time="0.001">
    </testcase>
    <testcase classname="DatabasePool › execQuery()" name="should release connection even if result is empty" time="0.001">
    </testcase>
    <testcase classname="DatabasePool › execQuery()" name="should handle multiple concurrent queries" time="0.001">
    </testcase>
    <testcase classname="DatabasePool › Statistics and Monitoring" name="should track all statistics" time="0.001">
    </testcase>
    <testcase classname="DatabasePool › Statistics and Monitoring" name="should initialize statistics to zero" time="0.001">
    </testcase>
    <testcase classname="DatabasePool › Statistics and Monitoring" name="should track queue depth" time="0.101">
    </testcase>
    <testcase classname="DatabasePool › Connection Lifecycle" name="should maintain connection across release and reacquire" time="0.001">
    </testcase>
    <testcase classname="DatabasePool › Connection Lifecycle" name="should track lastUsed timestamp" time="0.012">
    </testcase>
    <testcase classname="DatabasePool › Connection Lifecycle" name="should support multiple acquire-release cycles" time="0.001">
    </testcase>
    <testcase classname="DatabasePool › Pool Exhaustion" name="should queue requests when pool is full" time="0.001">
    </testcase>
    <testcase classname="DatabasePool › Pool Exhaustion" name="should handle multiple queued requests" time="0.001">
    </testcase>
    <testcase classname="DatabasePool › Edge Cases" name="should handle close gracefully" time="0.001">
    </testcase>
    <testcase classname="DatabasePool › Edge Cases" name="should clear pool on close" time="0.001">
    </testcase>
    <testcase classname="DatabasePool › Edge Cases" name="should handle very small pool size" time="0.001">
    </testcase>
    <testcase classname="DatabasePool › Edge Cases" name="should handle rapid acquire-release cycles" time="0.001">
    </testcase>
  </testsuite>
  <testsuite name="Response Helpers - Advanced Edge Cases" errors="0" failures="0" skipped="0" timestamp="2026-01-13T11:41:28" time="0.281" tests="33">
    <testcase classname="Response Helpers - Advanced Edge Cases › sendQuoteEmbed()" name="should send embed to fresh interaction with reply" time="0.002">
    </testcase>
    <testcase classname="Response Helpers - Advanced Edge Cases › sendQuoteEmbed()" name="should send embed to deferred interaction with editReply" time="0.001">
    </testcase>
    <testcase classname="Response Helpers - Advanced Edge Cases › sendQuoteEmbed()" name="should use editReply for already replied interaction" time="0.001">
    </testcase>
    <testcase classname="Response Helpers - Advanced Edge Cases › sendQuoteEmbed()" name="should include quote text in embed" time="0">
    </testcase>
    <testcase classname="Response Helpers - Advanced Edge Cases › sendQuoteEmbed()" name="should include author in embed footer" time="0.001">
    </testcase>
    <testcase classname="Response Helpers - Advanced Edge Cases › sendQuoteEmbed()" name="should handle quote with very long text" time="0.001">
    </testcase>
    <testcase classname="Response Helpers - Advanced Edge Cases › sendQuoteEmbed()" name="should use default title when not provided" time="0.001">
    </testcase>
    <testcase classname="Response Helpers - Advanced Edge Cases › sendQuoteEmbed()" name="should handle quote with special characters" time="0.001">
    </testcase>
    <testcase classname="Response Helpers - Advanced Edge Cases › sendQuoteEmbed()" name="should handle quote with null author" time="0.001">
    </testcase>
    <testcase classname="Response Helpers - Advanced Edge Cases › sendQuoteEmbed()" name="should set appropriate embed color" time="0.006">
    </testcase>
    <testcase classname="Response Helpers - Advanced Edge Cases › sendSuccess()" name="should send success message to fresh interaction" time="0.001">
    </testcase>
    <testcase classname="Response Helpers - Advanced Edge Cases › sendSuccess()" name="should set ephemeral flag when specified" time="0.001">
    </testcase>
    <testcase classname="Response Helpers - Advanced Edge Cases › sendSuccess()" name="should not set ephemeral when false" time="0.001">
    </testcase>
    <testcase classname="Response Helpers - Advanced Edge Cases › sendSuccess()" name="should use editReply for deferred interaction" time="0">
    </testcase>
    <testcase classname="Response Helpers - Advanced Edge Cases › sendSuccess()" name="should handle very long success message" time="0">
    </testcase>
    <testcase classname="Response Helpers - Advanced Edge Cases › sendSuccess()" name="should handle empty success message" time="0.001">
    </testcase>
    <testcase classname="Response Helpers - Advanced Edge Cases › sendSuccess()" name="should handle special characters in message" time="0.001">
    </testcase>
    <testcase classname="Response Helpers - Advanced Edge Cases › sendSuccess()" name="should handle message with newlines" time="0.001">
    </testcase>
    <testcase classname="Response Helpers - Advanced Edge Cases › sendSuccess()" name="should default ephemeral to false" time="0.001">
    </testcase>
    <testcase classname="Response Helpers - Advanced Edge Cases › sendError()" name="should send error message to fresh interaction" time="0.001">
    </testcase>
    <testcase classname="Response Helpers - Advanced Edge Cases › sendError()" name="should default ephemeral to true for errors" time="0">
    </testcase>
    <testcase classname="Response Helpers - Advanced Edge Cases › sendError()" name="should allow overriding ephemeral" time="0.001">
    </testcase>
    <testcase classname="Response Helpers - Advanced Edge Cases › sendError()" name="should use editReply for deferred interaction" time="0">
    </testcase>
    <testcase classname="Response Helpers - Advanced Edge Cases › sendError()" name="should handle very long error message" time="0.001">
    </testcase>
    <testcase classname="Response Helpers - Advanced Edge Cases › sendError()" name="should handle error with technical details" time="0">
    </testcase>
    <testcase classname="Response Helpers - Advanced Edge Cases › sendError()" name="should handle empty error message" time="0.001">
    </testcase>
    <testcase classname="Response Helpers - Advanced Edge Cases › Interaction State Combinations" name="should handle fresh interaction correctly" time="0.001">
    </testcase>
    <testcase classname="Response Helpers - Advanced Edge Cases › Interaction State Combinations" name="should handle deferred then edit" time="0">
    </testcase>
    <testcase classname="Response Helpers - Advanced Edge Cases › Interaction State Combinations" name="should handle already replied interaction" time="0">
    </testcase>
    <testcase classname="Response Helpers - Advanced Edge Cases › Interaction State Combinations" name="should handle multiple sequential responses" time="0.001">
    </testcase>
    <testcase classname="Response Helpers - Advanced Edge Cases › Error Handling &amp; Edge Cases" name="should not throw on unexpected interaction state" time="0">
    </testcase>
    <testcase classname="Response Helpers - Advanced Edge Cases › Error Handling &amp; Edge Cases" name="should handle concurrent message sends" time="0.001">
    </testcase>
    <testcase classname="Response Helpers - Advanced Edge Cases › Error Handling &amp; Edge Cases" name="should preserve message content for audit trails" time="0">
    </testcase>
  </testsuite>
  <testsuite name="Phase 17: DatabaseService" errors="0" failures="0" skipped="0" timestamp="2026-01-13T11:41:29" time="0.241" tests="43">
    <testcase classname="Phase 17: DatabaseService › Module Initialization &amp; Exports" name="should be importable and return a module object" time="0.001">
    </testcase>
    <testcase classname="Phase 17: DatabaseService › Module Initialization &amp; Exports" name="should export all required CRUD methods" time="0">
    </testcase>
    <testcase classname="Phase 17: DatabaseService › Module Initialization &amp; Exports" name="should export rating methods" time="0">
    </testcase>
    <testcase classname="Phase 17: DatabaseService › Module Initialization &amp; Exports" name="should export tag methods" time="0">
    </testcase>
    <testcase classname="Phase 17: DatabaseService › Module Initialization &amp; Exports" name="should export export methods" time="0.001">
    </testcase>
    <testcase classname="Phase 17: DatabaseService › Module Initialization &amp; Exports" name="should export proxy configuration methods" time="0.001">
    </testcase>
    <testcase classname="Phase 17: DatabaseService › Database Connection Management" name="should initialize database connection" time="0.001">
    </testcase>
    <testcase classname="Phase 17: DatabaseService › Database Connection Management" name="should get database connection" time="0.006">
    </testcase>
    <testcase classname="Phase 17: DatabaseService › Database Connection Management" name="should close database connection cleanly" time="0.001">
    </testcase>
    <testcase classname="Phase 17: DatabaseService › Database Connection Management" name="should handle setupSchema call" time="0.001">
    </testcase>
    <testcase classname="Phase 17: DatabaseService › Quote CRUD Operations" name="should add a new quote successfully (CREATE)" time="0.011">
    </testcase>
    <testcase classname="Phase 17: DatabaseService › Quote CRUD Operations" name="should retrieve all quotes (READ ALL)" time="0.003">
    </testcase>
    <testcase classname="Phase 17: DatabaseService › Quote CRUD Operations" name="should retrieve quote by ID" time="0.002">
    </testcase>
    <testcase classname="Phase 17: DatabaseService › Quote CRUD Operations" name="should search quotes by text" time="0.002">
    </testcase>
    <testcase classname="Phase 17: DatabaseService › Quote CRUD Operations" name="should update an existing quote" time="0.002">
    </testcase>
    <testcase classname="Phase 17: DatabaseService › Quote CRUD Operations" name="should delete a quote" time="0.001">
    </testcase>
    <testcase classname="Phase 17: DatabaseService › Quote CRUD Operations" name="should get quote count" time="0.001">
    </testcase>
    <testcase classname="Phase 17: DatabaseService › Quote Rating Operations" name="should rate a quote" time="0.004">
    </testcase>
    <testcase classname="Phase 17: DatabaseService › Quote Rating Operations" name="should get quote rating" time="0.002">
    </testcase>
    <testcase classname="Phase 17: DatabaseService › Quote Tag Operations" name="should add a tag" time="0.007">
    </testcase>
    <testcase classname="Phase 17: DatabaseService › Quote Tag Operations" name="should get tag by name" time="0.001">
    </testcase>
    <testcase classname="Phase 17: DatabaseService › Quote Tag Operations" name="should add tag to quote" time="0.006">
    </testcase>
    <testcase classname="Phase 17: DatabaseService › Quote Tag Operations" name="should get quotes by tag" time="0.002">
    </testcase>
    <testcase classname="Phase 17: DatabaseService › Quote Tag Operations" name="should get all tags" time="0.001">
    </testcase>
    <testcase classname="Phase 17: DatabaseService › Export Functionality" name="should export quotes as JSON" time="0.002">
    </testcase>
    <testcase classname="Phase 17: DatabaseService › Export Functionality" name="should export quotes as CSV" time="0.004">
    </testcase>
    <testcase classname="Phase 17: DatabaseService › Proxy Configuration Management" name="should set proxy configuration" time="0.007">
    </testcase>
    <testcase classname="Phase 17: DatabaseService › Proxy Configuration Management" name="should get proxy configuration" time="0.001">
    </testcase>
    <testcase classname="Phase 17: DatabaseService › Proxy Configuration Management" name="should delete proxy configuration" time="0.007">
    </testcase>
    <testcase classname="Phase 17: DatabaseService › Proxy Configuration Management" name="should get all proxy configuration" time="0.003">
    </testcase>
    <testcase classname="Phase 17: DatabaseService › Error Handling &amp; Validation" name="should handle quote retrieval for non-existent ID" time="0.001">
    </testcase>
    <testcase classname="Phase 17: DatabaseService › Error Handling &amp; Validation" name="should handle invalid search queries gracefully" time="0.003">
    </testcase>
    <testcase classname="Phase 17: DatabaseService › Error Handling &amp; Validation" name="should handle rating non-existent quote" time="0.003">
    </testcase>
    <testcase classname="Phase 17: DatabaseService › Error Handling &amp; Validation" name="should handle invalid rating values" time="0.001">
    </testcase>
    <testcase classname="Phase 17: DatabaseService › Error Handling &amp; Validation" name="should handle tag operations on non-existent quote" time="0.002">
    </testcase>
    <testcase classname="Phase 17: DatabaseService › Guild-Aware API Compatibility" name="should detect guild-aware API calls" time="0.001">
    </testcase>
    <testcase classname="Phase 17: DatabaseService › Guild-Aware API Compatibility" name="should route guild-aware calls appropriately" time="0.015">
    </testcase>
    <testcase classname="Phase 17: DatabaseService › Quote Category Operations" name="should retrieve quotes by category" time="0.003">
    </testcase>
    <testcase classname="Phase 17: DatabaseService › Database Lifecycle" name="should cleanly close database without errors" time="0.001">
    </testcase>
    <testcase classname="Phase 17: DatabaseService › Database Lifecycle" name="should handle getDatabase() safely" time="0.001">
    </testcase>
    <testcase classname="Phase 17: DatabaseService › Integration Tests" name="should support full quote lifecycle" time="0.021">
    </testcase>
    <testcase classname="Phase 17: DatabaseService › Integration Tests" name="should support rating and tagging workflow" time="0.027">
    </testcase>
    <testcase classname="Phase 17: DatabaseService › Integration Tests" name="should handle export workflow" time="0.005">
    </testcase>
  </testsuite>
  <testsuite name="Database Performance &amp; Optimization" errors="0" failures="0" skipped="0" timestamp="2026-01-13T11:41:29" time="0.279" tests="20">
    <testcase classname="Database Performance &amp; Optimization › Large Dataset Handling" name="should efficiently add 1000+ quotes" time="0.009">
    </testcase>
    <testcase classname="Database Performance &amp; Optimization › Large Dataset Handling" name="should maintain constant-time ID lookup in large dataset" time="0.009">
    </testcase>
    <testcase classname="Database Performance &amp; Optimization › Large Dataset Handling" name="should handle getAllQuotes() with 1000+ quotes" time="0.009">
    </testcase>
    <testcase classname="Database Performance &amp; Optimization › Large Dataset Handling" name="should efficiently handle 500+ concurrent operations" time="0.009">
    </testcase>
    <testcase classname="Database Performance &amp; Optimization › Large Dataset Handling" name="should handle mixed operations on large dataset" time="0.007">
    </testcase>
    <testcase classname="Database Performance &amp; Optimization › Search Efficiency &amp; Optimization" name="should perform substring search efficiently" time="0.004">
    </testcase>
    <testcase classname="Database Performance &amp; Optimization › Search Efficiency &amp; Optimization" name="should search progressively across different dataset sizes" time="0.008">
    </testcase>
    <testcase classname="Database Performance &amp; Optimization › Search Efficiency &amp; Optimization" name="should handle regex-safe search with special characters" time="0.001">
    </testcase>
    <testcase classname="Database Performance &amp; Optimization › Search Efficiency &amp; Optimization" name="should search case-insensitively without performance penalty" time="0.002">
    </testcase>
    <testcase classname="Database Performance &amp; Optimization › Memory Efficiency &amp; Leak Detection" name="should handle repeated add/delete operations without errors" time="0.017">
    </testcase>
    <testcase classname="Database Performance &amp; Optimization › Memory Efficiency &amp; Leak Detection" name="should handle bulk delete operations correctly" time="0.006">
    </testcase>
    <testcase classname="Database Performance &amp; Optimization › Memory Efficiency &amp; Leak Detection" name="should handle rapid rating operations successfully" time="0.009">
    </testcase>
    <testcase classname="Database Performance &amp; Optimization › Bulk Operation Optimization" name="should optimize bulk adds with batching" time="0.004">
    </testcase>
    <testcase classname="Database Performance &amp; Optimization › Bulk Operation Optimization" name="should efficiently handle bulk deletes" time="0.003">
    </testcase>
    <testcase classname="Database Performance &amp; Optimization › Bulk Operation Optimization" name="should optimize batch search across large dataset" time="0.003">
    </testcase>
    <testcase classname="Database Performance &amp; Optimization › Scalability &amp; Growth Patterns" name="should support all operations across dataset sizes" time="0.032">
    </testcase>
    <testcase classname="Database Performance &amp; Optimization › Scalability &amp; Growth Patterns" name="should handle maximum practical dataset (10000 quotes)" time="0.059">
    </testcase>
    <testcase classname="Database Performance &amp; Optimization › Scalability &amp; Growth Patterns" name="should support database snapshots without performance hit" time="0.003">
    </testcase>
    <testcase classname="Database Performance &amp; Optimization › Performance Baselines &amp; Benchmarks" name="should document baseline performance metrics" time="0.004">
    </testcase>
    <testcase classname="Database Performance &amp; Optimization › Performance Baselines &amp; Benchmarks" name="should handle operations with dataset expansion" time="0.009">
    </testcase>
  </testsuite>
  <testsuite name="Quote Service - Extended Coverage" errors="0" failures="0" skipped="0" timestamp="2026-01-13T11:41:29" time="0.199" tests="25">
    <testcase classname="Quote Service - Extended Coverage › Error Handling &amp; Validation" name="should reject missing guild ID" time="0.002">
    </testcase>
    <testcase classname="Quote Service - Extended Coverage › Error Handling &amp; Validation" name="should reject empty quote text" time="0.001">
    </testcase>
    <testcase classname="Quote Service - Extended Coverage › Error Handling &amp; Validation" name="should reject invalid rating values" time="0.001">
    </testcase>
    <testcase classname="Quote Service - Extended Coverage › Error Handling &amp; Validation" name="should handle operations on non-existent quotes" time="0.002">
    </testcase>
    <testcase classname="Quote Service - Extended Coverage › Error Handling &amp; Validation" name="should validate tag names" time="0.001">
    </testcase>
    <testcase classname="Quote Service - Extended Coverage › Guild Isolation &amp; Security" name="should maintain guild isolation in searches" time="0.001">
    </testcase>
    <testcase classname="Quote Service - Extended Coverage › Guild Isolation &amp; Security" name="should not leak ratings across guilds" time="0.001">
    </testcase>
    <testcase classname="Quote Service - Extended Coverage › Guild Isolation &amp; Security" name="should cascade delete only within guild" time="0.002">
    </testcase>
    <testcase classname="Quote Service - Extended Coverage › Complex Query Operations" name="should find quotes by exact author match" time="0.001">
    </testcase>
    <testcase classname="Quote Service - Extended Coverage › Complex Query Operations" name="should find quotes by date range" time="0.001">
    </testcase>
    <testcase classname="Quote Service - Extended Coverage › Complex Query Operations" name="should provide comprehensive guild statistics" time="0.004">
    </testcase>
    <testcase classname="Quote Service - Extended Coverage › Rating &amp; Tag Operations" name="should support multiple ratings per quote" time="0.001">
    </testcase>
    <testcase classname="Quote Service - Extended Coverage › Rating &amp; Tag Operations" name="should allow users to update their ratings" time="0.001">
    </testcase>
    <testcase classname="Quote Service - Extended Coverage › Rating &amp; Tag Operations" name="should support multiple tags per quote" time="0.001">
    </testcase>
    <testcase classname="Quote Service - Extended Coverage › Rating &amp; Tag Operations" name="should find quotes by tag" time="0.001">
    </testcase>
    <testcase classname="Quote Service - Extended Coverage › Rating &amp; Tag Operations" name="should handle tag case-insensitivity" time="0.001">
    </testcase>
    <testcase classname="Quote Service - Extended Coverage › Update &amp; Edit Operations" name="should update quote text and author" time="0.001">
    </testcase>
    <testcase classname="Quote Service - Extended Coverage › Update &amp; Edit Operations" name="should preserve created_at on update" time="0.001">
    </testcase>
    <testcase classname="Quote Service - Extended Coverage › Update &amp; Edit Operations" name="should update updated_at on edit" time="0.104">
    </testcase>
    <testcase classname="Quote Service - Extended Coverage › Operation Auditing &amp; Logging" name="should log all quote modifications" time="0.001">
    </testcase>
    <testcase classname="Quote Service - Extended Coverage › Operation Auditing &amp; Logging" name="should include guild context in operation logs" time="0.001">
    </testcase>
    <testcase classname="Quote Service - Extended Coverage › Random Quote Selection" name="should return random quotes from guild" time="0.001">
    </testcase>
    <testcase classname="Quote Service - Extended Coverage › Random Quote Selection" name="should return null for empty guild" time="0.001">
    </testcase>
    <testcase classname="Quote Service - Extended Coverage › Performance Characteristics" name="should handle 100 quotes efficiently" time="0.002">
    </testcase>
    <testcase classname="Quote Service - Extended Coverage › Performance Characteristics" name="should provide consistent performance with tags" time="0.004">
    </testcase>
  </testsuite>
  <testsuite name="Database Service" errors="0" failures="0" skipped="0" timestamp="2026-01-13T11:41:29" time="0.152" tests="71">
    <testcase classname="Database Service › Quote CRUD Operations › addQuote()" name="should add a quote with text and author" time="0.002">
    </testcase>
    <testcase classname="Database Service › Quote CRUD Operations › addQuote()" name="should add quote with default Anonymous author" time="0.001">
    </testcase>
    <testcase classname="Database Service › Quote CRUD Operations › addQuote()" name="should require quote text" time="0.001">
    </testcase>
    <testcase classname="Database Service › Quote CRUD Operations › addQuote()" name="should return incremental IDs" time="0.002">
    </testcase>
    <testcase classname="Database Service › Quote CRUD Operations › addQuote()" name="should set created_at timestamp" time="0.001">
    </testcase>
    <testcase classname="Database Service › Quote CRUD Operations › getAllQuotes()" name="should return empty array for new database" time="0.001">
    </testcase>
    <testcase classname="Database Service › Quote CRUD Operations › getAllQuotes()" name="should return all added quotes" time="0.001">
    </testcase>
    <testcase classname="Database Service › Quote CRUD Operations › getAllQuotes()" name="should not be affected by modifications to returned array" time="0">
    </testcase>
    <testcase classname="Database Service › Quote CRUD Operations › getQuoteById()" name="should retrieve quote by ID" time="0.001">
    </testcase>
    <testcase classname="Database Service › Quote CRUD Operations › getQuoteById()" name="should return null for non-existent quote" time="0.004">
    </testcase>
    <testcase classname="Database Service › Quote CRUD Operations › getQuoteById()" name="should return quote with all properties" time="0.001">
    </testcase>
    <testcase classname="Database Service › Quote CRUD Operations › updateQuote()" name="should update quote text and author" time="0.001">
    </testcase>
    <testcase classname="Database Service › Quote CRUD Operations › updateQuote()" name="should set updated_at timestamp" time="0.001">
    </testcase>
    <testcase classname="Database Service › Quote CRUD Operations › updateQuote()" name="should return false for non-existent quote" time="0.001">
    </testcase>
    <testcase classname="Database Service › Quote CRUD Operations › updateQuote()" name="should use default Anonymous if no author provided" time="0.001">
    </testcase>
    <testcase classname="Database Service › Quote CRUD Operations › deleteQuote()" name="should delete a quote" time="0.001">
    </testcase>
    <testcase classname="Database Service › Quote CRUD Operations › deleteQuote()" name="should return false for non-existent quote" time="0.001">
    </testcase>
    <testcase classname="Database Service › Quote CRUD Operations › deleteQuote()" name="should decrease quote count" time="0.001">
    </testcase>
    <testcase classname="Database Service › Quote CRUD Operations › deleteQuote()" name="should cascade delete ratings" time="0.001">
    </testcase>
    <testcase classname="Database Service › Quote CRUD Operations › deleteQuote()" name="should cascade delete tags" time="0.001">
    </testcase>
    <testcase classname="Database Service › Quote CRUD Operations › getQuoteCount()" name="should return 0 for empty database" time="0.001">
    </testcase>
    <testcase classname="Database Service › Quote CRUD Operations › getQuoteCount()" name="should return correct count" time="0.001">
    </testcase>
    <testcase classname="Database Service › Quote CRUD Operations › getQuoteCount()" name="should decrement after delete" time="0.001">
    </testcase>
[...]
    </testcase>
    <testcase classname="ReminderNotificationService › handleNotificationFailure()" name="should handle notification failure" time="0.001">
    </testcase>
    <testcase classname="ReminderNotificationService › handleNotificationFailure()" name="should track failed notifications" time="0.002">
    </testcase>
    <testcase classname="ReminderNotificationService › handleNotificationFailure()" name="should increment failed counter" time="0.001">
    </testcase>
    <testcase classname="ReminderNotificationService › handleNotificationFailure()" name="should prevent retry when max retries exceeded" time="0.004">
    </testcase>
    <testcase classname="ReminderNotificationService › handleNotificationFailure()" name="should allow retry for transient errors" time="0.001">
    </testcase>
    <testcase classname="ReminderNotificationService › retryFailedNotifications()" name="should retry failed notifications" time="0.001">
    </testcase>
    <testcase classname="ReminderNotificationService › retryFailedNotifications()" name="should reduce failed count after successful retry" time="0.001">
    </testcase>
    <testcase classname="ReminderNotificationService › retryFailedNotifications()" name="should return retry statistics" time="0.002">
    </testcase>
    <testcase classname="ReminderNotificationService › getFailedCount()" name="should return 0 for no failures" time="0.002">
    </testcase>
    <testcase classname="ReminderNotificationService › getFailedCount()" name="should return correct failure count" time="0.001">
    </testcase>
    <testcase classname="ReminderNotificationService › getFailedCount()" name="should update count after retry" time="0.002">
    </testcase>
    <testcase classname="ReminderNotificationService › checkAndSendNotifications()" name="should check for due notifications" time="0.001">
    </testcase>
    <testcase classname="ReminderNotificationService › checkAndSendNotifications()" name="should handle check errors gracefully" time="0.001">
    </testcase>
    <testcase classname="ReminderNotificationService › Statistics" name="should track notification statistics" time="0.001">
    </testcase>
    <testcase classname="ReminderNotificationService › Statistics" name="should initialize stats correctly" time="0.003">
    </testcase>
    <testcase classname="ReminderNotificationService › Statistics" name="should reset statistics" time="0.002">
    </testcase>
    <testcase classname="ReminderNotificationService › Error Scenarios" name="should handle DM delivery failures" time="0.001">
    </testcase>
    <testcase classname="ReminderNotificationService › Error Scenarios" name="should handle timeout errors" time="0.002">
    </testcase>
    <testcase classname="ReminderNotificationService › Error Scenarios" name="should handle permission errors" time="0.001">
    </testcase>
    <testcase classname="ReminderNotificationService › Edge Cases" name="should handle empty reminder list" time="0.001">
    </testcase>
    <testcase classname="ReminderNotificationService › Edge Cases" name="should handle concurrent notification sends" time="0.002">
    </testcase>
    <testcase classname="ReminderNotificationService › Edge Cases" name="should handle mixed success and failure" time="0.001">
    </testcase>
    <testcase classname="ReminderNotificationService › Edge Cases" name="should handle rapid operations" time="0.001">
    </testcase>
  </testsuite>
  <testsuite name="Phase 17: Admin &amp; Preference Commands" errors="0" failures="0" skipped="0" timestamp="2026-01-13T11:41:36" time="0.135" tests="53">
    <testcase classname="Phase 17: Admin &amp; Preference Commands › Admin Command Validation" name="should validate broadcast message is not empty" time="0.004">
    </testcase>
    <testcase classname="Phase 17: Admin &amp; Preference Commands › Admin Command Validation" name="should validate broadcast recipient exists" time="0.001">
    </testcase>
    <testcase classname="Phase 17: Admin &amp; Preference Commands › Admin Command Validation" name="should validate broadcast target type" time="0.001">
    </testcase>
    <testcase classname="Phase 17: Admin &amp; Preference Commands › Admin Command Validation" name="should handle broadcast to user" time="0">
    </testcase>
    <testcase classname="Phase 17: Admin &amp; Preference Commands › Admin Command Validation" name="should handle broadcast to role" time="0">
    </testcase>
    <testcase classname="Phase 17: Admin &amp; Preference Commands › Admin Command Validation" name="should handle broadcast to channel" time="0">
    </testcase>
    <testcase classname="Phase 17: Admin &amp; Preference Commands › Embed Message Command" name="should validate embed title is not empty" time="0.001">
    </testcase>
    <testcase classname="Phase 17: Admin &amp; Preference Commands › Embed Message Command" name="should validate embed color is valid hex" time="0.001">
    </testcase>
    <testcase classname="Phase 17: Admin &amp; Preference Commands › Embed Message Command" name="should handle embed with description" time="0.001">
    </testcase>
    <testcase classname="Phase 17: Admin &amp; Preference Commands › Embed Message Command" name="should handle embed with fields" time="0.001">
    </testcase>
    <testcase classname="Phase 17: Admin &amp; Preference Commands › Embed Message Command" name="should handle embed with image URL" time="0.001">
    </testcase>
    <testcase classname="Phase 17: Admin &amp; Preference Commands › Embed Message Command" name="should validate embed content length" time="0.005">
    </testcase>
    <testcase classname="Phase 17: Admin &amp; Preference Commands › Proxy Configuration Command" name="should validate proxy URL format" time="0.001">
    </testcase>
    <testcase classname="Phase 17: Admin &amp; Preference Commands › Proxy Configuration Command" name="should validate proxy port is numeric" time="0.001">
    </testcase>
    <testcase classname="Phase 17: Admin &amp; Preference Commands › Proxy Configuration Command" name="should validate proxy port range" time="0.001">
    </testcase>
    <testcase classname="Phase 17: Admin &amp; Preference Commands › Proxy Configuration Command" name="should handle proxy authentication" time="0.001">
    </testcase>
    <testcase classname="Phase 17: Admin &amp; Preference Commands › Proxy Configuration Command" name="should validate encryption is enabled for sensitive data" time="0.001">
    </testcase>
    <testcase classname="Phase 17: Admin &amp; Preference Commands › Proxy Configuration Command" name="should handle proxy enable/disable toggle" time="0.001">
    </testcase>
    <testcase classname="Phase 17: Admin &amp; Preference Commands › Proxy Configuration Command" name="should get proxy status" time="0.001">
    </testcase>
    <testcase classname="Phase 17: Admin &amp; Preference Commands › Say/Whisper Commands" name="should validate say message content" time="0.002">
    </testcase>
    <testcase classname="Phase 17: Admin &amp; Preference Commands › Say/Whisper Commands" name="should validate target channel exists" time="0.001">
    </testcase>
    <testcase classname="Phase 17: Admin &amp; Preference Commands › Say/Whisper Commands" name="should validate whisper recipient exists" time="0.001">
    </testcase>
    <testcase classname="Phase 17: Admin &amp; Preference Commands › Say/Whisper Commands" name="should handle special characters in messages" time="0.001">
    </testcase>
    <testcase classname="Phase 17: Admin &amp; Preference Commands › Say/Whisper Commands" name="should prevent command injection" time="0.002">
    </testcase>
    <testcase classname="Phase 17: Admin &amp; Preference Commands › Say/Whisper Commands" name="should enforce message length limits" time="0.001">
    </testcase>
    <testcase classname="Phase 17: Admin &amp; Preference Commands › Opt-In/Opt-Out Commands" name="should validate user ID for opt-in" time="0.001">
    </testcase>
    <testcase classname="Phase 17: Admin &amp; Preference Commands › Opt-In/Opt-Out Commands" name="should prevent opting in twice" time="0.001">
    </testcase>
    <testcase classname="Phase 17: Admin &amp; Preference Commands › Opt-In/Opt-Out Commands" name="should handle opt-in confirmation" time="0.001">
    </testcase>
    <testcase classname="Phase 17: Admin &amp; Preference Commands › Opt-In/Opt-Out Commands" name="should prevent opting out twice" time="0.005">
    </testcase>
    <testcase classname="Phase 17: Admin &amp; Preference Commands › Opt-In/Opt-Out Commands" name="should handle opt-out confirmation" time="0.001">
    </testcase>
    <testcase classname="Phase 17: Admin &amp; Preference Commands › Opt-In/Opt-Out Commands" name="should provide opt-in request" time="0">
    </testcase>
    <testcase classname="Phase 17: Admin &amp; Preference Commands › Communication Status Command" name="should report opt-in status" time="0">
    </testcase>
    <testcase classname="Phase 17: Admin &amp; Preference Commands › Communication Status Command" name="should report communication preferences" time="0">
    </testcase>
    <testcase classname="Phase 17: Admin &amp; Preference Commands › Communication Status Command" name="should show last communication date" time="0.001">
    </testcase>
    <testcase classname="Phase 17: Admin &amp; Preference Commands › Communication Status Command" name="should track communication frequency" time="0.001">
    </testcase>
    <testcase classname="Phase 17: Admin &amp; Preference Commands › Communication Status Command" name="should respect do-not-disturb settings" time="0.001">
    </testcase>
    <testcase classname="Phase 17: Admin &amp; Preference Commands › Permission &amp; Authorization" name="should validate admin privileges" time="0.001">
    </testcase>
    <testcase classname="Phase 17: Admin &amp; Preference Commands › Permission &amp; Authorization" name="should prevent non-admin access to admin commands" time="0.001">
    </testcase>
    <testcase classname="Phase 17: Admin &amp; Preference Commands › Permission &amp; Authorization" name="should validate guild ownership" time="0.001">
    </testcase>
    <testcase classname="Phase 17: Admin &amp; Preference Commands › Permission &amp; Authorization" name="should check role permissions for broadcast" time="0.001">
    </testcase>
    <testcase classname="Phase 17: Admin &amp; Preference Commands › Permission &amp; Authorization" name="should audit admin commands" time="0.001">
    </testcase>
    <testcase classname="Phase 17: Admin &amp; Preference Commands › Permission &amp; Authorization" name="should rate limit admin commands" time="0.001">
    </testcase>
    <testcase classname="Phase 17: Admin &amp; Preference Commands › Guild-Specific Settings" name="should store guild-specific proxy config" time="0.001">
    </testcase>
    <testcase classname="Phase 17: Admin &amp; Preference Commands › Guild-Specific Settings" name="should store broadcast settings per guild" time="0.001">
    </testcase>
    <testcase classname="Phase 17: Admin &amp; Preference Commands › Guild-Specific Settings" name="should isolate settings between guilds" time="0">
    </testcase>
    <testcase classname="Phase 17: Admin &amp; Preference Commands › Guild-Specific Settings" name="should handle default settings for new guilds" time="0">
    </testcase>
    <testcase classname="Phase 17: Admin &amp; Preference Commands › Guild-Specific Settings" name="should allow settings override per guild" time="0.002">
    </testcase>
    <testcase classname="Phase 17: Admin &amp; Preference Commands › Admin Error Handling" name="should validate command syntax" time="0.001">
    </testcase>
    <testcase classname="Phase 17: Admin &amp; Preference Commands › Admin Error Handling" name="should handle missing required parameters" time="0.001">
    </testcase>
    <testcase classname="Phase 17: Admin &amp; Preference Commands › Admin Error Handling" name="should gracefully handle Discord API errors" time="0.001">
    </testcase>
    <testcase classname="Phase 17: Admin &amp; Preference Commands › Admin Error Handling" name="should handle network timeouts" time="0.001">
    </testcase>
    <testcase classname="Phase 17: Admin &amp; Preference Commands › Admin Error Handling" name="should sanitize input to prevent XSS" time="0">
    </testcase>
    <testcase classname="Phase 17: Admin &amp; Preference Commands › Admin Error Handling" name="should log all admin actions" time="0">
    </testcase>
  </testsuite>
  <testsuite name="Guild-Aware Database Operations" errors="0" failures="0" skipped="0" timestamp="2026-01-13T11:41:36" time="0.127" tests="26">
    <testcase classname="Guild-Aware Database Operations › Guild Context Preservation" name="should preserve guild ID on quote addition" time="0.002">
    </testcase>
    <testcase classname="Guild-Aware Database Operations › Guild Context Preservation" name="should require guild ID for quote operations" time="0.007">
    </testcase>
    <testcase classname="Guild-Aware Database Operations › Guild Context Preservation" name="should include guild ID in all returned quotes" time="0.003">
    </testcase>
    <testcase classname="Guild-Aware Database Operations › Guild Context Preservation" name="should preserve guild context through rating operations" time="0.002">
    </testcase>
    <testcase classname="Guild-Aware Database Operations › Multi-Guild Data Isolation" name="should isolate quotes between guilds" time="0.002">
    </testcase>
    <testcase classname="Guild-Aware Database Operations › Multi-Guild Data Isolation" name="should not leak data across guilds on search" time="0.002">
    </testcase>
    <testcase classname="Guild-Aware Database Operations › Multi-Guild Data Isolation" name="should maintain separate ID sequences per guild" time="0.002">
    </testcase>
    <testcase classname="Guild-Aware Database Operations › Multi-Guild Data Isolation" name="should cascade delete only within guild" time="0.002">
    </testcase>
    <testcase classname="Guild-Aware Database Operations › Multi-Guild Data Isolation" name="should support 100+ guilds independently" time="0.004">
    </testcase>
    <testcase classname="Guild-Aware Database Operations › Multi-Guild Data Isolation" name="should handle concurrent guild operations" time="0.005">
    </testcase>
    <testcase classname="Guild-Aware Database Operations › API Compatibility &amp; Detection" name="should accept guild ID as first parameter (new API)" time="0.002">
    </testcase>
    <testcase classname="Guild-Aware Database Operations › API Compatibility &amp; Detection" name="should enforce guild-aware requirement" time="0.001">
    </testcase>
    <testcase classname="Guild-Aware Database Operations › API Compatibility &amp; Detection" name="should handle Discord ID format (18-20 digits)" time="0.002">
    </testcase>
    <testcase classname="Guild-Aware Database Operations › API Compatibility &amp; Detection" name="should support non-numeric guild identifiers" time="0.002">
    </testcase>
    <testcase classname="Guild-Aware Database Operations › Guild-Aware Query Operations" name="should search only within guild context" time="0.002">
    </testcase>
    <testcase classname="Guild-Aware Database Operations › Guild-Aware Query Operations" name="should handle empty search results per guild" time="0.001">
    </testcase>
    <testcase classname="Guild-Aware Database Operations › Guild-Aware Query Operations" name="should return empty array for new guild" time="0.002">
    </testcase>
    <testcase classname="Guild-Aware Database Operations › Guild Statistics &amp; Analytics" name="should provide per-guild statistics" time="0.002">
    </testcase>
    <testcase classname="Guild-Aware Database Operations › Guild Statistics &amp; Analytics" name="should not share statistics across guilds" time="0.001">
    </testcase>
    <testcase classname="Guild-Aware Database Operations › Guild Data Management" name="should clear all guild data on close" time="0.002">
    </testcase>
    <testcase classname="Guild-Aware Database Operations › Guild Data Management" name="should allow reinitialization after close" time="0.003">
    </testcase>
    <testcase classname="Guild-Aware Database Operations › Guild Data Management" name="should track active guilds" time="0.002">
    </testcase>
    <testcase classname="Guild-Aware Database Operations › Guild-Aware Edge Cases" name="should handle operations on same quote ID across guilds" time="0.002">
    </testcase>
    <testcase classname="Guild-Aware Database Operations › Guild-Aware Edge Cases" name="should not find quote from guild A in guild B" time="0.001">
    </testcase>
    <testcase classname="Guild-Aware Database Operations › Guild-Aware Edge Cases" name="should handle guild ID with special characters" time="0.002">
    </testcase>
    <testcase classname="Guild-Aware Database Operations › Guild-Aware Edge Cases" name="should prevent cross-guild rating operations" time="0.001">
    </testcase>
  </testsuite>
  <testsuite name="Integration Tests - Phase 22.2" errors="0" failures="0" skipped="0" timestamp="2026-01-13T11:41:36" time="0.117" tests="15">
    <testcase classname="Integration Tests - Phase 22.2 › Real-World Workflows" name="should handle typical bot usage pattern" time="0.002">
    </testcase>
    <testcase classname="Integration Tests - Phase 22.2 › Real-World Workflows" name="should support multiple communities with independent data" time="0.002">
    </testcase>
    <testcase classname="Integration Tests - Phase 22.2 › Real-World Workflows" name="should handle progressive user engagement pattern" time="0.003">
    </testcase>
    <testcase classname="Integration Tests - Phase 22.2 › Concurrent Multi-Guild Operations" name="should handle concurrent adds across 5 guilds" time="0.002">
    </testcase>
    <testcase classname="Integration Tests - Phase 22.2 › Concurrent Multi-Guild Operations" name="should handle concurrent operations of mixed types" time="0.002">
    </testcase>
    <testcase classname="Integration Tests - Phase 22.2 › Performance Characteristics" name="should maintain responsiveness with 1000 quotes per guild" time="0.012">
    </testcase>
    <testcase classname="Integration Tests - Phase 22.2 › Performance Characteristics" name="should handle 10 guilds with 100 quotes each efficiently" time="0.007">
    </testcase>
    <testcase classname="Integration Tests - Phase 22.2 › Performance Characteristics" name="should efficiently compute stats across multiple guilds" time="0.005">
    </testcase>
    <testcase classname="Integration Tests - Phase 22.2 › Data Consistency &amp; Integrity" name="should maintain data consistency during concurrent operations" time="0.001">
    </testcase>
    <testcase classname="Integration Tests - Phase 22.2 › Data Consistency &amp; Integrity" name="should maintain referential integrity across operations" time="0.002">
    </testcase>
    <testcase classname="Integration Tests - Phase 22.2 › Data Consistency &amp; Integrity" name="should correctly handle multiple operations on same quote" time="0.003">
    </testcase>
    <testcase classname="Integration Tests - Phase 22.2 › Error Handling &amp; Recovery" name="should handle invalid input gracefully" time="0.003">
    </testcase>
    <testcase classname="Integration Tests - Phase 22.2 › Error Handling &amp; Recovery" name="should continue operating after errors" time="0.003">
    </testcase>
    <testcase classname="Integration Tests - Phase 22.2 › Global Metrics &amp; Reporting" name="should accurately track global operations" time="0.002">
    </testcase>
    <testcase classname="Integration Tests - Phase 22.2 › Global Metrics &amp; Reporting" name="should provide accurate guild distribution metrics" time="0.003">
    </testcase>
  </testsuite>
</testsuites>