<?xml version="1.0" encoding="UTF-8"?>
<testsuites name="VeraBot2.0 Test Suite" tests="3307" failures="0" errors="0" time="21.266">
  <testsuite name="Phase 23.0 (EXPANDED): GlobalProxyConfigService - Consolidated Proxy Management" errors="0" failures="0" skipped="0" timestamp="2026-01-16T12:50:48" time="2.713" tests="86">
    <testcase classname="Phase 23.0 (EXPANDED): GlobalProxyConfigService - Consolidated Proxy Management › Module Initialization" name="should export GlobalProxyConfigService as singleton" time="0.121">
    </testcase>
    <testcase classname="Phase 23.0 (EXPANDED): GlobalProxyConfigService - Consolidated Proxy Management › Module Initialization" name="should have all required methods" time="0.013">
    </testcase>
    <testcase classname="Phase 23.0 (EXPANDED): GlobalProxyConfigService - Consolidated Proxy Management › HTTP Proxy URL Operations" name="should set HTTP proxy URL" time="0.027">
    </testcase>
    <testcase classname="Phase 23.0 (EXPANDED): GlobalProxyConfigService - Consolidated Proxy Management › HTTP Proxy URL Operations" name="should get null when HTTP proxy URL not set" time="0.009">
    </testcase>
    <testcase classname="Phase 23.0 (EXPANDED): GlobalProxyConfigService - Consolidated Proxy Management › HTTP Proxy URL Operations" name="should update HTTP proxy URL" time="0.024">
    </testcase>
    <testcase classname="Phase 23.0 (EXPANDED): GlobalProxyConfigService - Consolidated Proxy Management › HTTP Proxy URL Operations" name="should handle empty HTTP proxy URL" time="0.025">
    </testcase>
    <testcase classname="Phase 23.0 (EXPANDED): GlobalProxyConfigService - Consolidated Proxy Management › HTTP Proxy URL Operations" name="should persist HTTP proxy URL across service restarts" time="0.02">
    </testcase>
    <testcase classname="Phase 23.0 (EXPANDED): GlobalProxyConfigService - Consolidated Proxy Management › HTTP Proxy URL Operations" name="should validate HTTP proxy URL format in validation" time="0.024">
    </testcase>
    <testcase classname="Phase 23.0 (EXPANDED): GlobalProxyConfigService - Consolidated Proxy Management › HTTP Proxy Username Operations" name="should set HTTP proxy username" time="0.02">
    </testcase>
    <testcase classname="Phase 23.0 (EXPANDED): GlobalProxyConfigService - Consolidated Proxy Management › HTTP Proxy Username Operations" name="should get null when HTTP proxy username not set" time="0.008">
    </testcase>
    <testcase classname="Phase 23.0 (EXPANDED): GlobalProxyConfigService - Consolidated Proxy Management › HTTP Proxy Username Operations" name="should update HTTP proxy username" time="0.025">
    </testcase>
    <testcase classname="Phase 23.0 (EXPANDED): GlobalProxyConfigService - Consolidated Proxy Management › HTTP Proxy Username Operations" name="should encrypt HTTP proxy username in database" time="0.023">
    </testcase>
    <testcase classname="Phase 23.0 (EXPANDED): GlobalProxyConfigService - Consolidated Proxy Management › HTTP Proxy Username Operations" name="should persist HTTP proxy username across service restarts" time="0.019">
    </testcase>
    <testcase classname="Phase 23.0 (EXPANDED): GlobalProxyConfigService - Consolidated Proxy Management › HTTP Proxy Password (Encrypted)" name="should set HTTP proxy password" time="0.02">
    </testcase>
    <testcase classname="Phase 23.0 (EXPANDED): GlobalProxyConfigService - Consolidated Proxy Management › HTTP Proxy Password (Encrypted)" name="should get null when HTTP proxy password not set" time="0.008">
    </testcase>
    <testcase classname="Phase 23.0 (EXPANDED): GlobalProxyConfigService - Consolidated Proxy Management › HTTP Proxy Password (Encrypted)" name="should update HTTP proxy password" time="0.025">
    </testcase>
    <testcase classname="Phase 23.0 (EXPANDED): GlobalProxyConfigService - Consolidated Proxy Management › HTTP Proxy Password (Encrypted)" name="should encrypt HTTP proxy password in database" time="0.019">
    </testcase>
    <testcase classname="Phase 23.0 (EXPANDED): GlobalProxyConfigService - Consolidated Proxy Management › HTTP Proxy Password (Encrypted)" name="should use different IV for each password encryption (not deterministic)" time="0.033">
    </testcase>
    <testcase classname="Phase 23.0 (EXPANDED): GlobalProxyConfigService - Consolidated Proxy Management › HTTP Proxy Password (Encrypted)" name="should decrypt HTTP proxy password correctly" time="0.018">
    </testcase>
    <testcase classname="Phase 23.0 (EXPANDED): GlobalProxyConfigService - Consolidated Proxy Management › HTTP Proxy Password (Encrypted)" name="should handle special characters in HTTP proxy password" time="0.019">
    </testcase>
    <testcase classname="Phase 23.0 (EXPANDED): GlobalProxyConfigService - Consolidated Proxy Management › HTTP Proxy Password (Encrypted)" name="should handle long HTTP proxy password (100+ chars)" time="0.017">
    </testcase>
    <testcase classname="Phase 23.0 (EXPANDED): GlobalProxyConfigService - Consolidated Proxy Management › HTTP Proxy Password (Encrypted)" name="should persist HTTP proxy password across service restarts" time="0.019">
    </testcase>
    <testcase classname="Phase 23.0 (EXPANDED): GlobalProxyConfigService - Consolidated Proxy Management › HTTP Proxy Password (Encrypted)" name="should handle empty HTTP proxy password" time="0.017">
    </testcase>
    <testcase classname="Phase 23.0 (EXPANDED): GlobalProxyConfigService - Consolidated Proxy Management › HTTP Proxy Password (Encrypted)" name="should handle HTTP proxy password with newlines" time="0.019">
    </testcase>
    <testcase classname="Phase 23.0 (EXPANDED): GlobalProxyConfigService - Consolidated Proxy Management › HTTP Proxy Enable/Disable" name="should enable HTTP proxy" time="0.02">
    </testcase>
    <testcase classname="Phase 23.0 (EXPANDED): GlobalProxyConfigService - Consolidated Proxy Management › HTTP Proxy Enable/Disable" name="should disable HTTP proxy" time="0.026">
    </testcase>
    <testcase classname="Phase 23.0 (EXPANDED): GlobalProxyConfigService - Consolidated Proxy Management › HTTP Proxy Enable/Disable" name="should default to disabled when not set" time="0.007">
    </testcase>
    <testcase classname="Phase 23.0 (EXPANDED): GlobalProxyConfigService - Consolidated Proxy Management › HTTP Proxy Enable/Disable" name="should toggle HTTP proxy state correctly" time="0.025">
    </testcase>
    <testcase classname="Phase 23.0 (EXPANDED): GlobalProxyConfigService - Consolidated Proxy Management › Webhook URL Operations" name="should set webhook URL" time="0.02">
    </testcase>
    <testcase classname="Phase 23.0 (EXPANDED): GlobalProxyConfigService - Consolidated Proxy Management › Webhook URL Operations" name="should get null when webhook URL not set" time="0.007">
    </testcase>
    <testcase classname="Phase 23.0 (EXPANDED): GlobalProxyConfigService - Consolidated Proxy Management › Webhook URL Operations" name="should update webhook URL" time="0.022">
    </testcase>
    <testcase classname="Phase 23.0 (EXPANDED): GlobalProxyConfigService - Consolidated Proxy Management › Webhook URL Operations" name="should persist webhook URL across service restarts" time="0.02">
    </testcase>
    <testcase classname="Phase 23.0 (EXPANDED): GlobalProxyConfigService - Consolidated Proxy Management › Webhook URL Operations" name="should handle webhook URL with query parameters" time="0.019">
    </testcase>
    <testcase classname="Phase 23.0 (EXPANDED): GlobalProxyConfigService - Consolidated Proxy Management › Webhook URL Operations" name="should validate webhook URL format in validation" time="0.02">
    </testcase>
    <testcase classname="Phase 23.0 (EXPANDED): GlobalProxyConfigService - Consolidated Proxy Management › Webhook Token (Encrypted)" name="should set webhook token" time="0.018">
    </testcase>
    <testcase classname="Phase 23.0 (EXPANDED): GlobalProxyConfigService - Consolidated Proxy Management › Webhook Token (Encrypted)" name="should get null when webhook token not set" time="0.008">
    </testcase>
    <testcase classname="Phase 23.0 (EXPANDED): GlobalProxyConfigService - Consolidated Proxy Management › Webhook Token (Encrypted)" name="should encrypt webhook token in database" time="0.017">
    </testcase>
    <testcase classname="Phase 23.0 (EXPANDED): GlobalProxyConfigService - Consolidated Proxy Management › Webhook Token (Encrypted)" name="should decrypt webhook token correctly" time="0.019">
    </testcase>
    <testcase classname="Phase 23.0 (EXPANDED): GlobalProxyConfigService - Consolidated Proxy Management › Webhook Token (Encrypted)" name="should persist webhook token across restarts" time="0.019">
    </testcase>
    <testcase classname="Phase 23.0 (EXPANDED): GlobalProxyConfigService - Consolidated Proxy Management › Webhook Token (Encrypted)" name="should update webhook token" time="0.026">
    </testcase>
    <testcase classname="Phase 23.0 (EXPANDED): GlobalProxyConfigService - Consolidated Proxy Management › Webhook Secret (Encrypted)" name="should set webhook secret" time="0.018">
    </testcase>
    <testcase classname="Phase 23.0 (EXPANDED): GlobalProxyConfigService - Consolidated Proxy Management › Webhook Secret (Encrypted)" name="should get null when webhook secret not set" time="0.008">
    </testcase>
    <testcase classname="Phase 23.0 (EXPANDED): GlobalProxyConfigService - Consolidated Proxy Management › Webhook Secret (Encrypted)" name="should encrypt webhook secret in database" time="0.017">
    </testcase>
    <testcase classname="Phase 23.0 (EXPANDED): GlobalProxyConfigService - Consolidated Proxy Management › Webhook Secret (Encrypted)" name="should decrypt webhook secret correctly" time="0.021">
    </testcase>
    <testcase classname="Phase 23.0 (EXPANDED): GlobalProxyConfigService - Consolidated Proxy Management › Webhook Secret (Encrypted)" name="should persist webhook secret across restarts" time="0.019">
    </testcase>
    <testcase classname="Phase 23.0 (EXPANDED): GlobalProxyConfigService - Consolidated Proxy Management › Webhook Secret (Encrypted)" name="should update webhook secret" time="0.024">
    </testcase>
    <testcase classname="Phase 23.0 (EXPANDED): GlobalProxyConfigService - Consolidated Proxy Management › Webhook Monitored Channels" name="should set monitored channels array" time="0.018">
    </testcase>
    <testcase classname="Phase 23.0 (EXPANDED): GlobalProxyConfigService - Consolidated Proxy Management › Webhook Monitored Channels" name="should get empty array when no channels monitored" time="0.008">
    </testcase>
    <testcase classname="Phase 23.0 (EXPANDED): GlobalProxyConfigService - Consolidated Proxy Management › Webhook Monitored Channels" name="should update monitored channels" time="0.022">
    </testcase>
    <testcase classname="Phase 23.0 (EXPANDED): GlobalProxyConfigService - Consolidated Proxy Management › Webhook Monitored Channels" name="should add single monitored channel" time="0.023">
    </testcase>
    <testcase classname="Phase 23.0 (EXPANDED): GlobalProxyConfigService - Consolidated Proxy Management › Webhook Monitored Channels" name="should remove single monitored channel" time="0.023">
    </testcase>
    <testcase classname="Phase 23.0 (EXPANDED): GlobalProxyConfigService - Consolidated Proxy Management › Webhook Monitored Channels" name="should handle non-existent channel removal gracefully" time="0.027">
    </testcase>
    <testcase classname="Phase 23.0 (EXPANDED): GlobalProxyConfigService - Consolidated Proxy Management › Webhook Monitored Channels" name="should persist monitored channels across restarts" time="0.019">
    </testcase>
    <testcase classname="Phase 23.0 (EXPANDED): GlobalProxyConfigService - Consolidated Proxy Management › Webhook Monitored Channels" name="should store monitored channels as JSON in database" time="0.017">
    </testcase>
    <testcase classname="Phase 23.0 (EXPANDED): GlobalProxyConfigService - Consolidated Proxy Management › Webhook Enable/Disable" name="should enable webhook" time="0.019">
    </testcase>
    <testcase classname="Phase 23.0 (EXPANDED): GlobalProxyConfigService - Consolidated Proxy Management › Webhook Enable/Disable" name="should disable webhook" time="0.025">
    </testcase>
    <testcase classname="Phase 23.0 (EXPANDED): GlobalProxyConfigService - Consolidated Proxy Management › Webhook Enable/Disable" name="should default to disabled when not set" time="0.007">
    </testcase>
    <testcase classname="Phase 23.0 (EXPANDED): GlobalProxyConfigService - Consolidated Proxy Management › Webhook Enable/Disable" name="should toggle webhook state correctly" time="0.025">
    </testcase>
    <testcase classname="Phase 23.0 (EXPANDED): GlobalProxyConfigService - Consolidated Proxy Management › Unified Configuration Retrieval" name="should get all config without sensitive data" time="0.1">
    </testcase>
    <testcase classname="Phase 23.0 (EXPANDED): GlobalProxyConfigService - Consolidated Proxy Management › Unified Configuration Retrieval" name="should get full config with sensitive data when requested" time="0.042">
    </testcase>
    <testcase classname="Phase 23.0 (EXPANDED): GlobalProxyConfigService - Consolidated Proxy Management › Unified Configuration Retrieval" name="should include lastUpdated timestamp in config" time="0.017">
    </testcase>
    <testcase classname="Phase 23.0 (EXPANDED): GlobalProxyConfigService - Consolidated Proxy Management › Unified Configuration Retrieval" name="should return empty config when nothing is set" time="0.008">
    </testcase>
    <testcase classname="Phase 23.0 (EXPANDED): GlobalProxyConfigService - Consolidated Proxy Management › Unified Configuration Retrieval" name="should indicate presence of sensitive fields without exposing them" time="0.028">
    </testcase>
    <testcase classname="Phase 23.0 (EXPANDED): GlobalProxyConfigService - Consolidated Proxy Management › Unified Configuration Retrieval" name="should handle partial configuration retrieval" time="0.017">
    </testcase>
    <testcase classname="Phase 23.0 (EXPANDED): GlobalProxyConfigService - Consolidated Proxy Management › Cleanup Operations" name="should delete all configuration" time="0.034">
    </testcase>
    <testcase classname="Phase 23.0 (EXPANDED): GlobalProxyConfigService - Consolidated Proxy Management › Cleanup Operations" name="should delete only HTTP proxy configuration" time="0.03">
    </testcase>
    <testcase classname="Phase 23.0 (EXPANDED): GlobalProxyConfigService - Consolidated Proxy Management › Cleanup Operations" name="should delete only webhook configuration" time="0.031">
    </testcase>
    <testcase classname="Phase 23.0 (EXPANDED): GlobalProxyConfigService - Consolidated Proxy Management › Cleanup Operations" name="should handle deleting non-existent configuration" time="0.012">
    </testcase>
    <testcase classname="Phase 23.0 (EXPANDED): GlobalProxyConfigService - Consolidated Proxy Management › Cleanup Operations" name="should allow reconfiguration after delete" time="0.031">
    </testcase>
    <testcase classname="Phase 23.0 (EXPANDED): GlobalProxyConfigService - Consolidated Proxy Management › Cleanup Operations" name="should verify all data is deleted" time="0.104">
    </testcase>
    <testcase classname="Phase 23.0 (EXPANDED): GlobalProxyConfigService - Consolidated Proxy Management › Validation Methods" name="should validate complete HTTP proxy configuration" time="0.035">
    </testcase>
    <testcase classname="Phase 23.0 (EXPANDED): GlobalProxyConfigService - Consolidated Proxy Management › Validation Methods" name="should validate incomplete HTTP proxy configuration" time="0.017">
    </testcase>
    <testcase classname="Phase 23.0 (EXPANDED): GlobalProxyConfigService - Consolidated Proxy Management › Validation Methods" name="should reject invalid HTTP proxy URL format" time="0.017">
    </testcase>
    <testcase classname="Phase 23.0 (EXPANDED): GlobalProxyConfigService - Consolidated Proxy Management › Validation Methods" name="should validate complete webhook configuration" time="0.038">
    </testcase>
    <testcase classname="Phase 23.0 (EXPANDED): GlobalProxyConfigService - Consolidated Proxy Management › Validation Methods" name="should validate incomplete webhook configuration" time="0.018">
    </testcase>
    <testcase classname="Phase 23.0 (EXPANDED): GlobalProxyConfigService - Consolidated Proxy Management › Validation Methods" name="should reject invalid webhook URL format" time="0.018">
    </testcase>
    <testcase classname="Phase 23.0 (EXPANDED): GlobalProxyConfigService - Consolidated Proxy Management › Concurrent Operations" name="should handle concurrent HTTP proxy reads" time="0.019">
    </testcase>
    <testcase classname="Phase 23.0 (EXPANDED): GlobalProxyConfigService - Consolidated Proxy Management › Concurrent Operations" name="should handle concurrent webhook reads" time="0.017">
    </testcase>
    <testcase classname="Phase 23.0 (EXPANDED): GlobalProxyConfigService - Consolidated Proxy Management › Concurrent Operations" name="should handle concurrent configuration updates without corruption" time="0.031">
    </testcase>
    <testcase classname="Phase 23.0 (EXPANDED): GlobalProxyConfigService - Consolidated Proxy Management › Concurrent Operations" name="should handle concurrent read/write operations" time="0.04">
    </testcase>
    <testcase classname="Phase 23.0 (EXPANDED): GlobalProxyConfigService - Consolidated Proxy Management › Error Handling &amp; Edge Cases" name="should handle null values gracefully" time="0.008">
    </testcase>
    <testcase classname="Phase 23.0 (EXPANDED): GlobalProxyConfigService - Consolidated Proxy Management › Error Handling &amp; Edge Cases" name="should handle undefined values gracefully" time="0.007">
    </testcase>
    <testcase classname="Phase 23.0 (EXPANDED): GlobalProxyConfigService - Consolidated Proxy Management › Error Handling &amp; Edge Cases" name="should handle very long configuration values" time="0.02">
    </testcase>
    <testcase classname="Phase 23.0 (EXPANDED): GlobalProxyConfigService - Consolidated Proxy Management › Error Handling &amp; Edge Cases" name="should handle unicode characters in configuration" time="0.016">
    </testcase>
    <testcase classname="Phase 23.0 (EXPANDED): GlobalProxyConfigService - Consolidated Proxy Management › Error Handling &amp; Edge Cases" name="should handle rapid set/get operations" time="0.591">
    </testcase>
    <testcase classname="Phase 23.0 (EXPANDED): GlobalProxyConfigService - Consolidated Proxy Management › Error Handling &amp; Edge Cases" name="should handle whitespace in configuration values" time="0.017">
    </testcase>
  </testsuite>
  <testsuite name="Phase 17: GuildAwareReminderService" errors="0" failures="0" skipped="0" timestamp="2026-01-16T12:50:51" time="2.374" tests="33">
    <testcase classname="Phase 17: GuildAwareReminderService › Module Initialization &amp; Exports" name="should be importable and return a module object" time="0.003">
    </testcase>
    <testcase classname="Phase 17: GuildAwareReminderService › Module Initialization &amp; Exports" name="should export all required methods" time="0.001">
    </testcase>
    <testcase classname="Phase 17: GuildAwareReminderService › Module Initialization &amp; Exports" name="should have createReminder as a function" time="0.004">
    </testcase>
    <testcase classname="Phase 17: GuildAwareReminderService › Module Initialization &amp; Exports" name="should have addReminderAssignment as a function" time="0.001">
    </testcase>
    <testcase classname="Phase 17: GuildAwareReminderService › Module Initialization &amp; Exports" name="should have getReminderById as a function" time="0.001">
    </testcase>
    <testcase classname="Phase 17: GuildAwareReminderService › Module Initialization &amp; Exports" name="should have updateReminder as a function" time="0.002">
    </testcase>
    <testcase classname="Phase 17: GuildAwareReminderService › Reminder CRUD Operations" name="should create a new reminder successfully" time="0.139">
    </testcase>
    <testcase classname="Phase 17: GuildAwareReminderService › Reminder CRUD Operations" name="should retrieve reminder by ID" time="0.038">
    </testcase>
    <testcase classname="Phase 17: GuildAwareReminderService › Reminder CRUD Operations" name="should update an existing reminder" time="0.039">
    </testcase>
    <testcase classname="Phase 17: GuildAwareReminderService › Reminder CRUD Operations" name="should delete a reminder" time="0.037">
    </testcase>
    <testcase classname="Phase 17: GuildAwareReminderService › Reminder CRUD Operations" name="should retrieve all reminders for a guild" time="0.038">
    </testcase>
    <testcase classname="Phase 17: GuildAwareReminderService › Reminder Assignment Management" name="should add user assignment to reminder" time="0.037">
    </testcase>
    <testcase classname="Phase 17: GuildAwareReminderService › Reminder Assignment Management" name="should add role assignment to reminder" time="0.039">
    </testcase>
    <testcase classname="Phase 17: GuildAwareReminderService › Reminder Assignment Management" name="should validate assignee type (user or role)" time="0.039">
    </testcase>
    <testcase classname="Phase 17: GuildAwareReminderService › Reminder Assignment Management" name="should handle duplicate assignments" time="0.051">
    </testcase>
    <testcase classname="Phase 17: GuildAwareReminderService › Search and Filtering" name="should search reminders by subject" time="0.034">
    </testcase>
    <testcase classname="Phase 17: GuildAwareReminderService › Search and Filtering" name="should handle empty search results" time="0.032">
    </testcase>
    <testcase classname="Phase 17: GuildAwareReminderService › Search and Filtering" name="should handle special characters in search" time="0.039">
    </testcase>
    <testcase classname="Phase 17: GuildAwareReminderService › Guild-Specific Operations" name="should isolate reminders by guild" time="0.247">
    </testcase>
    <testcase classname="Phase 17: GuildAwareReminderService › Guild-Specific Operations" name="should get guild reminder statistics" time="0.033">
    </testcase>
    <testcase classname="Phase 17: GuildAwareReminderService › Guild-Specific Operations" name="should delete all reminders for a guild" time="0.001">
    </testcase>
    <testcase classname="Phase 17: GuildAwareReminderService › Guild-Specific Operations" name="should handle operations on different guild IDs independently" time="0.245">
    </testcase>
    <testcase classname="Phase 17: GuildAwareReminderService › Error Handling &amp; Validation" name="should handle invalid guild ID" time="0.01">
    </testcase>
    <testcase classname="Phase 17: GuildAwareReminderService › Error Handling &amp; Validation" name="should handle invalid reminder data" time="0.034">
    </testcase>
    <testcase classname="Phase 17: GuildAwareReminderService › Error Handling &amp; Validation" name="should handle missing reminder fields" time="0.036">
    </testcase>
    <testcase classname="Phase 17: GuildAwareReminderService › Error Handling &amp; Validation" name="should validate reminder ID parameter" time="0.034">
    </testcase>
    <testcase classname="Phase 17: GuildAwareReminderService › Error Handling &amp; Validation" name="should handle database connection errors gracefully" time="0.115">
    </testcase>
    <testcase classname="Phase 17: GuildAwareReminderService › Integration Workflows" name="should support full reminder lifecycle" time="0.137">
    </testcase>
    <testcase classname="Phase 17: GuildAwareReminderService › Integration Workflows" name="should support reminder with assignments workflow" time="0.142">
    </testcase>
    <testcase classname="Phase 17: GuildAwareReminderService › Integration Workflows" name="should support multi-guild parallel operations" time="0.211">
    </testcase>
    <testcase classname="Phase 17: GuildAwareReminderService › Integration Workflows" name="should handle search and statistics together" time="0.12">
    </testcase>
    <testcase classname="Phase 17: GuildAwareReminderService › Database Lifecycle" name="should handle multiple sequential operations" time="0.121">
    </testcase>
    <testcase classname="Phase 17: GuildAwareReminderService › Database Lifecycle" name="should maintain guild database isolation across calls" time="0.241">
    </testcase>
  </testsuite>
  <testsuite name="Phase 17: GuildAwareDatabaseService" errors="0" failures="0" skipped="0" timestamp="2026-01-16T12:50:53" time="1.541" tests="30">
    <testcase classname="Phase 17: GuildAwareDatabaseService › Module Initialization &amp; Exports" name="should be importable and return a service instance" time="0.002">
    </testcase>
    <testcase classname="Phase 17: GuildAwareDatabaseService › Module Initialization &amp; Exports" name="should be a GuildAwareDatabaseService instance" time="0.001">
    </testcase>
    <testcase classname="Phase 17: GuildAwareDatabaseService › Module Initialization &amp; Exports" name="should have quote management methods" time="0.002">
    </testcase>
    <testcase classname="Phase 17: GuildAwareDatabaseService › Module Initialization &amp; Exports" name="should have rating and tagging methods" time="0.001">
    </testcase>
    <testcase classname="Phase 17: GuildAwareDatabaseService › Module Initialization &amp; Exports" name="should have guild management methods" time="0.004">
    </testcase>
    <testcase classname="Phase 17: GuildAwareDatabaseService › Quote CRUD Operations (Guild-Scoped)" name="should add a quote to a guild database" time="0.128">
    </testcase>
    <testcase classname="Phase 17: GuildAwareDatabaseService › Quote CRUD Operations (Guild-Scoped)" name="should retrieve all quotes from a guild" time="0.032">
    </testcase>
    <testcase classname="Phase 17: GuildAwareDatabaseService › Quote CRUD Operations (Guild-Scoped)" name="should get a specific quote by ID" time="0.039">
    </testcase>
    <testcase classname="Phase 17: GuildAwareDatabaseService › Quote CRUD Operations (Guild-Scoped)" name="should update a quote in guild database" time="0.037">
    </testcase>
    <testcase classname="Phase 17: GuildAwareDatabaseService › Quote CRUD Operations (Guild-Scoped)" name="should delete a quote from guild database" time="0.038">
    </testcase>
    <testcase classname="Phase 17: GuildAwareDatabaseService › Quote CRUD Operations (Guild-Scoped)" name="should get quote count for a guild" time="0.036">
    </testcase>
    <testcase classname="Phase 17: GuildAwareDatabaseService › Quote Rating &amp; Tagging (Guild-Scoped)" name="should rate a quote in a guild" time="0.124">
    </testcase>
    <testcase classname="Phase 17: GuildAwareDatabaseService › Quote Rating &amp; Tagging (Guild-Scoped)" name="should get rating for a quote" time="0.033">
    </testcase>
    <testcase classname="Phase 17: GuildAwareDatabaseService › Quote Rating &amp; Tagging (Guild-Scoped)" name="should tag a quote in a guild" time="0.044">
    </testcase>
    <testcase classname="Phase 17: GuildAwareDatabaseService › Quote Rating &amp; Tagging (Guild-Scoped)" name="should retrieve quotes by tag in a guild" time="0.034">
    </testcase>
    <testcase classname="Phase 17: GuildAwareDatabaseService › Search &amp; Retrieval (Guild-Scoped)" name="should search quotes in a guild" time="0.121">
    </testcase>
    <testcase classname="Phase 17: GuildAwareDatabaseService › Search &amp; Retrieval (Guild-Scoped)" name="should handle search with no results" time="0.03">
    </testcase>
    <testcase classname="Phase 17: GuildAwareDatabaseService › Search &amp; Retrieval (Guild-Scoped)" name="should handle special characters in search" time="0.034">
    </testcase>
    <testcase classname="Phase 17: GuildAwareDatabaseService › Guild Isolation &amp; Multi-Guild Operations" name="should isolate quotes between guilds" time="0.063">
    </testcase>
    <testcase classname="Phase 17: GuildAwareDatabaseService › Guild Isolation &amp; Multi-Guild Operations" name="should handle parallel operations on different guilds" time="0.067">
    </testcase>
    <testcase classname="Phase 17: GuildAwareDatabaseService › Guild Isolation &amp; Multi-Guild Operations" name="should validate guild ID is required" time="0.001">
    </testcase>
    <testcase classname="Phase 17: GuildAwareDatabaseService › Data Export &amp; Statistics" name="should export guild data" time="0.123">
    </testcase>
    <testcase classname="Phase 17: GuildAwareDatabaseService › Data Export &amp; Statistics" name="should get guild statistics" time="0.124">
    </testcase>
    <testcase classname="Phase 17: GuildAwareDatabaseService › Data Export &amp; Statistics" name="should delete all guild data" time="0.003">
    </testcase>
    <testcase classname="Phase 17: GuildAwareDatabaseService › Error Handling &amp; Validation" name="should validate required parameters" time="0.001">
    </testcase>
    <testcase classname="Phase 17: GuildAwareDatabaseService › Error Handling &amp; Validation" name="should validate quote text is required" time="0.001">
    </testcase>
    <testcase classname="Phase 17: GuildAwareDatabaseService › Error Handling &amp; Validation" name="should handle invalid quote ID type" time="0.001">
    </testcase>
    <testcase classname="Phase 17: GuildAwareDatabaseService › Error Handling &amp; Validation" name="should validate rating value" time="0.001">
    </testcase>
    <testcase classname="Phase 17: GuildAwareDatabaseService › Integration Workflows" name="should support complete quote workflow" time="0.159">
    </testcase>
    <testcase classname="Phase 17: GuildAwareDatabaseService › Integration Workflows" name="should handle multi-guild isolated workflows" time="0.193">
    </testcase>
  </testsuite>
  <testsuite name="CacheManager" errors="0" failures="0" skipped="0" timestamp="2026-01-16T12:50:55" time="0.899" tests="71">
    <testcase classname="CacheManager › constructor()" name="should initialize with default options" time="0.002">
    </testcase>
    <testcase classname="CacheManager › constructor()" name="should initialize with custom options" time="0.001">
    </testcase>
    <testcase classname="CacheManager › constructor()" name="should initialize with empty cache" time="0.001">
    </testcase>
    <testcase classname="CacheManager › constructor()" name="should initialize statistics to zero" time="0.001">
    </testcase>
    <testcase classname="CacheManager › set() and get()" name="should store and retrieve value" time="0.001">
    </testcase>
    <testcase classname="CacheManager › set() and get()" name="should store and retrieve object value" time="0.001">
    </testcase>
    <testcase classname="CacheManager › set() and get()" name="should store and retrieve array value" time="0.001">
    </testcase>
    <testcase classname="CacheManager › set() and get()" name="should store and retrieve null value" time="0.002">
    </testcase>
    <testcase classname="CacheManager › set() and get()" name="should store and retrieve undefined value" time="0">
    </testcase>
    <testcase classname="CacheManager › set() and get()" name="should return undefined for non-existent key" time="0.001">
    </testcase>
    <testcase classname="CacheManager › set() and get()" name="should overwrite existing value" time="0.001">
    </testcase>
    <testcase classname="CacheManager › set() and get()" name="should track set operation in stats" time="0">
    </testcase>
    <testcase classname="CacheManager › set() and get()" name="should handle multiple sets to same key" time="0.001">
    </testcase>
    <testcase classname="CacheManager › TTL and Expiration" name="should expire entry after TTL" time="0.155">
    </testcase>
    <testcase classname="CacheManager › TTL and Expiration" name="should not expire entry before TTL" time="0.101">
    </testcase>
    <testcase classname="CacheManager › TTL and Expiration" name="should use custom TTL over default" time="0.001">
    </testcase>
    <testcase classname="CacheManager › TTL and Expiration" name="should use default TTL when not specified" time="0.001">
    </testcase>
    <testcase classname="CacheManager › TTL and Expiration" name="should track expired access as miss in stats" time="0.101">
    </testcase>
    <testcase classname="CacheManager › invalidate()" name="should remove entry from cache" time="0">
    </testcase>
    <testcase classname="CacheManager › invalidate()" name="should return true when key exists" time="0.001">
    </testcase>
    <testcase classname="CacheManager › invalidate()" name="should return false when key does not exist" time="0.001">
    </testcase>
    <testcase classname="CacheManager › invalidate()" name="should remove from access order tracking" time="0.001">
    </testcase>
    <testcase classname="CacheManager › invalidate()" name="should track invalidation in stats" time="0">
    </testcase>
    <testcase classname="CacheManager › invalidate()" name="should not count invalidation of non-existent key in stats" time="0.002">
    </testcase>
    <testcase classname="CacheManager › invalidatePattern()" name="should invalidate entries matching wildcard pattern" time="0.001">
    </testcase>
    <testcase classname="CacheManager › invalidatePattern()" name="should invalidate entries matching regex pattern" time="0.001">
    </testcase>
    <testcase classname="CacheManager › invalidatePattern()" name="should not invalidate non-matching entries" time="0.004">
    </testcase>
    <testcase classname="CacheManager › invalidatePattern()" name="should return correct count of invalidated entries" time="0.001">
    </testcase>
    <testcase classname="CacheManager › invalidatePattern()" name="should track pattern invalidations in stats" time="0.001">
    </testcase>
    <testcase classname="CacheManager › invalidatePattern()" name="should handle pattern with no matches" time="0.001">
    </testcase>
    <testcase classname="CacheManager › clear()" name="should remove all entries from cache" time="0.001">
    </testcase>
    <testcase classname="CacheManager › clear()" name="should clear access order tracking" time="0.001">
    </testcase>
    <testcase classname="CacheManager › clear()" name="should update invalidations stats" time="0">
    </testcase>
    <testcase classname="CacheManager › clear()" name="should handle clearing empty cache" time="0.001">
    </testcase>
    <testcase classname="CacheManager › LRU Eviction" name="should evict least recently used entry when cache is full" time="0.001">
    </testcase>
    <testcase classname="CacheManager › LRU Eviction" name="should not evict recently accessed entries" time="0.001">
    </testcase>
    <testcase classname="CacheManager › LRU Eviction" name="should track evictions in stats" time="0">
    </testcase>
    <testcase classname="CacheManager › LRU Eviction" name="should not evict when updating existing key" time="0.001">
    </testcase>
    <testcase classname="CacheManager › LRU Eviction" name="should handle multiple evictions correctly" time="0.001">
    </testcase>
    <testcase classname="CacheManager › has()" name="should return true for existing valid entry" time="0">
    </testcase>
    <testcase classname="CacheManager › has()" name="should return false for non-existent entry" time="0">
    </testcase>
    <testcase classname="CacheManager › has()" name="should return false for expired entry" time="0.102">
    </testcase>
    <testcase classname="CacheManager › has()" name="should remove expired entry when checking" time="0.102">
    </testcase>
    <testcase classname="CacheManager › cleanup()" name="should remove all expired entries" time="0.102">
    </testcase>
    <testcase classname="CacheManager › cleanup()" name="should return count of cleaned entries" time="0.101">
    </testcase>
    <testcase classname="CacheManager › cleanup()" name="should handle cleanup with no expired entries" time="0.001">
    </testcase>
    <testcase classname="CacheManager › getStats()" name="should return statistics object" time="0">
    </testcase>
    <testcase classname="CacheManager › getStats()" name="should calculate hit rate correctly" time="0">
    </testcase>
    <testcase classname="CacheManager › getStats()" name="should return 0 hit rate with no requests" time="0.001">
    </testcase>
    <testcase classname="CacheManager › getStats()" name="should return 100 hit rate with all hits" time="0.001">
    </testcase>
    <testcase classname="CacheManager › getStats()" name="should track current cache size" time="0.004">
    </testcase>
    <testcase classname="CacheManager › getStats()" name="should report maxSize" time="0.001">
    </testcase>
    <testcase classname="CacheManager › getStats()" name="should estimate memory usage" time="0.001">
    </testcase>
    <testcase classname="CacheManager › resetStats()" name="should reset all statistics to zero" time="0.001">
    </testcase>
    <testcase classname="CacheManager › resetStats()" name="should not clear cache entries" time="0.001">
    </testcase>
    <testcase classname="CacheManager › resetStats()" name="should allow statistics to be collected again after reset" time="0">
    </testcase>
    <testcase classname="CacheManager › Performance" name="should handle large number of set operations" time="0.001">
    </testcase>
    <testcase classname="CacheManager › Performance" name="should handle rapid get operations" time="0.001">
    </testcase>
    <testcase classname="CacheManager › Performance" name="should maintain accurate statistics under load" time="0.001">
    </testcase>
    <testcase classname="CacheManager › Edge Cases" name="should handle numeric keys" time="0">
    </testcase>
    <testcase classname="CacheManager › Edge Cases" name="should handle keys with special characters" time="0.001">
    </testcase>
    <testcase classname="CacheManager › Edge Cases" name="should handle very long keys" time="0.001">
    </testcase>
    <testcase classname="CacheManager › Edge Cases" name="should handle circular reference values gracefully" time="0">
    </testcase>
    <testcase classname="CacheManager › Edge Cases" name="should handle empty string values" time="0.001">
    </testcase>
    <testcase classname="CacheManager › Edge Cases" name="should handle boolean values" time="0.001">
    </testcase>
    <testcase classname="CacheManager › Edge Cases" name="should handle zero and negative numbers" time="0">
    </testcase>
    <testcase classname="CacheManager › Edge Cases" name="should handle very large TTL values" time="0.001">
    </testcase>
    <testcase classname="CacheManager › Edge Cases" name="should handle very small (but positive) TTL values" time="0.011">
    </testcase>
    <testcase classname="CacheManager › Integration Scenarios" name="should handle complete cache lifecycle" time="0">
    </testcase>
    <testcase classname="CacheManager › Integration Scenarios" name="should handle cache warming and pattern invalidation" time="0">
    </testcase>
    <testcase classname="CacheManager › Integration Scenarios" name="should handle stats-driven cache optimization" time="0.001">
    </testcase>
  </testsuite>
  <testsuite name="Cache Manager Service - Comprehensive Coverage" errors="0" failures="0" skipped="0" timestamp="2026-01-16T12:50:56" time="0.821" tests="61">
    <testcase classname="Cache Manager Service - Comprehensive Coverage › Cache Initialization" name="should create cache with default options" time="0.002">
    </testcase>
    <testcase classname="Cache Manager Service - Comprehensive Coverage › Cache Initialization" name="should set custom maxSize" time="0.001">
    </testcase>
    <testcase classname="Cache Manager Service - Comprehensive Coverage › Cache Initialization" name="should set custom defaultTTL" time="0.001">
    </testcase>
    <testcase classname="Cache Manager Service - Comprehensive Coverage › Cache Initialization" name="should initialize stats object" time="0.001">
    </testcase>
    <testcase classname="Cache Manager Service - Comprehensive Coverage › Cache Initialization" name="should have empty cache on initialization" time="0">
    </testcase>
    <testcase classname="Cache Manager Service - Comprehensive Coverage › Set and Get Operations" name="should set and retrieve a value" time="0">
    </testcase>
    <testcase classname="Cache Manager Service - Comprehensive Coverage › Set and Get Operations" name="should return undefined for non-existent key" time="0">
    </testcase>
    <testcase classname="Cache Manager Service - Comprehensive Coverage › Set and Get Operations" name="should increment stats on set" time="0.001">
    </testcase>
    <testcase classname="Cache Manager Service - Comprehensive Coverage › Set and Get Operations" name="should increment hit on successful get" time="0.001">
    </testcase>
    <testcase classname="Cache Manager Service - Comprehensive Coverage › Set and Get Operations" name="should increment miss on failed get" time="0">
    </testcase>
    <testcase classname="Cache Manager Service - Comprehensive Coverage › Set and Get Operations" name="should handle various data types" time="0.001">
    </testcase>
    <testcase classname="Cache Manager Service - Comprehensive Coverage › Set and Get Operations" name="should overwrite existing key" time="0.001">
    </testcase>
    <testcase classname="Cache Manager Service - Comprehensive Coverage › Set and Get Operations" name="should handle empty string key" time="0.001">
    </testcase>
    <testcase classname="Cache Manager Service - Comprehensive Coverage › Set and Get Operations" name="should handle undefined value" time="0">
    </testcase>
    <testcase classname="Cache Manager Service - Comprehensive Coverage › TTL and Expiration" name="should use default TTL when not specified" time="0.103">
    </testcase>
    <testcase classname="Cache Manager Service - Comprehensive Coverage › TTL and Expiration" name="should respect custom TTL on set" time="0.102">
    </testcase>
    <testcase classname="Cache Manager Service - Comprehensive Coverage › TTL and Expiration" name="should not expire before TTL" time="0.101">
    </testcase>
    <testcase classname="Cache Manager Service - Comprehensive Coverage › TTL and Expiration" name="should clean up expired entries on get" time="0.1">
    </testcase>
    <testcase classname="Cache Manager Service - Comprehensive Coverage › TTL and Expiration" name="should increment misses for expired entries" time="0.101">
    </testcase>
    <testcase classname="Cache Manager Service - Comprehensive Coverage › LRU Eviction and Size Limits" name="should evict least recently used when max size exceeded" time="0.001">
    </testcase>
    <testcase classname="Cache Manager Service - Comprehensive Coverage › LRU Eviction and Size Limits" name="should track access order correctly" time="0.001">
    </testcase>
    <testcase classname="Cache Manager Service - Comprehensive Coverage › LRU Eviction and Size Limits" name="should increment eviction stats" time="0.001">
    </testcase>
    <testcase classname="Cache Manager Service - Comprehensive Coverage › LRU Eviction and Size Limits" name="should handle reaching max size without eviction" time="0.001">
    </testcase>
    <testcase classname="Cache Manager Service - Comprehensive Coverage › Invalidate and Clear" name="should invalidate existing key and return true" time="0.001">
    </testcase>
    <testcase classname="Cache Manager Service - Comprehensive Coverage › Invalidate and Clear" name="should handle invalidating non-existent key and return false" time="0">
    </testcase>
    <testcase classname="Cache Manager Service - Comprehensive Coverage › Invalidate and Clear" name="should remove from accessOrder on invalidate" time="0.001">
    </testcase>
    <testcase classname="Cache Manager Service - Comprehensive Coverage › Invalidate and Clear" name="should increment invalidation stats" time="0.001">
    </testcase>
    <testcase classname="Cache Manager Service - Comprehensive Coverage › Invalidate and Clear" name="should invalidate by pattern - string pattern" time="0.001">
    </testcase>
    <testcase classname="Cache Manager Service - Comprehensive Coverage › Invalidate and Clear" name="should invalidate by pattern - regex pattern" time="0">
    </testcase>
    <testcase classname="Cache Manager Service - Comprehensive Coverage › Invalidate and Clear" name="should return zero when pattern matches nothing" time="0">
    </testcase>
    <testcase classname="Cache Manager Service - Comprehensive Coverage › Invalidate and Clear" name="should reset stats" time="0.001">
    </testcase>
    <testcase classname="Cache Manager Service - Comprehensive Coverage › Statistics and Metrics" name="should track hit rate correctly" time="0.001">
    </testcase>
    <testcase classname="Cache Manager Service - Comprehensive Coverage › Statistics and Metrics" name="should get stats object" time="0">
    </testcase>
    <testcase classname="Cache Manager Service - Comprehensive Coverage › Statistics and Metrics" name="should provide cache info via getStats" time="0">
    </testcase>
    <testcase classname="Cache Manager Service - Comprehensive Coverage › Statistics and Metrics" name="should calculate cache size from map" time="0.001">
    </testcase>
    <testcase classname="Cache Manager Service - Comprehensive Coverage › Statistics and Metrics" name="should check if key exists" time="0">
    </testcase>
    <testcase classname="Cache Manager Service - Comprehensive Coverage › Statistics and Metrics" name="should return false for expired keys in has()" time="0.101">
    </testcase>
    <testcase classname="Cache Manager Service - Comprehensive Coverage › Cleanup and Maintenance" name="should cleanup expired entries" time="0.101">
    </testcase>
    <testcase classname="Cache Manager Service - Comprehensive Coverage › Cleanup and Maintenance" name="should return zero when no entries need cleanup" time="0">
    </testcase>
    <testcase classname="Cache Manager Service - Comprehensive Coverage › Cleanup and Maintenance" name="should estimate memory usage" time="0">
    </testcase>
    <testcase classname="Cache Manager Service - Comprehensive Coverage › Edge Cases and Boundary Conditions" name="should handle very large values" time="0">
    </testcase>
    <testcase classname="Cache Manager Service - Comprehensive Coverage › Edge Cases and Boundary Conditions" name="should handle many entries" time="0.002">
    </testcase>
    <testcase classname="Cache Manager Service - Comprehensive Coverage › Edge Cases and Boundary Conditions" name="should handle rapid set/get cycles" time="0.001">
    </testcase>
    <testcase classname="Cache Manager Service - Comprehensive Coverage › Edge Cases and Boundary Conditions" name="should handle special characters in keys" time="0.001">
    </testcase>
    <testcase classname="Cache Manager Service - Comprehensive Coverage › Edge Cases and Boundary Conditions" name="should handle numeric keys (converted to string)" time="0.001">
    </testcase>
    <testcase classname="Cache Manager Service - Comprehensive Coverage › Edge Cases and Boundary Conditions" name="should handle boolean values" time="0">
    </testcase>
    <testcase classname="Cache Manager Service - Comprehensive Coverage › Edge Cases and Boundary Conditions" name="should handle zero as value" time="0.001">
    </testcase>
    <testcase classname="Cache Manager Service - Comprehensive Coverage › Edge Cases and Boundary Conditions" name="should handle empty object" time="0.001">
    </testcase>
    <testcase classname="Cache Manager Service - Comprehensive Coverage › Edge Cases and Boundary Conditions" name="should handle empty array" time="0.001">
    </testcase>
    <testcase classname="Cache Manager Service - Comprehensive Coverage › Concurrency and State" name="should maintain cache integrity through multiple operations" time="0.001">
    </testcase>
    <testcase classname="Cache Manager Service - Comprehensive Coverage › Concurrency and State" name="should not affect other cache instances" time="0">
    </testcase>
    <testcase classname="Cache Manager Service - Comprehensive Coverage › Concurrency and State" name="should maintain consistent stats" time="0">
    </testcase>
    <testcase classname="Cache Manager Service - Comprehensive Coverage › Clear and Reset Operations" name="should clear all entries" time="0.001">
    </testcase>
    <testcase classname="Cache Manager Service - Comprehensive Coverage › Clear and Reset Operations" name="should clear cache (separate from invalidate)" time="0.001">
    </testcase>
    <testcase classname="Cache Manager Service - Comprehensive Coverage › Module Interface" name="should export CacheManager class" time="0">
    </testcase>
    <testcase classname="Cache Manager Service - Comprehensive Coverage › Module Interface" name="should have all required public methods" time="0">
    </testcase>
    <testcase classname="Cache Manager Service - Comprehensive Coverage › Module Interface" name="should be instantiable with new" time="0.001">
    </testcase>
    <testcase classname="Cache Manager Service - Comprehensive Coverage › Real-World Usage Scenarios" name="should cache database query results" time="0">
    </testcase>
    <testcase classname="Cache Manager Service - Comprehensive Coverage › Real-World Usage Scenarios" name="should implement rate limiting cache" time="0">
    </testcase>
    <testcase classname="Cache Manager Service - Comprehensive Coverage › Real-World Usage Scenarios" name="should work as session cache" time="0.001">
    </testcase>
    <testcase classname="Cache Manager Service - Comprehensive Coverage › Real-World Usage Scenarios" name="should implement lazy loading pattern" time="0.001">
    </testcase>
  </testsuite>
  <testsuite name="GuildAwareReminderNotificationService" errors="0" failures="0" skipped="0" timestamp="2026-01-16T12:50:56" time="0.736" tests="82">
    <testcase classname="GuildAwareReminderNotificationService › getActiveGuildIds()" name="should return empty array when no guilds present" time="0.007">
    </testcase>
    <testcase classname="GuildAwareReminderNotificationService › getActiveGuildIds()" name="should return single guild ID" time="0.002">
    </testcase>
    <testcase classname="GuildAwareReminderNotificationService › getActiveGuildIds()" name="should return multiple guild IDs" time="0.002">
    </testcase>
    <testcase classname="GuildAwareReminderNotificationService › getActiveGuildIds()" name="should filter out unavailable guilds" time="0.002">
    </testcase>
    <testcase classname="GuildAwareReminderNotificationService › getActiveGuildIds()" name="should handle all unavailable guilds" time="0.002">
    </testcase>
    <testcase classname="GuildAwareReminderNotificationService › getActiveGuildIds()" name="should maintain guild IDs across multiple calls" time="0.004">
    </testcase>
    <testcase classname="GuildAwareReminderNotificationService › getActiveGuildIds()" name="should return correct guild count" time="0.002">
    </testcase>
    <testcase classname="GuildAwareReminderNotificationService › checkAndSendNotificationsForGuild()" name="should return 0 sent when no reminders exist" time="0.003">
    </testcase>
    <testcase classname="GuildAwareReminderNotificationService › checkAndSendNotificationsForGuild()" name="should return 0 sent when no reminders are due" time="0.004">
    </testcase>
    <testcase classname="GuildAwareReminderNotificationService › checkAndSendNotificationsForGuild()" name="should process single due reminder" time="0.004">
    </testcase>
    <testcase classname="GuildAwareReminderNotificationService › checkAndSendNotificationsForGuild()" name="should process multiple due reminders" time="0.005">
    </testcase>
    <testcase classname="GuildAwareReminderNotificationService › checkAndSendNotificationsForGuild()" name="should skip non-due reminders" time="0.004">
    </testcase>
    <testcase classname="GuildAwareReminderNotificationService › checkAndSendNotificationsForGuild()" name="should skip inactive reminders" time="0.008">
    </testcase>
    <testcase classname="GuildAwareReminderNotificationService › checkAndSendNotificationsForGuild()" name="should handle guild with only inactive reminders" time="0.004">
    </testcase>
    <testcase classname="GuildAwareReminderNotificationService › checkAndSendNotificationsForGuild()" name="should handle result summary structure" time="0.004">
    </testcase>
    <testcase classname="GuildAwareReminderNotificationService › checkAndSendNotificationsForGuild()" name="should return 0 errors on success" time="0.003">
    </testcase>
    <testcase classname="GuildAwareReminderNotificationService › checkAndSendNotificationsForGuild()" name="should handle processing different guilds independently" time="0.004">
    </testcase>
    <testcase classname="GuildAwareReminderNotificationService › checkAndSendNotificationsForGuild()" name="should not process non-existent guild" time="0.003">
    </testcase>
    <testcase classname="GuildAwareReminderNotificationService › checkAndSendNotificationsForGuild()" name="should process mixed due/not-due reminders correctly" time="0.005">
    </testcase>
    <testcase classname="GuildAwareReminderNotificationService › checkAndSendNotificationsForGuild()" name="should handle boundary: reminder exactly at current time" time="0.004">
    </testcase>
    <testcase classname="GuildAwareReminderNotificationService › checkAndSendNotificationsForGuild()" name="should handle boundary: reminder 100ms in future" time="0.005">
    </testcase>
    <testcase classname="GuildAwareReminderNotificationService › checkAndSendNotificationsForGuild()" name="should handle large batch of reminders" time="0.048">
    </testcase>
    <testcase classname="GuildAwareReminderNotificationService › sendReminderNotification()" name="should send DM notification successfully" time="0.004">
    </testcase>
    <testcase classname="GuildAwareReminderNotificationService › sendReminderNotification()" name="should return message ID on success" time="0.002">
    </testcase>
    <testcase classname="GuildAwareReminderNotificationService › sendReminderNotification()" name="should throw error when guild not found" time="0.002">
    </testcase>
    <testcase classname="GuildAwareReminderNotificationService › sendReminderNotification()" name="should throw error when user not found" time="0.002">
    </testcase>
    <testcase classname="GuildAwareReminderNotificationService › sendReminderNotification()" name="should include reminder subject in notification" time="0.002">
    </testcase>
    <testcase classname="GuildAwareReminderNotificationService › sendReminderNotification()" name="should handle special characters in subject" time="0.002">
    </testcase>
    <testcase classname="GuildAwareReminderNotificationService › sendReminderNotification()" name="should handle long subject text" time="0.002">
    </testcase>
    <testcase classname="GuildAwareReminderNotificationService › sendReminderNotification()" name="should handle empty subject" time="0.002">
    </testcase>
    <testcase classname="GuildAwareReminderNotificationService › sendReminderNotification()" name="should handle unicode characters in subject" time="0.002">
    </testcase>
    <testcase classname="GuildAwareReminderNotificationService › sendReminderNotification()" name="should return timestamp on success" time="0.002">
    </testcase>
    <testcase classname="GuildAwareReminderNotificationService › sendReminderNotification()" name="should handle multiple consecutive sends" time="0.002">
    </testcase>
    <testcase classname="GuildAwareReminderNotificationService › sendReminderNotification()" name="should handle different users in same guild" time="0.004">
    </testcase>
    <testcase classname="GuildAwareReminderNotificationService › sendReminderNotification()" name="should handle notification to user in multiple guilds" time="0.003">
    </testcase>
    <testcase classname="GuildAwareReminderNotificationService › sendReminderNotification()" name="should preserve reminder data integrity" time="0.002">
    </testcase>
    <testcase classname="GuildAwareReminderNotificationService › sendReminderNotification()" name="should handle rapid concurrent sends to different users" time="0.002">
    </testcase>
    <testcase classname="GuildAwareReminderNotificationService › sendReminderNotification()" name="should not modify database on send" time="0.004">
    </testcase>
    <testcase classname="GuildAwareReminderNotificationService › sendReminderNotification()" name="should handle sending same reminder multiple times" time="0.002">
    </testcase>
    <testcase classname="GuildAwareReminderNotificationService › sendReminderNotification()" name="should return consistent success on repeated sends" time="0.002">
    </testcase>
    <testcase classname="GuildAwareReminderNotificationService › recordNotificationAttempt()" name="should record successful notification attempt" time="0.002">
    </testcase>
    <testcase classname="GuildAwareReminderNotificationService › recordNotificationAttempt()" name="should record failed notification attempt" time="0.002">
    </testcase>
    <testcase classname="GuildAwareReminderNotificationService › recordNotificationAttempt()" name="should include recorded timestamp" time="0.002">
    </testcase>
    <testcase classname="GuildAwareReminderNotificationService › recordNotificationAttempt()" name="should record timestamp close to current time" time="0.002">
    </testcase>
    <testcase classname="GuildAwareReminderNotificationService › recordNotificationAttempt()" name="should handle record with null error" time="0.001">
    </testcase>
    <testcase classname="GuildAwareReminderNotificationService › recordNotificationAttempt()" name="should handle record with undefined error" time="0.004">
    </testcase>
    <testcase classname="GuildAwareReminderNotificationService › recordNotificationAttempt()" name="should handle long error messages" time="0.002">
    </testcase>
    <testcase classname="GuildAwareReminderNotificationService › recordNotificationAttempt()" name="should record multiple attempts for same reminder" time="0.002">
    </testcase>
    <testcase classname="GuildAwareReminderNotificationService › recordNotificationAttempt()" name="should isolate records between guilds" time="0.002">
    </testcase>
    <testcase classname="GuildAwareReminderNotificationService › recordNotificationAttempt()" name="should handle special characters in error message" time="0.001">
    </testcase>
    <testcase classname="GuildAwareReminderNotificationService › recordNotificationAttempt()" name="should handle unicode in error message" time="0.001">
    </testcase>
    <testcase classname="GuildAwareReminderNotificationService › recordNotificationAttempt()" name="should preserve reminder ID exactly" time="0.002">
    </testcase>
    <testcase classname="GuildAwareReminderNotificationService › recordNotificationAttempt()" name="should preserve guild ID exactly" time="0.001">
    </testcase>
    <testcase classname="GuildAwareReminderNotificationService › recordNotificationAttempt()" name="should handle rapid concurrent records for same reminder" time="0.001">
    </testcase>
    <testcase classname="GuildAwareReminderNotificationService › Multi-Guild Concurrency" name="should process two guilds concurrently" time="0.012">
    </testcase>
    <testcase classname="GuildAwareReminderNotificationService › Multi-Guild Concurrency" name="should process five guilds concurrently" time="0.018">
    </testcase>
    <testcase classname="GuildAwareReminderNotificationService › Multi-Guild Concurrency" name="should isolate data: concurrent processing does not leak data" time="0.012">
    </testcase>
    <testcase classname="GuildAwareReminderNotificationService › Multi-Guild Concurrency" name="should maintain data consistency across concurrent operations" time="0.009">
    </testcase>
    <testcase classname="GuildAwareReminderNotificationService › Multi-Guild Concurrency" name="should handle all guilds processed in checkAndSendAllGuildNotifications" time="0.017">
    </testcase>
    <testcase classname="GuildAwareReminderNotificationService › Multi-Guild Concurrency" name="should batch guilds in groups of 10" time="0.224">
    </testcase>
    <testcase classname="GuildAwareReminderNotificationService › Multi-Guild Concurrency" name="should handle guild processing errors without stopping others" time="0.017">
    </testcase>
    <testcase classname="GuildAwareReminderNotificationService › Multi-Guild Concurrency" name="should not create cross-guild data leaks during concurrent processing" time="0.013">
    </testcase>
    <testcase classname="GuildAwareReminderNotificationService › Multi-Guild Concurrency" name="should verify guild isolation: reminder records isolated by guild" time="0.008">
    </testcase>
    <testcase classname="GuildAwareReminderNotificationService › Multi-Guild Concurrency" name="should handle concurrent notifications to users across guilds" time="0.008">
    </testcase>
    <testcase classname="GuildAwareReminderNotificationService › Multi-Guild Concurrency" name="should not corrupt data under SQLite concurrent writes" time="0.015">
    </testcase>
    <testcase classname="GuildAwareReminderNotificationService › Multi-Guild Concurrency" name="should verify SQLite consistency: read after concurrent write" time="0.011">
    </testcase>
    <testcase classname="GuildAwareReminderNotificationService › Multi-Guild Concurrency" name="should handle rapid-fire concurrent guild processing" time="0.025">
    </testcase>
    <testcase classname="GuildAwareReminderNotificationService › Multi-Guild Concurrency" name="should not deadlock under high concurrent load" time="0.033">
    </testcase>
    <testcase classname="GuildAwareReminderNotificationService › Error Handling" name="should handle missing guild gracefully" time="0.003">
    </testcase>
    <testcase classname="GuildAwareReminderNotificationService › Error Handling" name="should handle missing user in notification" time="0.003">
    </testcase>
    <testcase classname="GuildAwareReminderNotificationService › Error Handling" name="should capture error message in failed record" time="0.002">
    </testcase>
    <testcase classname="GuildAwareReminderNotificationService › Error Handling" name="should continue processing after error in batch" time="0.005">
    </testcase>
    <testcase classname="GuildAwareReminderNotificationService › Error Handling" name="should not stop all processing on single guild error" time="0.003">
    </testcase>
    <testcase classname="GuildAwareReminderNotificationService › Error Handling" name="should handle database query errors" time="0.002">
    </testcase>
    <testcase classname="GuildAwareReminderNotificationService › Error Handling" name="should handle concurrent error scenarios" time="0.002">
    </testcase>
    <testcase classname="GuildAwareReminderNotificationService › Error Handling" name="should handle null reminder gracefully" time="0.002">
    </testcase>
    <testcase classname="GuildAwareReminderNotificationService › Error Handling" name="should handle undefined reminder gracefully" time="0.005">
    </testcase>
    <testcase classname="GuildAwareReminderNotificationService › Error Handling" name="should record errors with details" time="0.001">
    </testcase>
    <testcase classname="GuildAwareReminderNotificationService › Error Handling" name="should handle timeout scenarios" time="0.002">
    </testcase>
    <testcase classname="GuildAwareReminderNotificationService › Error Handling" name="should recover from transient errors" time="0.002">
    </testcase>
    <testcase classname="GuildAwareReminderNotificationService › Error Handling" name="should handle out-of-memory gracefully" time="0.002">
    </testcase>
    <testcase classname="GuildAwareReminderNotificationService › Error Handling" name="should isolate guild errors: error in guild-1 does not affect guild-2" time="0.004">
    </testcase>
  </testsuite>
  <testsuite name="Phase 23.0: GlobalUserCommunicationService" errors="0" failures="0" skipped="0" timestamp="2026-01-16T12:50:57" time="0.733" tests="42">
    <testcase classname="Phase 23.0: GlobalUserCommunicationService › Module Initialization &amp; Exports" name="should be importable and return a service instance" time="0.024">
    </testcase>
    <testcase classname="Phase 23.0: GlobalUserCommunicationService › Module Initialization &amp; Exports" name="should be a GlobalUserCommunicationService instance" time="0.009">
    </testcase>
    <testcase classname="Phase 23.0: GlobalUserCommunicationService › Module Initialization &amp; Exports" name="should have user status checker methods" time="0.007">
    </testcase>
    <testcase classname="Phase 23.0: GlobalUserCommunicationService › Module Initialization &amp; Exports" name="should have user preference setter methods" time="0.008">
    </testcase>
    <testcase classname="Phase 23.0: GlobalUserCommunicationService › Module Initialization &amp; Exports" name="should have bulk operation methods" time="0.007">
    </testcase>
    <testcase classname="Phase 23.0: GlobalUserCommunicationService › Module Initialization &amp; Exports" name="should have user listing methods" time="0.006">
    </testcase>
    <testcase classname="Phase 23.0: GlobalUserCommunicationService › Module Initialization &amp; Exports" name="should have cleanup methods" time="0.008">
    </testcase>
    <testcase classname="Phase 23.0: GlobalUserCommunicationService › User Opt-In Operations" name="should opt-in a user successfully" time="0.013">
    </testcase>
    <testcase classname="Phase 23.0: GlobalUserCommunicationService › User Opt-In Operations" name="should default to opted-out if not set" time="0.01">
    </testcase>
    <testcase classname="Phase 23.0: GlobalUserCommunicationService › User Opt-In Operations" name="should re-opt-in a user" time="0.013">
    </testcase>
    <testcase classname="Phase 23.0: GlobalUserCommunicationService › User Opt-In Operations" name="should handle user ID with special characters" time="0.014">
    </testcase>
    <testcase classname="Phase 23.0: GlobalUserCommunicationService › User Opt-In Operations" name="should store opt-in timestamp" time="0.016">
    </testcase>
    <testcase classname="Phase 23.0: GlobalUserCommunicationService › User Opt-In Operations" name="should reject empty user ID" time="0.008">
    </testcase>
    <testcase classname="Phase 23.0: GlobalUserCommunicationService › User Opt-In Operations" name="should reject null user ID" time="0.007">
    </testcase>
    <testcase classname="Phase 23.0: GlobalUserCommunicationService › User Opt-Out Operations" name="should opt-out a user successfully" time="0.013">
    </testcase>
    <testcase classname="Phase 23.0: GlobalUserCommunicationService › User Opt-Out Operations" name="should opt-out a previously opted-in user" time="0.019">
    </testcase>
    <testcase classname="Phase 23.0: GlobalUserCommunicationService › User Opt-Out Operations" name="should handle opt-out without prior opt-in" time="0.013">
    </testcase>
    <testcase classname="Phase 23.0: GlobalUserCommunicationService › User Opt-Out Operations" name="should store opt-out timestamp" time="0.012">
    </testcase>
    <testcase classname="Phase 23.0: GlobalUserCommunicationService › User Opt-Out Operations" name="should reject empty user ID on optOut" time="0.009">
    </testcase>
    <testcase classname="Phase 23.0: GlobalUserCommunicationService › Bulk Operations" name="should bulk opt-in multiple users" time="0.014">
    </testcase>
    <testcase classname="Phase 23.0: GlobalUserCommunicationService › Bulk Operations" name="should bulk opt-out multiple users" time="0.016">
    </testcase>
    <testcase classname="Phase 23.0: GlobalUserCommunicationService › Bulk Operations" name="should handle empty bulk array" time="0.007">
    </testcase>
    <testcase classname="Phase 23.0: GlobalUserCommunicationService › Bulk Operations" name="should handle large bulk operations" time="0.015">
    </testcase>
    <testcase classname="Phase 23.0: GlobalUserCommunicationService › Bulk Operations" name="should handle mixed opt states in bulk" time="0.021">
    </testcase>
    <testcase classname="Phase 23.0: GlobalUserCommunicationService › User Listing Operations" name="should return empty array when no users opted in" time="0.007">
    </testcase>
    <testcase classname="Phase 23.0: GlobalUserCommunicationService › User Listing Operations" name="should list all opted-in users" time="0.012">
    </testcase>
    <testcase classname="Phase 23.0: GlobalUserCommunicationService › User Listing Operations" name="should list all opted-out users" time="0.014">
    </testcase>
    <testcase classname="Phase 23.0: GlobalUserCommunicationService › User Listing Operations" name="should not include opt-out users in opted-in list" time="0.021">
    </testcase>
    <testcase classname="Phase 23.0: GlobalUserCommunicationService › User Listing Operations" name="should handle large user lists efficiently" time="0.016">
    </testcase>
    <testcase classname="Phase 23.0: GlobalUserCommunicationService › Status Retrieval with Metadata" name="should return status object with timestamp" time="0.014">
    </testcase>
    <testcase classname="Phase 23.0: GlobalUserCommunicationService › Status Retrieval with Metadata" name="should return opted_out status as 0" time="0.013">
    </testcase>
    <testcase classname="Phase 23.0: GlobalUserCommunicationService › Status Retrieval with Metadata" name="should return null for non-existent user" time="0.007">
    </testcase>
    <testcase classname="Phase 23.0: GlobalUserCommunicationService › Status Retrieval with Metadata" name="should track update timestamp changes" time="0.12">
    </testcase>
    <testcase classname="Phase 23.0: GlobalUserCommunicationService › Cleanup Operations" name="should delete all user communications" time="0.021">
    </testcase>
    <testcase classname="Phase 23.0: GlobalUserCommunicationService › Cleanup Operations" name="should cleanup inactive users (optional feature)" time="0.008">
    </testcase>
    <testcase classname="Phase 23.0: GlobalUserCommunicationService › Error Handling" name="should provide meaningful error messages" time="0.007">
    </testcase>
    <testcase classname="Phase 23.0: GlobalUserCommunicationService › Error Handling" name="should handle database errors gracefully" time="0.007">
    </testcase>
    <testcase classname="Phase 23.0: GlobalUserCommunicationService › Concurrent Operations" name="should handle concurrent opt-in and opt-out" time="0.024">
    </testcase>
    <testcase classname="Phase 23.0: GlobalUserCommunicationService › Concurrent Operations" name="should handle rapid status changes" time="0.03">
    </testcase>
    <testcase classname="Phase 23.0: GlobalUserCommunicationService › Concurrent Operations" name="should handle concurrent bulk operations" time="0.018">
    </testcase>
    <testcase classname="Phase 23.0: GlobalUserCommunicationService › Integration Workflows" name="should support complete user communication workflow" time="0.021">
    </testcase>
    <testcase classname="Phase 23.0: GlobalUserCommunicationService › Integration Workflows" name="should support bulk import workflow" time="0.015">
    </testcase>
  </testsuite>
  <testsuite name="GuildDatabaseManager migration on existing database access" errors="0" failures="0" skipped="0" timestamp="2026-01-16T12:50:58" time="0.604" tests="3">
    <testcase classname="GuildDatabaseManager migration on existing database access › migration on existing database access" name="should run migrations when accessing existing database with old schema" time="0.25">
    </testcase>
    <testcase classname="GuildDatabaseManager migration on existing database access › migration on existing database access" name="should handle migration gracefully if table does not exist" time="0.127">
    </testcase>
    <testcase classname="GuildDatabaseManager migration on existing database access › migration on existing database access" name="should not re-run migration on subsequent access" time="0.17">
    </testcase>
  </testsuite>
  <testsuite name="Phase 22.5b: Real Command Coverage Mapping" errors="0" failures="0" skipped="0" timestamp="2026-01-16T12:50:59" time="0.5" tests="25">
    <testcase classname="Phase 22.5b: Real Command Coverage Mapping › Reminder Management Commands" name="should execute create-reminder command" time="0.372">
    </testcase>
    <testcase classname="Phase 22.5b: Real Command Coverage Mapping › Reminder Management Commands" name="should execute list-reminders command" time="0.003">
    </testcase>
    <testcase classname="Phase 22.5b: Real Command Coverage Mapping › Reminder Management Commands" name="should execute search-reminders command" time="0.003">
    </testcase>
    <testcase classname="Phase 22.5b: Real Command Coverage Mapping › Reminder Management Commands" name="should execute delete-reminder command" time="0.004">
    </testcase>
    <testcase classname="Phase 22.5b: Real Command Coverage Mapping › Reminder Management Commands" name="should execute update-reminder command" time="0.004">
    </testcase>
    <testcase classname="Phase 22.5b: Real Command Coverage Mapping › Quote Management Commands" name="should execute add-quote command" time="0.005">
    </testcase>
    <testcase classname="Phase 22.5b: Real Command Coverage Mapping › Quote Management Commands" name="should execute delete-quote command" time="0.002">
    </testcase>
    <testcase classname="Phase 22.5b: Real Command Coverage Mapping › Quote Management Commands" name="should execute update-quote command" time="0.003">
    </testcase>
    <testcase classname="Phase 22.5b: Real Command Coverage Mapping › Quote Management Commands" name="should execute list-quotes command" time="0.002">
    </testcase>
    <testcase classname="Phase 22.5b: Real Command Coverage Mapping › Quote Discovery Commands" name="should execute random-quote command" time="0.002">
    </testcase>
    <testcase classname="Phase 22.5b: Real Command Coverage Mapping › Quote Discovery Commands" name="should execute search-quotes command" time="0.006">
    </testcase>
    <testcase classname="Phase 22.5b: Real Command Coverage Mapping › Quote Discovery Commands" name="should execute quote-stats command" time="0.002">
    </testcase>
    <testcase classname="Phase 22.5b: Real Command Coverage Mapping › Quote Social Commands" name="should execute rate-quote command" time="0.002">
    </testcase>
    <testcase classname="Phase 22.5b: Real Command Coverage Mapping › Quote Social Commands" name="should execute tag-quote command" time="0.002">
    </testcase>
    <testcase classname="Phase 22.5b: Real Command Coverage Mapping › Quote Export Commands" name="should execute export-quotes command" time="0.003">
    </testcase>
    <testcase classname="Phase 22.5b: Real Command Coverage Mapping › Admin &amp; Preference Commands" name="should execute opt-in command" time="0.003">
    </testcase>
    <testcase classname="Phase 22.5b: Real Command Coverage Mapping › Admin &amp; Preference Commands" name="should execute opt-out command" time="0.002">
    </testcase>
    <testcase classname="Phase 22.5b: Real Command Coverage Mapping › Admin &amp; Preference Commands" name="should execute broadcast command (admin)" time="0.001">
    </testcase>
    <testcase classname="Phase 22.5b: Real Command Coverage Mapping › Miscellaneous Commands" name="should execute ping command" time="0.002">
    </testcase>
    <testcase classname="Phase 22.5b: Real Command Coverage Mapping › Miscellaneous Commands" name="should execute help command" time="0.003">
    </testcase>
    <testcase classname="Phase 22.5b: Real Command Coverage Mapping › Batch Command Execution" name="should execute multiple commands and collect metrics" time="0.001">
    </testcase>
    <testcase classname="Phase 22.5b: Real Command Coverage Mapping › Coverage Infrastructure" name="should track which commands were executed" time="0.001">
    </testcase>
    <testcase classname="Phase 22.5b: Real Command Coverage Mapping › Coverage Infrastructure" name="should measure response helper usage" time="0.001">
    </testcase>
    <testcase classname="Phase 22.5b: Real Command Coverage Mapping › Coverage Infrastructure" name="should validate guild context preservation" time="0.001">
    </testcase>
    <testcase classname="Phase 22.5b: Real Command Coverage Mapping › Coverage Infrastructure" name="should validate service integration" time="0.001">
    </testcase>
  </testsuite>
  <testsuite name="Phase 17: DatabaseService" errors="0" failures="0" skipped="0" timestamp="2026-01-16T12:50:59" time="0.328" tests="43">
    <testcase classname="Phase 17: DatabaseService › Module Initialization &amp; Exports" name="should be importable and return a module object" time="0.002">
    </testcase>
    <testcase classname="Phase 17: DatabaseService › Module Initialization &amp; Exports" name="should export all required CRUD methods" time="0.001">
    </testcase>
    <testcase classname="Phase 17: DatabaseService › Module Initialization &amp; Exports" name="should export rating methods" time="0">
    </testcase>
    <testcase classname="Phase 17: DatabaseService › Module Initialization &amp; Exports" name="should export tag methods" time="0">
    </testcase>
    <testcase classname="Phase 17: DatabaseService › Module Initialization &amp; Exports" name="should export export methods" time="0">
    </testcase>
    <testcase classname="Phase 17: DatabaseService › Module Initialization &amp; Exports" name="should export proxy configuration methods" time="0.001">
    </testcase>
    <testcase classname="Phase 17: DatabaseService › Database Connection Management" name="should initialize database connection" time="0.001">
    </testcase>
    <testcase classname="Phase 17: DatabaseService › Database Connection Management" name="should get database connection" time="0.004">
    </testcase>
    <testcase classname="Phase 17: DatabaseService › Database Connection Management" name="should close database connection cleanly" time="0.001">
    </testcase>
    <testcase classname="Phase 17: DatabaseService › Database Connection Management" name="should handle setupSchema call" time="0.001">
    </testcase>
    <testcase classname="Phase 17: DatabaseService › Quote CRUD Operations" name="should add a new quote successfully (CREATE)" time="0.013">
    </testcase>
    <testcase classname="Phase 17: DatabaseService › Quote CRUD Operations" name="should retrieve all quotes (READ ALL)" time="0.005">
    </testcase>
    <testcase classname="Phase 17: DatabaseService › Quote CRUD Operations" name="should retrieve quote by ID" time="0.002">
    </testcase>
    <testcase classname="Phase 17: DatabaseService › Quote CRUD Operations" name="should search quotes by text" time="0.003">
    </testcase>
    <testcase classname="Phase 17: DatabaseService › Quote CRUD Operations" name="should update an existing quote" time="0.002">
    </testcase>
    <testcase classname="Phase 17: DatabaseService › Quote CRUD Operations" name="should delete a quote" time="0.001">
    </testcase>
    <testcase classname="Phase 17: DatabaseService › Quote CRUD Operations" name="should get quote count" time="0.002">
    </testcase>
    <testcase classname="Phase 17: DatabaseService › Quote Rating Operations" name="should rate a quote" time="0.004">
    </testcase>
    <testcase classname="Phase 17: DatabaseService › Quote Rating Operations" name="should get quote rating" time="0.001">
    </testcase>
[...]
    </testcase>
  </testsuite>
  <testsuite name="Phase 22.6b: Misc Command Parameter Validation" errors="0" failures="0" skipped="0" timestamp="2026-01-16T12:51:09" time="0.11" tests="33">
    <testcase classname="Phase 22.6b: Misc Command Parameter Validation › help command" name="should accept optional command-name parameter" time="0.002">
    </testcase>
    <testcase classname="Phase 22.6b: Misc Command Parameter Validation › help command" name="should accept optional category filter parameter" time="0.001">
    </testcase>
    <testcase classname="Phase 22.6b: Misc Command Parameter Validation › help command" name="should accept optional verbose parameter for detailed help" time="0.001">
    </testcase>
    <testcase classname="Phase 22.6b: Misc Command Parameter Validation › help command" name="should accept optional search-term parameter" time="0.001">
    </testcase>
    <testcase classname="Phase 22.6b: Misc Command Parameter Validation › help command" name="should accept optional format parameter" time="0.001">
    </testcase>
    <testcase classname="Phase 22.6b: Misc Command Parameter Validation › hi command" name="should accept optional name parameter for personalized greeting" time="0.001">
    </testcase>
    <testcase classname="Phase 22.6b: Misc Command Parameter Validation › hi command" name="should accept optional greeting-style parameter" time="0.003">
    </testcase>
    <testcase classname="Phase 22.6b: Misc Command Parameter Validation › hi command" name="should validate name parameter constraints" time="0.001">
    </testcase>
    <testcase classname="Phase 22.6b: Misc Command Parameter Validation › ping command" name="should accept optional detailed parameter for extended latency info" time="0.001">
    </testcase>
    <testcase classname="Phase 22.6b: Misc Command Parameter Validation › ping command" name="should accept optional include-stats parameter" time="0.001">
    </testcase>
    <testcase classname="Phase 22.6b: Misc Command Parameter Validation › ping command" name="should accept optional count parameter for multiple pings" time="0.001">
    </testcase>
    <testcase classname="Phase 22.6b: Misc Command Parameter Validation › poem command" name="should accept optional topic parameter for themed poem" time="0.001">
    </testcase>
    <testcase classname="Phase 22.6b: Misc Command Parameter Validation › poem command" name="should accept optional style parameter for poem type" time="0.001">
    </testcase>
    <testcase classname="Phase 22.6b: Misc Command Parameter Validation › poem command" name="should accept optional length parameter" time="0.001">
    </testcase>
    <testcase classname="Phase 22.6b: Misc Command Parameter Validation › poem command" name="should accept optional mood parameter" time="0.001">
    </testcase>
    <testcase classname="Phase 22.6b: Misc Command Parameter Validation › poem command" name="should validate topic parameter constraints" time="0.002">
    </testcase>
    <testcase classname="Phase 22.6b: Misc Command Parameter Validation › poem command" name="should accept optional model parameter for different AI models" time="0.004">
    </testcase>
    <testcase classname="Phase 22.6b: Misc Command Parameter Validation › misc commands cross-validation" name="should consistently handle optional verbosity flags" time="0.002">
    </testcase>
    <testcase classname="Phase 22.6b: Misc Command Parameter Validation › misc commands cross-validation" name="should handle enum parameter validation consistently" time="0.001">
    </testcase>
    <testcase classname="Phase 22.6b: Misc Command Parameter Validation › misc commands cross-validation" name="should enforce name/text parameter length constraints" time="0.002">
    </testcase>
    <testcase classname="Phase 22.6b: Misc Command Parameter Validation › misc command enum parameter validation" name="should reject invalid help categories" time="0.001">
    </testcase>
    <testcase classname="Phase 22.6b: Misc Command Parameter Validation › misc command enum parameter validation" name="should reject invalid poem styles" time="0.001">
    </testcase>
    <testcase classname="Phase 22.6b: Misc Command Parameter Validation › misc command enum parameter validation" name="should reject invalid ping count values" time="0.001">
    </testcase>
    <testcase classname="Phase 22.6b: Misc Command Parameter Validation › misc command enum parameter validation" name="should handle case sensitivity in enum values" time="0.001">
    </testcase>
    <testcase classname="Phase 22.6b: Misc Command Parameter Validation › misc command edge cases" name="should handle empty or missing optional parameters" time="0.001">
    </testcase>
    <testcase classname="Phase 22.6b: Misc Command Parameter Validation › misc command edge cases" name="should validate name parameter with special characters" time="0.001">
    </testcase>
    <testcase classname="Phase 22.6b: Misc Command Parameter Validation › misc command edge cases" name="should handle topic parameter with special characters" time="0.001">
    </testcase>
    <testcase classname="Phase 22.6b: Misc Command Parameter Validation › misc command edge cases" name="should validate search-term parameter constraints" time="0.001">
    </testcase>
    <testcase classname="Phase 22.6b: Misc Command Parameter Validation › misc command edge cases" name="should handle whitespace-only parameter rejection" time="0.003">
    </testcase>
    <testcase classname="Phase 22.6b: Misc Command Parameter Validation › misc command edge cases" name="should validate count parameter boundary conditions" time="0.001">
    </testcase>
    <testcase classname="Phase 22.6b: Misc Command Parameter Validation › misc command default parameter behavior" name="should use sensible defaults when optional parameters omitted" time="0.001">
    </testcase>
    <testcase classname="Phase 22.6b: Misc Command Parameter Validation › misc command default parameter behavior" name="should accept all-uppercase enum values case-insensitively if implemented" time="0.001">
    </testcase>
    <testcase classname="Phase 22.6b: Misc Command Parameter Validation › misc command default parameter behavior" name="should handle parameter combinations sensibly" time="0.001">
    </testcase>
  </testsuite>
  <testsuite name="Phase 22.6b: Admin Command Parameter Validation" errors="0" failures="0" skipped="0" timestamp="2026-01-16T12:51:09" time="0.101" tests="31">
    <testcase classname="Phase 22.6b: Admin Command Parameter Validation › broadcast command" name="should define message parameter as required string" time="0.002">
    </testcase>
    <testcase classname="Phase 22.6b: Admin Command Parameter Validation › broadcast command" name="should enforce message length constraints" time="0.003">
    </testcase>
    <testcase classname="Phase 22.6b: Admin Command Parameter Validation › broadcast command" name="should validate channel parameter as optional" time="0.001">
    </testcase>
    <testcase classname="Phase 22.6b: Admin Command Parameter Validation › embed-message command" name="should define content parameter as required string" time="0.001">
    </testcase>
    <testcase classname="Phase 22.6b: Admin Command Parameter Validation › embed-message command" name="should enforce title and content length constraints" time="0.001">
    </testcase>
    <testcase classname="Phase 22.6b: Admin Command Parameter Validation › embed-message command" name="should accept optional color parameter in valid formats" time="0.001">
    </testcase>
    <testcase classname="Phase 22.6b: Admin Command Parameter Validation › external-action-send command" name="should define action parameter as required enum" time="0.001">
    </testcase>
    <testcase classname="Phase 22.6b: Admin Command Parameter Validation › external-action-send command" name="should require payload for action parameter" time="0.001">
    </testcase>
    <testcase classname="Phase 22.6b: Admin Command Parameter Validation › external-action-send command" name="should validate optional timeout parameter" time="0.001">
    </testcase>
    <testcase classname="Phase 22.6b: Admin Command Parameter Validation › external-action-status command" name="should define action-id parameter as required string" time="0.001">
    </testcase>
    <testcase classname="Phase 22.6b: Admin Command Parameter Validation › external-action-status command" name="should accept optional verbose parameter" time="0.001">
    </testcase>
    <testcase classname="Phase 22.6b: Admin Command Parameter Validation › proxy-config command" name="should define proxy-url parameter as required string" time="0.001">
    </testcase>
    <testcase classname="Phase 22.6b: Admin Command Parameter Validation › proxy-config command" name="should validate authentication parameters" time="0.001">
    </testcase>
    <testcase classname="Phase 22.6b: Admin Command Parameter Validation › proxy-config command" name="should accept optional port parameter as positive integer" time="0.001">
    </testcase>
    <testcase classname="Phase 22.6b: Admin Command Parameter Validation › proxy-enable and proxy-disable commands" name="should define proxy-name parameter as required string" time="0.001">
    </testcase>
    <testcase classname="Phase 22.6b: Admin Command Parameter Validation › proxy-enable and proxy-disable commands" name="should accept optional force parameter as boolean" time="0.001">
    </testcase>
    <testcase classname="Phase 22.6b: Admin Command Parameter Validation › proxy-status command" name="should accept optional proxy-name parameter" time="0.002">
    </testcase>
    <testcase classname="Phase 22.6b: Admin Command Parameter Validation › proxy-status command" name="should accept optional verbose parameter for detailed status" time="0.001">
    </testcase>
    <testcase classname="Phase 22.6b: Admin Command Parameter Validation › say command" name="should define message parameter as required string" time="0.001">
    </testcase>
    <testcase classname="Phase 22.6b: Admin Command Parameter Validation › say command" name="should enforce message length constraint (Discord 2000 char limit)" time="0.001">
    </testcase>
    <testcase classname="Phase 22.6b: Admin Command Parameter Validation › say command" name="should accept optional channel parameter" time="0.001">
    </testcase>
    <testcase classname="Phase 22.6b: Admin Command Parameter Validation › whisper command" name="should define user parameter as required" time="0">
    </testcase>
    <testcase classname="Phase 22.6b: Admin Command Parameter Validation › whisper command" name="should require message parameter for DM content" time="0.002">
    </testcase>
    <testcase classname="Phase 22.6b: Admin Command Parameter Validation › whisper command" name="should enforce message length constraint" time="0.001">
    </testcase>
    <testcase classname="Phase 22.6b: Admin Command Parameter Validation › whisper command" name="should accept optional anonymous flag" time="0.001">
    </testcase>
    <testcase classname="Phase 22.6b: Admin Command Parameter Validation › admin commands cross-validation" name="should consistently enforce string parameter validation across commands" time="0">
    </testcase>
    <testcase classname="Phase 22.6b: Admin Command Parameter Validation › admin commands cross-validation" name="should handle URL parameter validation across proxy and embed commands" time="0.001">
    </testcase>
    <testcase classname="Phase 22.6b: Admin Command Parameter Validation › admin commands cross-validation" name="should enforce Discord entity parameter format consistently" time="0.001">
    </testcase>
    <testcase classname="Phase 22.6b: Admin Command Parameter Validation › admin command edge cases" name="should handle special characters in message parameters" time="0.001">
    </testcase>
    <testcase classname="Phase 22.6b: Admin Command Parameter Validation › admin command edge cases" name="should handle whitespace-only parameter rejection" time="0.001">
    </testcase>
    <testcase classname="Phase 22.6b: Admin Command Parameter Validation › admin command edge cases" name="should handle very long parameter values gracefully" time="0.001">
    </testcase>
  </testsuite>
  <testsuite name="Performance &amp; Optimization - Phase 22.2 Fixes" errors="0" failures="0" skipped="0" timestamp="2026-01-16T12:51:09" time="0.08" tests="13">
    <testcase classname="Performance &amp; Optimization - Phase 22.2 Fixes › Constant-Time Lookup (Deterministic)" name="should maintain constant operation count for ID lookups" time="0.002">
    </testcase>
    <testcase classname="Performance &amp; Optimization - Phase 22.2 Fixes › Constant-Time Lookup (Deterministic)" name="should provide O(1) lookup for quote by ID" time="0.001">
    </testcase>
    <testcase classname="Performance &amp; Optimization - Phase 22.2 Fixes › Search Efficiency (Deterministic)" name="should perform substring search efficiently" time="0.001">
    </testcase>
    <testcase classname="Performance &amp; Optimization - Phase 22.2 Fixes › Search Efficiency (Deterministic)" name="should scale search performance predictably" time="0.002">
    </testcase>
    <testcase classname="Performance &amp; Optimization - Phase 22.2 Fixes › Search Efficiency (Deterministic)" name="should handle large search results efficiently" time="0.002">
    </testcase>
    <testcase classname="Performance &amp; Optimization - Phase 22.2 Fixes › Memory Efficiency (Deterministic)" name="should track memory usage through operation lifecycle" time="0.001">
    </testcase>
    <testcase classname="Performance &amp; Optimization - Phase 22.2 Fixes › Memory Efficiency (Deterministic)" name="should maintain consistent memory with bulk deletes" time="0.004">
    </testcase>
    <testcase classname="Performance &amp; Optimization - Phase 22.2 Fixes › Memory Efficiency (Deterministic)" name="should handle rapid operations without bloat" time="0.001">
    </testcase>
    <testcase classname="Performance &amp; Optimization - Phase 22.2 Fixes › Scalability &amp; Growth Patterns (Deterministic)" name="should maintain linear performance with dataset growth" time="0.001">
    </testcase>
    <testcase classname="Performance &amp; Optimization - Phase 22.2 Fixes › Scalability &amp; Growth Patterns (Deterministic)" name="should handle maximum practical dataset efficiently" time="0.002">
    </testcase>
    <testcase classname="Performance &amp; Optimization - Phase 22.2 Fixes › Performance Baselines &amp; Benchmarks (Deterministic)" name="should establish baseline operation counts" time="0.001">
    </testcase>
    <testcase classname="Performance &amp; Optimization - Phase 22.2 Fixes › Performance Baselines &amp; Benchmarks (Deterministic)" name="should track operation count growth predictably" time="0.001">
    </testcase>
    <testcase classname="Performance &amp; Optimization - Phase 22.2 Fixes › Performance Baselines &amp; Benchmarks (Deterministic)" name="should identify operation count regressions" time="0.001">
    </testcase>
  </testsuite>
  <testsuite name="Phase 22.6b: User Preference Command Parameter Validation" errors="0" failures="0" skipped="0" timestamp="2026-01-16T12:51:09" time="0.089" tests="23">
    <testcase classname="Phase 22.6b: User Preference Command Parameter Validation › opt-in command" name="should define preference-type parameter as required enum" time="0.002">
    </testcase>
    <testcase classname="Phase 22.6b: User Preference Command Parameter Validation › opt-in command" name="should accept optional reason parameter" time="0.001">
    </testcase>
    <testcase classname="Phase 22.6b: User Preference Command Parameter Validation › opt-in command" name="should accept optional notification-method parameter" time="0.001">
    </testcase>
    <testcase classname="Phase 22.6b: User Preference Command Parameter Validation › opt-out command" name="should define opt-out-type parameter as required enum" time="0.002">
    </testcase>
    <testcase classname="Phase 22.6b: User Preference Command Parameter Validation › opt-out command" name="should accept optional duration for temporary opt-out" time="0.002">
    </testcase>
    <testcase classname="Phase 22.6b: User Preference Command Parameter Validation › opt-out command" name="should accept optional reason for opt-out decision" time="0.001">
    </testcase>
    <testcase classname="Phase 22.6b: User Preference Command Parameter Validation › opt-in-request command" name="should define target-user parameter as required" time="0.003">
    </testcase>
    <testcase classname="Phase 22.6b: User Preference Command Parameter Validation › opt-in-request command" name="should accept optional message to send with request" time="0">
    </testcase>
    <testcase classname="Phase 22.6b: User Preference Command Parameter Validation › opt-in-request command" name="should accept optional preference-type parameter" time="0.001">
    </testcase>
    <testcase classname="Phase 22.6b: User Preference Command Parameter Validation › opt-in-request command" name="should accept optional expiration parameter" time="0.001">
    </testcase>
    <testcase classname="Phase 22.6b: User Preference Command Parameter Validation › comm-status command" name="should accept optional user parameter to check other users status" time="0.001">
    </testcase>
    <testcase classname="Phase 22.6b: User Preference Command Parameter Validation › comm-status command" name="should accept optional verbose parameter for detailed status" time="0.001">
    </testcase>
    <testcase classname="Phase 22.6b: User Preference Command Parameter Validation › user preference commands cross-validation" name="should consistently handle preference-type enum across commands" time="0.001">
    </testcase>
    <testcase classname="Phase 22.6b: User Preference Command Parameter Validation › user preference commands cross-validation" name="should validate duration strings consistently across opt-out" time="0.001">
    </testcase>
    <testcase classname="Phase 22.6b: User Preference Command Parameter Validation › user preference commands cross-validation" name="should enforce message length limits across opt-in-request" time="0.001">
    </testcase>
    <testcase classname="Phase 22.6b: User Preference Command Parameter Validation › user preference enum parameter validation" name="should reject invalid preference types" time="0.001">
    </testcase>
    <testcase classname="Phase 22.6b: User Preference Command Parameter Validation › user preference enum parameter validation" name="should handle case sensitivity in enum values" time="0.004">
    </testcase>
    <testcase classname="Phase 22.6b: User Preference Command Parameter Validation › user preference enum parameter validation" name="should validate notification method enum values" time="0.001">
    </testcase>
    <testcase classname="Phase 22.6b: User Preference Command Parameter Validation › user preference edge cases" name="should handle empty or missing optional parameters" time="0.001">
    </testcase>
    <testcase classname="Phase 22.6b: User Preference Command Parameter Validation › user preference edge cases" name="should validate reason text with special characters" time="0.001">
    </testcase>
    <testcase classname="Phase 22.6b: User Preference Command Parameter Validation › user preference edge cases" name="should handle whitespace-only parameter rejection in required fields" time="0">
    </testcase>
    <testcase classname="Phase 22.6b: User Preference Command Parameter Validation › user preference edge cases" name="should validate very long preference reason texts" time="0">
    </testcase>
    <testcase classname="Phase 22.6b: User Preference Command Parameter Validation › user preference edge cases" name="should handle Discord mention format in user parameters" time="0.001">
    </testcase>
  </testsuite>
</testsuites>