<?xml version="1.0" encoding="UTF-8"?>
<testsuites name="VeraBot2.0 Test Suite" tests="86" failures="1" errors="0" time="0.635">
  <testsuite name="Phase 23.0 (EXPANDED): GlobalProxyConfigService - Consolidated Proxy Management" errors="0" failures="1" skipped="85" timestamp="2026-01-14T08:51:18" time="0.562" tests="86">
    <testcase classname="Phase 23.0 (EXPANDED): GlobalProxyConfigService - Consolidated Proxy Management › Module Initialization" name="should export GlobalProxyConfigService as singleton" time="0">
      <skipped/>
    </testcase>
    <testcase classname="Phase 23.0 (EXPANDED): GlobalProxyConfigService - Consolidated Proxy Management › Module Initialization" name="should have all required methods" time="0">
      <skipped/>
    </testcase>
    <testcase classname="Phase 23.0 (EXPANDED): GlobalProxyConfigService - Consolidated Proxy Management › HTTP Proxy URL Operations" name="should set HTTP proxy URL" time="0">
      <skipped/>
    </testcase>
    <testcase classname="Phase 23.0 (EXPANDED): GlobalProxyConfigService - Consolidated Proxy Management › HTTP Proxy URL Operations" name="should get null when HTTP proxy URL not set" time="0">
      <skipped/>
    </testcase>
    <testcase classname="Phase 23.0 (EXPANDED): GlobalProxyConfigService - Consolidated Proxy Management › HTTP Proxy URL Operations" name="should update HTTP proxy URL" time="0">
      <skipped/>
    </testcase>
    <testcase classname="Phase 23.0 (EXPANDED): GlobalProxyConfigService - Consolidated Proxy Management › HTTP Proxy URL Operations" name="should handle empty HTTP proxy URL" time="0">
      <skipped/>
    </testcase>
    <testcase classname="Phase 23.0 (EXPANDED): GlobalProxyConfigService - Consolidated Proxy Management › HTTP Proxy URL Operations" name="should persist HTTP proxy URL across service restarts" time="0">
      <skipped/>
    </testcase>
    <testcase classname="Phase 23.0 (EXPANDED): GlobalProxyConfigService - Consolidated Proxy Management › HTTP Proxy URL Operations" name="should validate HTTP proxy URL format in validation" time="0">
      <skipped/>
    </testcase>
    <testcase classname="Phase 23.0 (EXPANDED): GlobalProxyConfigService - Consolidated Proxy Management › HTTP Proxy Username Operations" name="should set HTTP proxy username" time="0">
      <skipped/>
    </testcase>
    <testcase classname="Phase 23.0 (EXPANDED): GlobalProxyConfigService - Consolidated Proxy Management › HTTP Proxy Username Operations" name="should get null when HTTP proxy username not set" time="0">
      <skipped/>
    </testcase>
    <testcase classname="Phase 23.0 (EXPANDED): GlobalProxyConfigService - Consolidated Proxy Management › HTTP Proxy Username Operations" name="should update HTTP proxy username" time="0">
      <skipped/>
    </testcase>
    <testcase classname="Phase 23.0 (EXPANDED): GlobalProxyConfigService - Consolidated Proxy Management › HTTP Proxy Username Operations" name="should encrypt HTTP proxy username in database" time="0">
      <skipped/>
    </testcase>
    <testcase classname="Phase 23.0 (EXPANDED): GlobalProxyConfigService - Consolidated Proxy Management › HTTP Proxy Username Operations" name="should persist HTTP proxy username across service restarts" time="0">
      <skipped/>
    </testcase>
    <testcase classname="Phase 23.0 (EXPANDED): GlobalProxyConfigService - Consolidated Proxy Management › HTTP Proxy Password (Encrypted)" name="should set HTTP proxy password" time="0">
      <skipped/>
    </testcase>
    <testcase classname="Phase 23.0 (EXPANDED): GlobalProxyConfigService - Consolidated Proxy Management › HTTP Proxy Password (Encrypted)" name="should get null when HTTP proxy password not set" time="0">
      <skipped/>
    </testcase>
    <testcase classname="Phase 23.0 (EXPANDED): GlobalProxyConfigService - Consolidated Proxy Management › HTTP Proxy Password (Encrypted)" name="should update HTTP proxy password" time="0">
      <skipped/>
    </testcase>
    <testcase classname="Phase 23.0 (EXPANDED): GlobalProxyConfigService - Consolidated Proxy Management › HTTP Proxy Password (Encrypted)" name="should encrypt HTTP proxy password in database" time="0">
      <skipped/>
    </testcase>
    <testcase classname="Phase 23.0 (EXPANDED): GlobalProxyConfigService - Consolidated Proxy Management › HTTP Proxy Password (Encrypted)" name="should use different IV for each password encryption (not deterministic)" time="0">
      <skipped/>
    </testcase>
    <testcase classname="Phase 23.0 (EXPANDED): GlobalProxyConfigService - Consolidated Proxy Management › HTTP Proxy Password (Encrypted)" name="should decrypt HTTP proxy password correctly" time="0">
      <skipped/>
    </testcase>
    <testcase classname="Phase 23.0 (EXPANDED): GlobalProxyConfigService - Consolidated Proxy Management › HTTP Proxy Password (Encrypted)" name="should handle special characters in HTTP proxy password" time="0">
      <skipped/>
    </testcase>
    <testcase classname="Phase 23.0 (EXPANDED): GlobalProxyConfigService - Consolidated Proxy Management › HTTP Proxy Password (Encrypted)" name="should handle long HTTP proxy password (100+ chars)" time="0">
      <skipped/>
    </testcase>
    <testcase classname="Phase 23.0 (EXPANDED): GlobalProxyConfigService - Consolidated Proxy Management › HTTP Proxy Password (Encrypted)" name="should persist HTTP proxy password across service restarts" time="0">
      <skipped/>
    </testcase>
    <testcase classname="Phase 23.0 (EXPANDED): GlobalProxyConfigService - Consolidated Proxy Management › HTTP Proxy Password (Encrypted)" name="should handle empty HTTP proxy password" time="0">
      <skipped/>
    </testcase>
    <testcase classname="Phase 23.0 (EXPANDED): GlobalProxyConfigService - Consolidated Proxy Management › HTTP Proxy Password (Encrypted)" name="should handle HTTP proxy password with newlines" time="0">
      <skipped/>
    </testcase>
    <testcase classname="Phase 23.0 (EXPANDED): GlobalProxyConfigService - Consolidated Proxy Management › HTTP Proxy Enable/Disable" name="should enable HTTP proxy" time="0">
      <skipped/>
    </testcase>
    <testcase classname="Phase 23.0 (EXPANDED): GlobalProxyConfigService - Consolidated Proxy Management › HTTP Proxy Enable/Disable" name="should disable HTTP proxy" time="0">
      <skipped/>
    </testcase>
    <testcase classname="Phase 23.0 (EXPANDED): GlobalProxyConfigService - Consolidated Proxy Management › HTTP Proxy Enable/Disable" name="should default to disabled when not set" time="0">
      <skipped/>
    </testcase>
    <testcase classname="Phase 23.0 (EXPANDED): GlobalProxyConfigService - Consolidated Proxy Management › HTTP Proxy Enable/Disable" name="should toggle HTTP proxy state correctly" time="0">
      <skipped/>
    </testcase>
    <testcase classname="Phase 23.0 (EXPANDED): GlobalProxyConfigService - Consolidated Proxy Management › Webhook URL Operations" name="should set webhook URL" time="0">
      <skipped/>
    </testcase>
    <testcase classname="Phase 23.0 (EXPANDED): GlobalProxyConfigService - Consolidated Proxy Management › Webhook URL Operations" name="should get null when webhook URL not set" time="0">
      <skipped/>
    </testcase>
    <testcase classname="Phase 23.0 (EXPANDED): GlobalProxyConfigService - Consolidated Proxy Management › Webhook URL Operations" name="should update webhook URL" time="0">
      <skipped/>
    </testcase>
    <testcase classname="Phase 23.0 (EXPANDED): GlobalProxyConfigService - Consolidated Proxy Management › Webhook URL Operations" name="should persist webhook URL across service restarts" time="0">
      <skipped/>
    </testcase>
    <testcase classname="Phase 23.0 (EXPANDED): GlobalProxyConfigService - Consolidated Proxy Management › Webhook URL Operations" name="should handle webhook URL with query parameters" time="0">
      <skipped/>
    </testcase>
    <testcase classname="Phase 23.0 (EXPANDED): GlobalProxyConfigService - Consolidated Proxy Management › Webhook URL Operations" name="should validate webhook URL format in validation" time="0">
      <skipped/>
    </testcase>
    <testcase classname="Phase 23.0 (EXPANDED): GlobalProxyConfigService - Consolidated Proxy Management › Webhook Token (Encrypted)" name="should set webhook token" time="0">
      <skipped/>
    </testcase>
    <testcase classname="Phase 23.0 (EXPANDED): GlobalProxyConfigService - Consolidated Proxy Management › Webhook Token (Encrypted)" name="should get null when webhook token not set" time="0">
      <skipped/>
    </testcase>
    <testcase classname="Phase 23.0 (EXPANDED): GlobalProxyConfigService - Consolidated Proxy Management › Webhook Token (Encrypted)" name="should encrypt webhook token in database" time="0">
      <skipped/>
    </testcase>
    <testcase classname="Phase 23.0 (EXPANDED): GlobalProxyConfigService - Consolidated Proxy Management › Webhook Token (Encrypted)" name="should decrypt webhook token correctly" time="0">
      <skipped/>
    </testcase>
    <testcase classname="Phase 23.0 (EXPANDED): GlobalProxyConfigService - Consolidated Proxy Management › Webhook Token (Encrypted)" name="should persist webhook token across restarts" time="0">
      <skipped/>
    </testcase>
    <testcase classname="Phase 23.0 (EXPANDED): GlobalProxyConfigService - Consolidated Proxy Management › Webhook Token (Encrypted)" name="should update webhook token" time="0">
      <skipped/>
    </testcase>
    <testcase classname="Phase 23.0 (EXPANDED): GlobalProxyConfigService - Consolidated Proxy Management › Webhook Secret (Encrypted)" name="should set webhook secret" time="0">
      <skipped/>
    </testcase>
    <testcase classname="Phase 23.0 (EXPANDED): GlobalProxyConfigService - Consolidated Proxy Management › Webhook Secret (Encrypted)" name="should get null when webhook secret not set" time="0">
      <skipped/>
    </testcase>
    <testcase classname="Phase 23.0 (EXPANDED): GlobalProxyConfigService - Consolidated Proxy Management › Webhook Secret (Encrypted)" name="should encrypt webhook secret in database" time="0">
      <skipped/>
    </testcase>
    <testcase classname="Phase 23.0 (EXPANDED): GlobalProxyConfigService - Consolidated Proxy Management › Webhook Secret (Encrypted)" name="should decrypt webhook secret correctly" time="0">
      <skipped/>
    </testcase>
    <testcase classname="Phase 23.0 (EXPANDED): GlobalProxyConfigService - Consolidated Proxy Management › Webhook Secret (Encrypted)" name="should persist webhook secret across restarts" time="0">
      <skipped/>
    </testcase>
    <testcase classname="Phase 23.0 (EXPANDED): GlobalProxyConfigService - Consolidated Proxy Management › Webhook Secret (Encrypted)" name="should update webhook secret" time="0">
      <skipped/>
    </testcase>
    <testcase classname="Phase 23.0 (EXPANDED): GlobalProxyConfigService - Consolidated Proxy Management › Webhook Monitored Channels" name="should set monitored channels array" time="0">
      <skipped/>
    </testcase>
    <testcase classname="Phase 23.0 (EXPANDED): GlobalProxyConfigService - Consolidated Proxy Management › Webhook Monitored Channels" name="should get empty array when no channels monitored" time="0">
      <skipped/>
    </testcase>
    <testcase classname="Phase 23.0 (EXPANDED): GlobalProxyConfigService - Consolidated Proxy Management › Webhook Monitored Channels" name="should update monitored channels" time="0">
      <skipped/>
    </testcase>
    <testcase classname="Phase 23.0 (EXPANDED): GlobalProxyConfigService - Consolidated Proxy Management › Webhook Monitored Channels" name="should add single monitored channel" time="0">
      <skipped/>
    </testcase>
    <testcase classname="Phase 23.0 (EXPANDED): GlobalProxyConfigService - Consolidated Proxy Management › Webhook Monitored Channels" name="should remove single monitored channel" time="0">
      <skipped/>
    </testcase>
    <testcase classname="Phase 23.0 (EXPANDED): GlobalProxyConfigService - Consolidated Proxy Management › Webhook Monitored Channels" name="should handle non-existent channel removal gracefully" time="0">
      <skipped/>
    </testcase>
    <testcase classname="Phase 23.0 (EXPANDED): GlobalProxyConfigService - Consolidated Proxy Management › Webhook Monitored Channels" name="should persist monitored channels across restarts" time="0">
      <skipped/>
    </testcase>
    <testcase classname="Phase 23.0 (EXPANDED): GlobalProxyConfigService - Consolidated Proxy Management › Webhook Monitored Channels" name="should store monitored channels as JSON in database" time="0">
      <skipped/>
    </testcase>
    <testcase classname="Phase 23.0 (EXPANDED): GlobalProxyConfigService - Consolidated Proxy Management › Webhook Enable/Disable" name="should enable webhook" time="0">
      <skipped/>
    </testcase>
    <testcase classname="Phase 23.0 (EXPANDED): GlobalProxyConfigService - Consolidated Proxy Management › Webhook Enable/Disable" name="should disable webhook" time="0">
      <skipped/>
    </testcase>
    <testcase classname="Phase 23.0 (EXPANDED): GlobalProxyConfigService - Consolidated Proxy Management › Webhook Enable/Disable" name="should default to disabled when not set" time="0">
      <skipped/>
    </testcase>
    <testcase classname="Phase 23.0 (EXPANDED): GlobalProxyConfigService - Consolidated Proxy Management › Webhook Enable/Disable" name="should toggle webhook state correctly" time="0">
      <skipped/>
    </testcase>
    <testcase classname="Phase 23.0 (EXPANDED): GlobalProxyConfigService - Consolidated Proxy Management › Unified Configuration Retrieval" name="should get all config without sensitive data" time="0">
      <skipped/>
    </testcase>
    <testcase classname="Phase 23.0 (EXPANDED): GlobalProxyConfigService - Consolidated Proxy Management › Unified Configuration Retrieval" name="should get full config with sensitive data when requested" time="0">
      <skipped/>
    </testcase>
    <testcase classname="Phase 23.0 (EXPANDED): GlobalProxyConfigService - Consolidated Proxy Management › Unified Configuration Retrieval" name="should include lastUpdated timestamp in config" time="0">
      <skipped/>
    </testcase>
    <testcase classname="Phase 23.0 (EXPANDED): GlobalProxyConfigService - Consolidated Proxy Management › Unified Configuration Retrieval" name="should return empty config when nothing is set" time="0">
      <skipped/>
    </testcase>
    <testcase classname="Phase 23.0 (EXPANDED): GlobalProxyConfigService - Consolidated Proxy Management › Unified Configuration Retrieval" name="should indicate presence of sensitive fields without exposing them" time="0">
      <skipped/>
    </testcase>
    <testcase classname="Phase 23.0 (EXPANDED): GlobalProxyConfigService - Consolidated Proxy Management › Unified Configuration Retrieval" name="should handle partial configuration retrieval" time="0">
      <skipped/>
    </testcase>
    <testcase classname="Phase 23.0 (EXPANDED): GlobalProxyConfigService - Consolidated Proxy Management › Cleanup Operations" name="should delete all configuration" time="0">
      <skipped/>
    </testcase>
    <testcase classname="Phase 23.0 (EXPANDED): GlobalProxyConfigService - Consolidated Proxy Management › Cleanup Operations" name="should delete only HTTP proxy configuration" time="0">
      <skipped/>
    </testcase>
    <testcase classname="Phase 23.0 (EXPANDED): GlobalProxyConfigService - Consolidated Proxy Management › Cleanup Operations" name="should delete only webhook configuration" time="0">
      <skipped/>
    </testcase>
    <testcase classname="Phase 23.0 (EXPANDED): GlobalProxyConfigService - Consolidated Proxy Management › Cleanup Operations" name="should handle deleting non-existent configuration" time="0">
      <skipped/>
    </testcase>
    <testcase classname="Phase 23.0 (EXPANDED): GlobalProxyConfigService - Consolidated Proxy Management › Cleanup Operations" name="should allow reconfiguration after delete" time="0">
      <skipped/>
    </testcase>
    <testcase classname="Phase 23.0 (EXPANDED): GlobalProxyConfigService - Consolidated Proxy Management › Cleanup Operations" name="should verify all data is deleted" time="0">
      <skipped/>
    </testcase>
    <testcase classname="Phase 23.0 (EXPANDED): GlobalProxyConfigService - Consolidated Proxy Management › Validation Methods" name="should validate complete HTTP proxy configuration" time="0">
      <skipped/>
    </testcase>
    <testcase classname="Phase 23.0 (EXPANDED): GlobalProxyConfigService - Consolidated Proxy Management › Validation Methods" name="should validate incomplete HTTP proxy configuration" time="0">
      <skipped/>
    </testcase>
    <testcase classname="Phase 23.0 (EXPANDED): GlobalProxyConfigService - Consolidated Proxy Management › Validation Methods" name="should reject invalid HTTP proxy URL format" time="0">
      <skipped/>
    </testcase>
    <testcase classname="Phase 23.0 (EXPANDED): GlobalProxyConfigService - Consolidated Proxy Management › Validation Methods" name="should validate complete webhook configuration" time="0">
      <skipped/>
    </testcase>
    <testcase classname="Phase 23.0 (EXPANDED): GlobalProxyConfigService - Consolidated Proxy Management › Validation Methods" name="should validate incomplete webhook configuration" time="0">
      <skipped/>
    </testcase>
    <testcase classname="Phase 23.0 (EXPANDED): GlobalProxyConfigService - Consolidated Proxy Management › Validation Methods" name="should reject invalid webhook URL format" time="0">
      <skipped/>
    </testcase>
    <testcase classname="Phase 23.0 (EXPANDED): GlobalProxyConfigService - Consolidated Proxy Management › Concurrent Operations" name="should handle concurrent HTTP proxy reads" time="0">
      <skipped/>
    </testcase>
    <testcase classname="Phase 23.0 (EXPANDED): GlobalProxyConfigService - Consolidated Proxy Management › Concurrent Operations" name="should handle concurrent webhook reads" time="0">
      <skipped/>
    </testcase>
    <testcase classname="Phase 23.0 (EXPANDED): GlobalProxyConfigService - Consolidated Proxy Management › Concurrent Operations" name="should handle concurrent configuration updates without corruption" time="0.311">
      <failure>assert(received)

Expected value to be equal to:
  true
Received:
  false
    at Object.assert (/home/olav/repo/verabot2.0/tests/unit/services/test-global-proxy-config-service-expanded.test.js:901:7)</failure>
    </testcase>
    <testcase classname="Phase 23.0 (EXPANDED): GlobalProxyConfigService - Consolidated Proxy Management › Concurrent Operations" name="should handle concurrent read/write operations" time="0">
      <skipped/>
    </testcase>
    <testcase classname="Phase 23.0 (EXPANDED): GlobalProxyConfigService - Consolidated Proxy Management › Error Handling &amp; Edge Cases" name="should handle null values gracefully" time="0">
      <skipped/>
    </testcase>
    <testcase classname="Phase 23.0 (EXPANDED): GlobalProxyConfigService - Consolidated Proxy Management › Error Handling &amp; Edge Cases" name="should handle undefined values gracefully" time="0">
      <skipped/>
    </testcase>
    <testcase classname="Phase 23.0 (EXPANDED): GlobalProxyConfigService - Consolidated Proxy Management › Error Handling &amp; Edge Cases" name="should handle very long configuration values" time="0">
      <skipped/>
    </testcase>
    <testcase classname="Phase 23.0 (EXPANDED): GlobalProxyConfigService - Consolidated Proxy Management › Error Handling &amp; Edge Cases" name="should handle unicode characters in configuration" time="0">
      <skipped/>
    </testcase>
    <testcase classname="Phase 23.0 (EXPANDED): GlobalProxyConfigService - Consolidated Proxy Management › Error Handling &amp; Edge Cases" name="should handle rapid set/get operations" time="0">
      <skipped/>
    </testcase>
    <testcase classname="Phase 23.0 (EXPANDED): GlobalProxyConfigService - Consolidated Proxy Management › Error Handling &amp; Edge Cases" name="should handle whitespace in configuration values" time="0">
      <skipped/>
    </testcase>
  </testsuite>
</testsuites>