<?xml version="1.0" encoding="UTF-8"?>
<testsuites name="VeraBot2.0 Test Suite" tests="16" failures="0" errors="0" time="4.135">
  <testsuite name="Link Validator - Auto-Fix Feature" errors="0" failures="0" skipped="0" timestamp="2026-01-19T15:08:12" time="0.188" tests="16">
    <testcase classname="Link Validator - Auto-Fix Feature › findCaseInsensitiveMatch()" name="should find file with case mismatch" time="0.005">
    </testcase>
    <testcase classname="Link Validator - Auto-Fix Feature › findCaseInsensitiveMatch()" name="should find file in nested directories with case mismatch" time="0.007">
    </testcase>
    <testcase classname="Link Validator - Auto-Fix Feature › findCaseInsensitiveMatch()" name="should return null when no case-insensitive match exists" time="0.002">
    </testcase>
    <testcase classname="Link Validator - Auto-Fix Feature › findCaseInsensitiveMatch()" name="should handle files with multiple case variations" time="0.003">
    </testcase>
    <testcase classname="Link Validator - Auto-Fix Feature › replaceLinkInFile()" name="should replace broken link with correct one" time="0.003">
    </testcase>
    <testcase classname="Link Validator - Auto-Fix Feature › replaceLinkInFile()" name="should replace all occurrences of broken link" time="0.002">
    </testcase>
    <testcase classname="Link Validator - Auto-Fix Feature › replaceLinkInFile()" name="should preserve anchor portions of links" time="0.002">
    </testcase>
    <testcase classname="Link Validator - Auto-Fix Feature › replaceLinkInFile()" name="should not modify non-link text" time="0.002">
    </testcase>
    <testcase classname="Link Validator - Auto-Fix Feature › autoFixLinks()" name="should fix all broken links in a file with case mismatches" time="0.021">
    </testcase>
    <testcase classname="Link Validator - Auto-Fix Feature › autoFixLinks()" name="should fix multiple broken links in one file" time="0.004">
    </testcase>
    <testcase classname="Link Validator - Auto-Fix Feature › autoFixLinks()" name="should not fail on valid links" time="0.002">
    </testcase>
    <testcase classname="Link Validator - Auto-Fix Feature › autoFixLinks()" name="should skip external links" time="0.002">
    </testcase>
    <testcase classname="Link Validator - Auto-Fix Feature › autoFixLinks()" name="should skip anchor-only links" time="0.002">
    </testcase>
    <testcase classname="Link Validator - Auto-Fix Feature › autoFixLinks()" name="should preserve relative path structure" time="0.003">
    </testcase>
    <testcase classname="Link Validator - Auto-Fix Feature › validateAndFixDocumentation()" name="should return summary with fix count" time="0.002">
    </testcase>
    <testcase classname="Link Validator - Auto-Fix Feature › validateAndFixDocumentation()" name="should only fix when --fix flag is enabled" time="0.003">
    </testcase>
  </testsuite>
</testsuites>